
*** Running vivado
    with args -log io_demo.vds -m64 -product Vivado -mode batch -messageDb vivado.pb -notrace -source io_demo.tcl


****** Vivado v2018.3 (64-bit)
  **** SW Build 2405991 on Thu Dec  6 23:38:27 MST 2018
  **** IP Build 2404404 on Fri Dec  7 01:43:56 MST 2018
    ** Copyright 1986-2018 Xilinx, Inc. All Rights Reserved.

source io_demo.tcl -notrace
Command: synth_design -top io_demo -part xc7a100tcsg324-1
Starting synth_design
Attempting to get a license for feature 'Synthesis' and/or device 'xc7a100t'
INFO: [Common 17-349] Got license for feature 'Synthesis' and/or device 'xc7a100t'
INFO: Launching helper process for spawning children vivado processes
INFO: Helper process launched with PID 15936 
---------------------------------------------------------------------------------
Starting RTL Elaboration : Time (s): cpu = 00:00:03 ; elapsed = 00:00:04 . Memory (MB): peak = 342.469 ; gain = 95.270
---------------------------------------------------------------------------------
INFO: [Synth 8-6157] synthesizing module 'io_demo' [C:/Users/lkeilly/Desktop/UNC stuff/Spring2020/COMP541/Labs/projects/Lab5/Lab5.srcs/sources_1/new/io_demo.sv:23]
INFO: [Synth 8-6157] synthesizing module 'keyboard' [C:/Users/lkeilly/Desktop/UNC stuff/Spring2020/COMP541/Labs/projects/Lab5/Lab5.srcs/sources_1/new/keyboard.sv:19]
INFO: [Synth 8-6155] done synthesizing module 'keyboard' (1#1) [C:/Users/lkeilly/Desktop/UNC stuff/Spring2020/COMP541/Labs/projects/Lab5/Lab5.srcs/sources_1/new/keyboard.sv:19]
INFO: [Synth 8-6157] synthesizing module 'display8digit' [C:/Users/lkeilly/Desktop/UNC stuff/Spring2020/COMP541/Labs/projects/Lab5/Lab5.srcs/sources_1/new/display8digit.sv:9]
INFO: [Synth 8-6157] synthesizing module 'hexto7seg' [C:/Users/lkeilly/Desktop/UNC stuff/Spring2020/COMP541/Labs/projects/Lab5/Lab5.srcs/sources_1/imports/new/hexto7seg.sv:9]
INFO: [Synth 8-6155] done synthesizing module 'hexto7seg' (2#1) [C:/Users/lkeilly/Desktop/UNC stuff/Spring2020/COMP541/Labs/projects/Lab5/Lab5.srcs/sources_1/imports/new/hexto7seg.sv:9]
INFO: [Synth 8-6155] done synthesizing module 'display8digit' (3#1) [C:/Users/lkeilly/Desktop/UNC stuff/Spring2020/COMP541/Labs/projects/Lab5/Lab5.srcs/sources_1/new/display8digit.sv:9]
INFO: [Synth 8-6157] synthesizing module 'montek_sound_Nexys4' [C:/Users/lkeilly/Desktop/UNC stuff/Spring2020/COMP541/Labs/projects/Lab5/Lab5.srcs/sources_1/new/montek_sound_Nexys4.sv:21]
INFO: [Synth 8-6155] done synthesizing module 'montek_sound_Nexys4' (4#1) [C:/Users/lkeilly/Desktop/UNC stuff/Spring2020/COMP541/Labs/projects/Lab5/Lab5.srcs/sources_1/new/montek_sound_Nexys4.sv:21]
INFO: [Synth 8-6157] synthesizing module 'accelerometer' [C:/Users/lkeilly/Desktop/UNC stuff/Spring2020/COMP541/Labs/projects/Lab5/Lab5.srcs/sources_1/imports/sources/accelerometer.sv:13]
INFO: [Synth 8-638] synthesizing module 'AccelerometerCtl' [C:/Users/lkeilly/Desktop/UNC stuff/Spring2020/COMP541/Labs/projects/Lab5/Lab5.srcs/sources_1/imports/sources/AccelerometerCtl.vhd:69]
	Parameter SYSCLK_FREQUENCY_HZ bound to: 100000000 - type: integer 
	Parameter SCLK_FREQUENCY_HZ bound to: 1000000 - type: integer 
	Parameter NUM_READS_AVG bound to: 16 - type: integer 
	Parameter UPDATE_FREQUENCY_HZ bound to: 100 - type: integer 
	Parameter SYSCLK_FREQUENCY_HZ bound to: 100000000 - type: integer 
	Parameter SCLK_FREQUENCY_HZ bound to: 1000000 - type: integer 
	Parameter NUM_READS_AVG bound to: 16 - type: integer 
	Parameter UPDATE_FREQUENCY_HZ bound to: 100 - type: integer 
INFO: [Synth 8-3491] module 'ADXL362Ctrl' declared at 'C:/Users/lkeilly/Desktop/UNC stuff/Spring2020/COMP541/Labs/projects/Lab5/Lab5.srcs/sources_1/imports/sources/ADXL362Ctrl.vhd:89' bound to instance 'ADXL_Control' of component 'ADXL362Ctrl' [C:/Users/lkeilly/Desktop/UNC stuff/Spring2020/COMP541/Labs/projects/Lab5/Lab5.srcs/sources_1/imports/sources/AccelerometerCtl.vhd:161]
INFO: [Synth 8-638] synthesizing module 'ADXL362Ctrl' [C:/Users/lkeilly/Desktop/UNC stuff/Spring2020/COMP541/Labs/projects/Lab5/Lab5.srcs/sources_1/imports/sources/ADXL362Ctrl.vhd:117]
	Parameter SYSCLK_FREQUENCY_HZ bound to: 100000000 - type: integer 
	Parameter SCLK_FREQUENCY_HZ bound to: 1000000 - type: integer 
	Parameter NUM_READS_AVG bound to: 16 - type: integer 
	Parameter UPDATE_FREQUENCY_HZ bound to: 100 - type: integer 
INFO: [Synth 8-5534] Detected attribute (* fsm_encoding = "USER" *) [C:/Users/lkeilly/Desktop/UNC stuff/Spring2020/COMP541/Labs/projects/Lab5/Lab5.srcs/sources_1/imports/sources/ADXL362Ctrl.vhd:283]
INFO: [Synth 8-5534] Detected attribute (* fsm_encoding = "USER" *) [C:/Users/lkeilly/Desktop/UNC stuff/Spring2020/COMP541/Labs/projects/Lab5/Lab5.srcs/sources_1/imports/sources/ADXL362Ctrl.vhd:312]
INFO: [Synth 8-5534] Detected attribute (* fsm_encoding = "USER" *) [C:/Users/lkeilly/Desktop/UNC stuff/Spring2020/COMP541/Labs/projects/Lab5/Lab5.srcs/sources_1/imports/sources/ADXL362Ctrl.vhd:365]
	Parameter SYSCLK_FREQUENCY_HZ bound to: 100000000 - type: integer 
	Parameter SCLK_FREQUENCY_HZ bound to: 1000000 - type: integer 
INFO: [Synth 8-3491] module 'SPI_If' declared at 'C:/Users/lkeilly/Desktop/UNC stuff/Spring2020/COMP541/Labs/projects/Lab5/Lab5.srcs/sources_1/imports/sources/SPI_If.vhd:42' bound to instance 'SPI_Interface' of component 'SPI_If' [C:/Users/lkeilly/Desktop/UNC stuff/Spring2020/COMP541/Labs/projects/Lab5/Lab5.srcs/sources_1/imports/sources/ADXL362Ctrl.vhd:373]
INFO: [Synth 8-638] synthesizing module 'SPI_If' [C:/Users/lkeilly/Desktop/UNC stuff/Spring2020/COMP541/Labs/projects/Lab5/Lab5.srcs/sources_1/imports/sources/SPI_If.vhd:66]
	Parameter SYSCLK_FREQUENCY_HZ bound to: 100000000 - type: integer 
	Parameter SCLK_FREQUENCY_HZ bound to: 1000000 - type: integer 
INFO: [Synth 8-5534] Detected attribute (* fsm_encoding = "USER" *) [C:/Users/lkeilly/Desktop/UNC stuff/Spring2020/COMP541/Labs/projects/Lab5/Lab5.srcs/sources_1/imports/sources/SPI_If.vhd:113]
INFO: [Synth 8-256] done synthesizing module 'SPI_If' (5#1) [C:/Users/lkeilly/Desktop/UNC stuff/Spring2020/COMP541/Labs/projects/Lab5/Lab5.srcs/sources_1/imports/sources/SPI_If.vhd:66]
INFO: [Synth 8-256] done synthesizing module 'ADXL362Ctrl' (6#1) [C:/Users/lkeilly/Desktop/UNC stuff/Spring2020/COMP541/Labs/projects/Lab5/Lab5.srcs/sources_1/imports/sources/ADXL362Ctrl.vhd:117]
	Parameter SYSCLK_FREQUENCY_HZ bound to: 100000000 - type: integer 
	Parameter ACC_X_Y_MAX bound to: 10'b0111111111 
	Parameter ACC_X_Y_MIN bound to: 10'b0000000000 
INFO: [Synth 8-3491] module 'AccelArithmetics' declared at 'C:/Users/lkeilly/Desktop/UNC stuff/Spring2020/COMP541/Labs/projects/Lab5/Lab5.srcs/sources_1/imports/sources/AccelArithmetics.vhd:49' bound to instance 'Accel_Calculation' of component 'AccelArithmetics' [C:/Users/lkeilly/Desktop/UNC stuff/Spring2020/COMP541/Labs/projects/Lab5/Lab5.srcs/sources_1/imports/sources/AccelerometerCtl.vhd:188]
INFO: [Synth 8-638] synthesizing module 'AccelArithmetics' [C:/Users/lkeilly/Desktop/UNC stuff/Spring2020/COMP541/Labs/projects/Lab5/Lab5.srcs/sources_1/imports/sources/AccelArithmetics.vhd:73]
	Parameter SYSCLK_FREQUENCY_HZ bound to: 100000000 - type: integer 
	Parameter ACC_X_Y_MAX bound to: 10'b0111111111 
	Parameter ACC_X_Y_MIN bound to: 10'b0000000000 
WARNING: [Synth 8-6014] Unused sequential element Data_Ready_0_reg was removed.  [C:/Users/lkeilly/Desktop/UNC stuff/Spring2020/COMP541/Labs/projects/Lab5/Lab5.srcs/sources_1/imports/sources/AccelArithmetics.vhd:177]
WARNING: [Synth 8-6014] Unused sequential element Data_Ready_1_reg was removed.  [C:/Users/lkeilly/Desktop/UNC stuff/Spring2020/COMP541/Labs/projects/Lab5/Lab5.srcs/sources_1/imports/sources/AccelArithmetics.vhd:178]
INFO: [Synth 8-256] done synthesizing module 'AccelArithmetics' (7#1) [C:/Users/lkeilly/Desktop/UNC stuff/Spring2020/COMP541/Labs/projects/Lab5/Lab5.srcs/sources_1/imports/sources/AccelArithmetics.vhd:73]
INFO: [Synth 8-256] done synthesizing module 'AccelerometerCtl' (8#1) [C:/Users/lkeilly/Desktop/UNC stuff/Spring2020/COMP541/Labs/projects/Lab5/Lab5.srcs/sources_1/imports/sources/AccelerometerCtl.vhd:69]
INFO: [Synth 8-6155] done synthesizing module 'accelerometer' (9#1) [C:/Users/lkeilly/Desktop/UNC stuff/Spring2020/COMP541/Labs/projects/Lab5/Lab5.srcs/sources_1/imports/sources/accelerometer.sv:13]
INFO: [Synth 8-6155] done synthesizing module 'io_demo' (10#1) [C:/Users/lkeilly/Desktop/UNC stuff/Spring2020/COMP541/Labs/projects/Lab5/Lab5.srcs/sources_1/new/io_demo.sv:23]
WARNING: [Synth 8-3917] design io_demo has port audEn driven by constant 1
WARNING: [Synth 8-3331] design AccelArithmetics has unconnected port ACCEL_Z_IN[11]
WARNING: [Synth 8-3331] design AccelArithmetics has unconnected port ACCEL_Z_IN[10]
WARNING: [Synth 8-3331] design AccelArithmetics has unconnected port ACCEL_Z_IN[9]
WARNING: [Synth 8-3331] design AccelArithmetics has unconnected port ACCEL_Z_IN[8]
WARNING: [Synth 8-3331] design AccelArithmetics has unconnected port ACCEL_Z_IN[7]
WARNING: [Synth 8-3331] design AccelArithmetics has unconnected port ACCEL_Z_IN[6]
WARNING: [Synth 8-3331] design AccelArithmetics has unconnected port ACCEL_Z_IN[5]
WARNING: [Synth 8-3331] design AccelArithmetics has unconnected port ACCEL_Z_IN[4]
WARNING: [Synth 8-3331] design AccelArithmetics has unconnected port ACCEL_Z_IN[3]
WARNING: [Synth 8-3331] design AccelArithmetics has unconnected port ACCEL_Z_IN[2]
WARNING: [Synth 8-3331] design AccelArithmetics has unconnected port ACCEL_Z_IN[1]
WARNING: [Synth 8-3331] design AccelArithmetics has unconnected port ACCEL_Z_IN[0]
---------------------------------------------------------------------------------
Finished RTL Elaboration : Time (s): cpu = 00:00:04 ; elapsed = 00:00:05 . Memory (MB): peak = 399.133 ; gain = 151.934
---------------------------------------------------------------------------------

Report Check Netlist: 
+------+------------------+-------+---------+-------+------------------+
|      |Item              |Errors |Warnings |Status |Description       |
+------+------------------+-------+---------+-------+------------------+
|1     |multi_driven_nets |      0|        0|Passed |Multi driven nets |
+------+------------------+-------+---------+-------+------------------+
---------------------------------------------------------------------------------
Start Handling Custom Attributes
---------------------------------------------------------------------------------
---------------------------------------------------------------------------------
Finished Handling Custom Attributes : Time (s): cpu = 00:00:05 ; elapsed = 00:00:06 . Memory (MB): peak = 399.133 ; gain = 151.934
---------------------------------------------------------------------------------
---------------------------------------------------------------------------------
Finished RTL Optimization Phase 1 : Time (s): cpu = 00:00:05 ; elapsed = 00:00:06 . Memory (MB): peak = 399.133 ; gain = 151.934
---------------------------------------------------------------------------------
INFO: [Device 21-403] Loading part xc7a100tcsg324-1
INFO: [Project 1-570] Preparing netlist for logic optimization

Processing XDC Constraints
Initializing timing engine
Parsing XDC File [C:/Users/lkeilly/Desktop/UNC stuff/Spring2020/COMP541/Labs/projects/Lab5/Lab5.srcs/constrs_1/new/segdisplay.xdc]
Finished Parsing XDC File [C:/Users/lkeilly/Desktop/UNC stuff/Spring2020/COMP541/Labs/projects/Lab5/Lab5.srcs/constrs_1/new/segdisplay.xdc]
INFO: [Project 1-236] Implementation specific constraints were found while reading constraint file [C:/Users/lkeilly/Desktop/UNC stuff/Spring2020/COMP541/Labs/projects/Lab5/Lab5.srcs/constrs_1/new/segdisplay.xdc]. These constraints will be ignored for synthesis but will be used in implementation. Impacted constraints are listed in the file [.Xil/io_demo_propImpl.xdc].
Resolution: To avoid this warning, move constraints listed in [.Xil/io_demo_propImpl.xdc] to another XDC file and exclude this new file from synthesis with the used_in_synthesis property (File Properties dialog in GUI) and re-run elaboration/synthesis.
Parsing XDC File [C:/Users/lkeilly/Desktop/UNC stuff/Spring2020/COMP541/Labs/projects/Lab5/Lab5.srcs/constrs_1/new/clock.xdc]
Finished Parsing XDC File [C:/Users/lkeilly/Desktop/UNC stuff/Spring2020/COMP541/Labs/projects/Lab5/Lab5.srcs/constrs_1/new/clock.xdc]
INFO: [Project 1-236] Implementation specific constraints were found while reading constraint file [C:/Users/lkeilly/Desktop/UNC stuff/Spring2020/COMP541/Labs/projects/Lab5/Lab5.srcs/constrs_1/new/clock.xdc]. These constraints will be ignored for synthesis but will be used in implementation. Impacted constraints are listed in the file [.Xil/io_demo_propImpl.xdc].
Resolution: To avoid this warning, move constraints listed in [.Xil/io_demo_propImpl.xdc] to another XDC file and exclude this new file from synthesis with the used_in_synthesis property (File Properties dialog in GUI) and re-run elaboration/synthesis.
Parsing XDC File [C:/Users/lkeilly/Desktop/UNC stuff/Spring2020/COMP541/Labs/projects/Lab5/Lab5.srcs/constrs_1/new/Nexis4.xdc]
Finished Parsing XDC File [C:/Users/lkeilly/Desktop/UNC stuff/Spring2020/COMP541/Labs/projects/Lab5/Lab5.srcs/constrs_1/new/Nexis4.xdc]
INFO: [Project 1-236] Implementation specific constraints were found while reading constraint file [C:/Users/lkeilly/Desktop/UNC stuff/Spring2020/COMP541/Labs/projects/Lab5/Lab5.srcs/constrs_1/new/Nexis4.xdc]. These constraints will be ignored for synthesis but will be used in implementation. Impacted constraints are listed in the file [.Xil/io_demo_propImpl.xdc].
Resolution: To avoid this warning, move constraints listed in [.Xil/io_demo_propImpl.xdc] to another XDC file and exclude this new file from synthesis with the used_in_synthesis property (File Properties dialog in GUI) and re-run elaboration/synthesis.
Parsing XDC File [C:/Users/lkeilly/Desktop/UNC stuff/Spring2020/COMP541/Labs/projects/Lab5/Lab5.srcs/constrs_1/new/sound.xdc]
Finished Parsing XDC File [C:/Users/lkeilly/Desktop/UNC stuff/Spring2020/COMP541/Labs/projects/Lab5/Lab5.srcs/constrs_1/new/sound.xdc]
INFO: [Project 1-236] Implementation specific constraints were found while reading constraint file [C:/Users/lkeilly/Desktop/UNC stuff/Spring2020/COMP541/Labs/projects/Lab5/Lab5.srcs/constrs_1/new/sound.xdc]. These constraints will be ignored for synthesis but will be used in implementation. Impacted constraints are listed in the file [.Xil/io_demo_propImpl.xdc].
Resolution: To avoid this warning, move constraints listed in [.Xil/io_demo_propImpl.xdc] to another XDC file and exclude this new file from synthesis with the used_in_synthesis property (File Properties dialog in GUI) and re-run elaboration/synthesis.
Parsing XDC File [C:/Users/lkeilly/Desktop/UNC stuff/Spring2020/COMP541/Labs/projects/Lab5/Lab5.srcs/constrs_1/new/accelerometer.xdc]
Finished Parsing XDC File [C:/Users/lkeilly/Desktop/UNC stuff/Spring2020/COMP541/Labs/projects/Lab5/Lab5.srcs/constrs_1/new/accelerometer.xdc]
INFO: [Project 1-236] Implementation specific constraints were found while reading constraint file [C:/Users/lkeilly/Desktop/UNC stuff/Spring2020/COMP541/Labs/projects/Lab5/Lab5.srcs/constrs_1/new/accelerometer.xdc]. These constraints will be ignored for synthesis but will be used in implementation. Impacted constraints are listed in the file [.Xil/io_demo_propImpl.xdc].
Resolution: To avoid this warning, move constraints listed in [.Xil/io_demo_propImpl.xdc] to another XDC file and exclude this new file from synthesis with the used_in_synthesis property (File Properties dialog in GUI) and re-run elaboration/synthesis.
Parsing XDC File [C:/Users/lkeilly/Desktop/UNC stuff/Spring2020/COMP541/Labs/projects/Lab5/Lab5.srcs/constrs_1/new/ledLights.xdc]
Finished Parsing XDC File [C:/Users/lkeilly/Desktop/UNC stuff/Spring2020/COMP541/Labs/projects/Lab5/Lab5.srcs/constrs_1/new/ledLights.xdc]
INFO: [Project 1-236] Implementation specific constraints were found while reading constraint file [C:/Users/lkeilly/Desktop/UNC stuff/Spring2020/COMP541/Labs/projects/Lab5/Lab5.srcs/constrs_1/new/ledLights.xdc]. These constraints will be ignored for synthesis but will be used in implementation. Impacted constraints are listed in the file [.Xil/io_demo_propImpl.xdc].
Resolution: To avoid this warning, move constraints listed in [.Xil/io_demo_propImpl.xdc] to another XDC file and exclude this new file from synthesis with the used_in_synthesis property (File Properties dialog in GUI) and re-run elaboration/synthesis.
Netlist sorting complete. Time (s): cpu = 00:00:00 ; elapsed = 00:00:00.001 . Memory (MB): peak = 755.297 ; gain = 0.000
Completed Processing XDC Constraints

Netlist sorting complete. Time (s): cpu = 00:00:00 ; elapsed = 00:00:00.001 . Memory (MB): peak = 755.297 ; gain = 0.000
INFO: [Project 1-111] Unisim Transformation Summary:
No Unisim elements were transformed.

Netlist sorting complete. Time (s): cpu = 00:00:00 ; elapsed = 00:00:00.001 . Memory (MB): peak = 755.297 ; gain = 0.000
Constraint Validation Runtime : Time (s): cpu = 00:00:00 ; elapsed = 00:00:00.018 . Memory (MB): peak = 755.297 ; gain = 0.000
---------------------------------------------------------------------------------
Finished Constraint Validation : Time (s): cpu = 00:00:15 ; elapsed = 00:00:19 . Memory (MB): peak = 755.297 ; gain = 508.098
---------------------------------------------------------------------------------
---------------------------------------------------------------------------------
Start Loading Part and Timing Information
---------------------------------------------------------------------------------
Loading part: xc7a100tcsg324-1
---------------------------------------------------------------------------------
Finished Loading Part and Timing Information : Time (s): cpu = 00:00:15 ; elapsed = 00:00:19 . Memory (MB): peak = 755.297 ; gain = 508.098
---------------------------------------------------------------------------------
---------------------------------------------------------------------------------
Start Applying 'set_property' XDC Constraints
---------------------------------------------------------------------------------
---------------------------------------------------------------------------------
Finished applying 'set_property' XDC Constraints : Time (s): cpu = 00:00:15 ; elapsed = 00:00:19 . Memory (MB): peak = 755.297 ; gain = 508.098
---------------------------------------------------------------------------------
INFO: [Synth 8-5544] ROM "count" won't be mapped to Block RAM because address size (2) smaller than threshold (5)
INFO: [Synth 8-802] inferred FSM for state register 'StC_reg' in module 'SPI_If'
INFO: [Synth 8-5546] ROM "SCLK_2X_TICK" won't be mapped to RAM because it is too sparse
INFO: [Synth 8-5546] ROM "StN" won't be mapped to RAM because it is too sparse
INFO: [Synth 8-802] inferred FSM for state register 'StC_Spi_SendRec_reg' in module 'ADXL362Ctrl'
INFO: [Synth 8-802] inferred FSM for state register 'StC_Spi_Trans_reg' in module 'ADXL362Ctrl'
INFO: [Synth 8-802] inferred FSM for state register 'StC_Adxl_Ctrl_reg' in module 'ADXL362Ctrl'
INFO: [Synth 8-5546] ROM "Cnt_SS_Inactive_done" won't be mapped to RAM because it is too sparse
INFO: [Synth 8-5544] ROM "Cnt_Num_Reads_Done" won't be mapped to Block RAM because address size (4) smaller than threshold (5)
INFO: [Synth 8-5546] ROM "Sample_Rate_Tick" won't be mapped to RAM because it is too sparse
INFO: [Synth 8-5544] ROM "Cmd_Reg_Addr_Done" won't be mapped to Block RAM because address size (2) smaller than threshold (5)
INFO: [Synth 8-5544] ROM "StN_Spi_SendRec" won't be mapped to Block RAM because address size (1) smaller than threshold (5)
INFO: [Synth 8-5544] ROM "StN_Spi_SendRec" won't be mapped to Block RAM because address size (1) smaller than threshold (5)
INFO: [Synth 8-5544] ROM "StN_Spi_SendRec" won't be mapped to Block RAM because address size (1) smaller than threshold (5)
INFO: [Synth 8-5546] ROM "StN_Spi_Trans" won't be mapped to RAM because it is too sparse
INFO: [Synth 8-5544] ROM "StN_Adxl_Ctrl" won't be mapped to Block RAM because address size (1) smaller than threshold (5)
INFO: [Synth 8-5544] ROM "StN_Adxl_Ctrl" won't be mapped to Block RAM because address size (1) smaller than threshold (5)
INFO: [Synth 8-5546] ROM "Cnt_SS_Inactive_done" won't be mapped to RAM because it is too sparse
INFO: [Synth 8-5544] ROM "Cnt_Num_Reads_Done" won't be mapped to Block RAM because address size (4) smaller than threshold (5)
INFO: [Synth 8-5546] ROM "Sample_Rate_Tick" won't be mapped to RAM because it is too sparse
INFO: [Synth 8-5544] ROM "Cmd_Reg_Addr_Done" won't be mapped to Block RAM because address size (2) smaller than threshold (5)
INFO: [Synth 8-5544] ROM "StN_Spi_SendRec" won't be mapped to Block RAM because address size (1) smaller than threshold (5)
INFO: [Synth 8-5544] ROM "StN_Spi_SendRec" won't be mapped to Block RAM because address size (1) smaller than threshold (5)
INFO: [Synth 8-5544] ROM "StN_Spi_SendRec" won't be mapped to Block RAM because address size (1) smaller than threshold (5)
INFO: [Synth 8-5546] ROM "StN_Spi_Trans" won't be mapped to RAM because it is too sparse
INFO: [Synth 8-5544] ROM "StN_Adxl_Ctrl" won't be mapped to Block RAM because address size (1) smaller than threshold (5)
INFO: [Synth 8-5544] ROM "StN_Adxl_Ctrl" won't be mapped to Block RAM because address size (1) smaller than threshold (5)
INFO: [Synth 8-5544] ROM "Cmd_Reg_Data[0]" won't be mapped to Block RAM because address size (3) smaller than threshold (5)
INFO: [Synth 8-5544] ROM "Cmd_Reg_Data[0]" won't be mapped to Block RAM because address size (3) smaller than threshold (5)
INFO: [Synth 8-5544] ROM "Cmd_Reg[1]" won't be mapped to Block RAM because address size (1) smaller than threshold (5)
INFO: [Synth 8-5544] ROM "Cmd_Reg[2]" won't be mapped to Block RAM because address size (1) smaller than threshold (5)
INFO: [Synth 8-5544] ROM "Cnt_Bytes_Sent" won't be mapped to Block RAM because address size (1) smaller than threshold (5)
INFO: [Synth 8-5546] ROM "RESET_INT" won't be mapped to RAM because it is too sparse
INFO: [Synth 8-5544] ROM "notes_periods" won't be mapped to Block RAM because address size (4) smaller than threshold (5)
---------------------------------------------------------------------------------------------------
                   State |                     New Encoding |                Previous Encoding 
---------------------------------------------------------------------------------------------------
                  stidle |                               00 |                         10100000
               stprepare |                               01 |                         00001001
                 stshift |                               10 |                         01011011
                  stdone |                               11 |                         00001110
---------------------------------------------------------------------------------------------------
INFO: [Synth 8-3354] encoded FSM with state register 'StC_reg' using encoding 'sequential' in module 'SPI_If'
---------------------------------------------------------------------------------------------------
                   State |                     New Encoding |                Previous Encoding 
---------------------------------------------------------------------------------------------------
        stspisendrecidle |                              000 |                          0000000
         stspipreparecmd |                              001 |                          1000001
         stspisendstartw |                              010 |                          0001011
        stspiwaitondonew |                              011 |                          0000111
         stspisendstartr |                              100 |                          0001110
        stspiwaitondoner |                              101 |                          0100100
        stspisendrecdone |                              110 |                          0010101
---------------------------------------------------------------------------------------------------
INFO: [Synth 8-3354] encoded FSM with state register 'StC_Spi_SendRec_reg' using encoding 'sequential' in module 'ADXL362Ctrl'
---------------------------------------------------------------------------------------------------
                   State |                     New Encoding |                Previous Encoding 
---------------------------------------------------------------------------------------------------
          stspitransidle |                              000 |                       0000000000
     stspiprepandsendcmd |                              001 |                       1111100001
       stspiwaitondonesr |                              010 |                       0000110011
     stspiwaitforssinact |                              011 |                       0000000010
          stspitransdone |                              100 |                       0000001110
---------------------------------------------------------------------------------------------------
INFO: [Synth 8-3354] encoded FSM with state register 'StC_Spi_Trans_reg' using encoding 'sequential' in module 'ADXL362Ctrl'
---------------------------------------------------------------------------------------------------
                   State |                     New Encoding |                Previous Encoding 
---------------------------------------------------------------------------------------------------
          stadxlctrlidle |                             0000 |                     100100000000
      stadxlsendresetcmd |                             0001 |                     011001000001
     stadxlwaitresetdone |                             0010 |                     010000000011
    stadxlconf_remaining |                             0011 |                     011001000010
stadxlwaitsampleratetick |                             0100 |                     000100000110
       stadxlread_status |                             0101 |                     011001000111
         stadxlread_data |                             0110 |                     011000000101
      stadxlformatandsum |                             0111 |                     000010101101
         stadxlread_done |                             1000 |                     000001011111
---------------------------------------------------------------------------------------------------
INFO: [Synth 8-3354] encoded FSM with state register 'StC_Adxl_Ctrl_reg' using encoding 'sequential' in module 'ADXL362Ctrl'
---------------------------------------------------------------------------------
Finished RTL Optimization Phase 2 : Time (s): cpu = 00:00:16 ; elapsed = 00:00:20 . Memory (MB): peak = 755.297 ; gain = 508.098
---------------------------------------------------------------------------------

Report RTL Partitions: 
+-+--------------+------------+----------+
| |RTL Partition |Replication |Instances |
+-+--------------+------------+----------+
+-+--------------+------------+----------+
---------------------------------------------------------------------------------
Start RTL Component Statistics 
---------------------------------------------------------------------------------
Detailed RTL Component Info : 
+---Adders : 
	   2 Input     32 Bit       Adders := 1     
	   2 Input     20 Bit       Adders := 1     
	   2 Input     13 Bit       Adders := 4     
	   2 Input     10 Bit       Adders := 4     
	   2 Input      6 Bit       Adders := 1     
	   2 Input      4 Bit       Adders := 2     
	   2 Input      3 Bit       Adders := 2     
	   2 Input      2 Bit       Adders := 2     
+---Registers : 
	               32 Bit    Registers := 2     
	               20 Bit    Registers := 1     
	               13 Bit    Registers := 2     
	               12 Bit    Registers := 4     
	               10 Bit    Registers := 5     
	                8 Bit    Registers := 14    
	                7 Bit    Registers := 1     
	                6 Bit    Registers := 1     
	                4 Bit    Registers := 2     
	                3 Bit    Registers := 2     
	                2 Bit    Registers := 3     
	                1 Bit    Registers := 6     
+---Muxes : 
	   2 Input     32 Bit        Muxes := 1     
	   2 Input     20 Bit        Muxes := 1     
	  17 Input     16 Bit        Muxes := 1     
	   2 Input     13 Bit        Muxes := 2     
	   9 Input     12 Bit        Muxes := 1     
	   5 Input     10 Bit        Muxes := 1     
	   4 Input     10 Bit        Muxes := 2     
	   2 Input      8 Bit        Muxes := 4     
	   8 Input      8 Bit        Muxes := 1     
	   4 Input      8 Bit        Muxes := 1     
	   5 Input      8 Bit        Muxes := 2     
	   7 Input      7 Bit        Muxes := 1     
	   8 Input      7 Bit        Muxes := 2     
	   8 Input      4 Bit        Muxes := 1     
	   2 Input      4 Bit        Muxes := 5     
	   9 Input      4 Bit        Muxes := 2     
	   2 Input      3 Bit        Muxes := 8     
	   7 Input      3 Bit        Muxes := 1     
	   5 Input      3 Bit        Muxes := 1     
	   4 Input      3 Bit        Muxes := 1     
	   4 Input      2 Bit        Muxes := 2     
	   2 Input      2 Bit        Muxes := 2     
	   2 Input      1 Bit        Muxes := 26    
	   4 Input      1 Bit        Muxes := 1     
	   7 Input      1 Bit        Muxes := 1     
	   5 Input      1 Bit        Muxes := 1     
	   9 Input      1 Bit        Muxes := 1     
---------------------------------------------------------------------------------
Finished RTL Component Statistics 
---------------------------------------------------------------------------------
---------------------------------------------------------------------------------
Start RTL Hierarchical Component Statistics 
---------------------------------------------------------------------------------
Hierarchical RTL Component report 
Module io_demo 
Detailed RTL Component Info : 
+---Muxes : 
	  17 Input     16 Bit        Muxes := 1     
	   9 Input      4 Bit        Muxes := 1     
	   2 Input      4 Bit        Muxes := 1     
Module keyboard 
Detailed RTL Component Info : 
+---Adders : 
	   2 Input      4 Bit       Adders := 1     
+---Registers : 
	               32 Bit    Registers := 2     
	               10 Bit    Registers := 1     
	                4 Bit    Registers := 1     
	                2 Bit    Registers := 1     
+---Muxes : 
	   2 Input     32 Bit        Muxes := 1     
	   2 Input      1 Bit        Muxes := 1     
Module display8digit 
Detailed RTL Component Info : 
+---Muxes : 
	   2 Input      8 Bit        Muxes := 1     
	   8 Input      8 Bit        Muxes := 1     
	   8 Input      4 Bit        Muxes := 1     
	   2 Input      4 Bit        Muxes := 1     
Module montek_sound_Nexys4 
Detailed RTL Component Info : 
+---Adders : 
	   2 Input     32 Bit       Adders := 1     
Module SPI_If 
Detailed RTL Component Info : 
+---Adders : 
	   2 Input      6 Bit       Adders := 1     
	   2 Input      3 Bit       Adders := 1     
+---Registers : 
	                8 Bit    Registers := 3     
	                6 Bit    Registers := 1     
	                3 Bit    Registers := 1     
	                1 Bit    Registers := 3     
+---Muxes : 
	   4 Input      8 Bit        Muxes := 1     
	   2 Input      8 Bit        Muxes := 2     
	   2 Input      3 Bit        Muxes := 1     
	   4 Input      2 Bit        Muxes := 1     
	   2 Input      1 Bit        Muxes := 3     
	   4 Input      1 Bit        Muxes := 1     
Module ADXL362Ctrl 
Detailed RTL Component Info : 
+---Adders : 
	   2 Input     20 Bit       Adders := 1     
	   2 Input     10 Bit       Adders := 1     
	   2 Input      4 Bit       Adders := 1     
	   2 Input      3 Bit       Adders := 1     
	   2 Input      2 Bit       Adders := 2     
+---Registers : 
	               20 Bit    Registers := 1     
	               12 Bit    Registers := 4     
	               10 Bit    Registers := 1     
	                8 Bit    Registers := 11    
	                7 Bit    Registers := 1     
	                4 Bit    Registers := 1     
	                3 Bit    Registers := 1     
	                2 Bit    Registers := 2     
	                1 Bit    Registers := 2     
+---Muxes : 
	   2 Input     20 Bit        Muxes := 1     
	   9 Input     12 Bit        Muxes := 1     
	   5 Input     10 Bit        Muxes := 1     
	   5 Input      8 Bit        Muxes := 2     
	   2 Input      8 Bit        Muxes := 1     
	   7 Input      7 Bit        Muxes := 1     
	   8 Input      7 Bit        Muxes := 2     
	   2 Input      4 Bit        Muxes := 3     
	   9 Input      4 Bit        Muxes := 1     
	   2 Input      3 Bit        Muxes := 7     
	   7 Input      3 Bit        Muxes := 1     
	   5 Input      3 Bit        Muxes := 1     
	   4 Input      3 Bit        Muxes := 1     
	   4 Input      2 Bit        Muxes := 1     
	   2 Input      2 Bit        Muxes := 2     
	   2 Input      1 Bit        Muxes := 21    
	   7 Input      1 Bit        Muxes := 1     
	   5 Input      1 Bit        Muxes := 1     
	   9 Input      1 Bit        Muxes := 1     
Module AccelArithmetics 
Detailed RTL Component Info : 
+---Adders : 
	   2 Input     13 Bit       Adders := 4     
	   2 Input     10 Bit       Adders := 2     
+---Registers : 
	               13 Bit    Registers := 2     
	               10 Bit    Registers := 2     
+---Muxes : 
	   2 Input     13 Bit        Muxes := 2     
	   4 Input     10 Bit        Muxes := 2     
Module AccelerometerCtl 
Detailed RTL Component Info : 
+---Adders : 
	   2 Input     10 Bit       Adders := 1     
+---Registers : 
	               10 Bit    Registers := 1     
	                1 Bit    Registers := 1     
+---Muxes : 
	   2 Input      1 Bit        Muxes := 1     
---------------------------------------------------------------------------------
Finished RTL Hierarchical Component Statistics
---------------------------------------------------------------------------------
---------------------------------------------------------------------------------
Start Part Resource Summary
---------------------------------------------------------------------------------
Part Resources:
DSPs: 240 (col length:80)
BRAMs: 270 (col length: RAMB18 80 RAMB36 40)
---------------------------------------------------------------------------------
Finished Part Resource Summary
---------------------------------------------------------------------------------
---------------------------------------------------------------------------------
Start Cross Boundary and Area Optimization
---------------------------------------------------------------------------------
Warning: Parallel synthesis criteria is not met 
INFO: [Synth 8-4471] merging register 'accel/accel/ADXL_Control/Cmd_Reg_Data_Addr_reg[1:0]' into 'accel/accel/ADXL_Control/Cmd_Reg_Data_Addr_reg[1:0]' [C:/Users/lkeilly/Desktop/UNC stuff/Spring2020/COMP541/Labs/projects/Lab5/Lab5.srcs/sources_1/imports/sources/ADXL362Ctrl.vhd:451]
INFO: [Synth 8-5544] ROM "accel/accel/ADXL_Control/Cmd_Reg_Addr_Done" won't be mapped to Block RAM because address size (2) smaller than threshold (5)
INFO: [Synth 8-5544] ROM "accel/accel/ADXL_Control/Cnt_Num_Reads_Done" won't be mapped to Block RAM because address size (4) smaller than threshold (5)
INFO: [Synth 8-5544] ROM "p_0_out" won't be mapped to Block RAM because address size (4) smaller than threshold (5)
INFO: [Synth 8-5546] ROM "accel/accel/ADXL_Control/SPI_Interface/SCLK_2X_TICK" won't be mapped to RAM because it is too sparse
INFO: [Synth 8-5546] ROM "accel/accel/ADXL_Control/Sample_Rate_Tick" won't be mapped to RAM because it is too sparse
INFO: [Synth 8-5546] ROM "accel/accel/ADXL_Control/Cnt_SS_Inactive_done" won't be mapped to RAM because it is too sparse
INFO: [Synth 8-5546] ROM "accel/accel/RESET_INT" won't be mapped to RAM because it is too sparse
INFO: [Synth 8-5587] ROM size for "p_0_out" is below threshold of ROM address width. It will be mapped to LUTs
WARNING: [Synth 8-3917] design io_demo has port audEn driven by constant 1
INFO: [Synth 8-3886] merging instance 'accel/accel/ADXL_Control/Cmd_Reg_reg[0][0]' (FDRE) to 'accel/accel/ADXL_Control/Cmd_Reg_reg[0][5]'
INFO: [Synth 8-3886] merging instance 'accel/accel/ADXL_Control/Cmd_Reg_reg[0][3]' (FDRE) to 'accel/accel/ADXL_Control/Cmd_Reg_reg[0][5]'
INFO: [Synth 8-3333] propagating constant 0 across sequential element (\accel/accel/ADXL_Control/Cmd_Reg_reg[0][5] )
INFO: [Synth 8-3333] propagating constant 0 across sequential element (\accel/accel/ADXL_Control/Cmd_Reg_reg[1][7] )
INFO: [Synth 8-3886] merging instance 'keyb/temp_char_reg[10]' (FDE) to 'keyb/temp_char_reg[8]'
INFO: [Synth 8-3886] merging instance 'keyb/temp_char_reg[9]' (FDE) to 'keyb/temp_char_reg[8]'
INFO: [Synth 8-3886] merging instance 'keyb/temp_char_reg[11]' (FDE) to 'keyb/temp_char_reg[8]'
INFO: [Synth 8-3333] propagating constant 0 across sequential element (\keyb/temp_char_reg[8] )
INFO: [Synth 8-3886] merging instance 'keyb/temp_char_reg[14]' (FDE) to 'keyb/temp_char_reg[13]'
INFO: [Synth 8-3886] merging instance 'keyb/temp_char_reg[13]' (FDE) to 'keyb/temp_char_reg[15]'
INFO: [Synth 8-3886] merging instance 'keyb/keyb_char_reg[8]' (FDE) to 'keyb/keyb_char_reg[11]'
INFO: [Synth 8-3886] merging instance 'keyb/keyb_char_reg[10]' (FDE) to 'keyb/keyb_char_reg[11]'
INFO: [Synth 8-3886] merging instance 'keyb/keyb_char_reg[9]' (FDE) to 'keyb/keyb_char_reg[11]'
INFO: [Synth 8-3333] propagating constant 0 across sequential element (\keyb/keyb_char_reg[11] )
INFO: [Synth 8-3886] merging instance 'keyb/keyb_char_reg[14]' (FDE) to 'keyb/keyb_char_reg[15]'
INFO: [Synth 8-3886] merging instance 'keyb/keyb_char_reg[13]' (FDE) to 'keyb/keyb_char_reg[15]'
INFO: [Synth 8-3886] merging instance 'keyb/temp_char_reg[22]' (FDE) to 'keyb/temp_char_reg[21]'
INFO: [Synth 8-3886] merging instance 'keyb/temp_char_reg[21]' (FDE) to 'keyb/temp_char_reg[23]'
INFO: [Synth 8-3886] merging instance 'keyb/temp_char_reg[8]' (FDE) to 'keyb/temp_char_reg[16]'
INFO: [Synth 8-3886] merging instance 'keyb/temp_char_reg[16]' (FDE) to 'keyb/temp_char_reg[17]'
INFO: [Synth 8-3886] merging instance 'keyb/temp_char_reg[18]' (FDE) to 'keyb/temp_char_reg[17]'
INFO: [Synth 8-3886] merging instance 'keyb/temp_char_reg[17]' (FDE) to 'keyb/temp_char_reg[19]'
INFO: [Synth 8-3333] propagating constant 0 across sequential element (\keyb/temp_char_reg[19] )
INFO: [Synth 8-3886] merging instance 'keyb/keyb_char_reg[18]' (FDE) to 'keyb/keyb_char_reg[19]'
INFO: [Synth 8-3886] merging instance 'keyb/keyb_char_reg[11]' (FDE) to 'keyb/keyb_char_reg[19]'
INFO: [Synth 8-3886] merging instance 'keyb/keyb_char_reg[17]' (FDE) to 'keyb/keyb_char_reg[19]'
INFO: [Synth 8-3886] merging instance 'keyb/keyb_char_reg[19]' (FDE) to 'keyb/keyb_char_reg[16]'
INFO: [Synth 8-3333] propagating constant 0 across sequential element (\keyb/keyb_char_reg[16] )
INFO: [Synth 8-3886] merging instance 'keyb/keyb_char_reg[22]' (FDE) to 'keyb/keyb_char_reg[23]'
INFO: [Synth 8-3886] merging instance 'keyb/keyb_char_reg[21]' (FDE) to 'keyb/keyb_char_reg[23]'
INFO: [Synth 8-3886] merging instance 'keyb/keyb_char_reg[30]' (FDE) to 'keyb/keyb_char_reg[31]'
INFO: [Synth 8-3886] merging instance 'keyb/keyb_char_reg[29]' (FDE) to 'keyb/keyb_char_reg[31]'
INFO: [Synth 8-3886] merging instance 'keyb/keyb_char_reg[24]' (FDE) to 'keyb/keyb_char_reg[27]'
INFO: [Synth 8-3886] merging instance 'keyb/keyb_char_reg[16]' (FDE) to 'keyb/keyb_char_reg[27]'
INFO: [Synth 8-3886] merging instance 'keyb/keyb_char_reg[26]' (FDE) to 'keyb/keyb_char_reg[27]'
INFO: [Synth 8-3886] merging instance 'keyb/keyb_char_reg[25]' (FDE) to 'keyb/keyb_char_reg[27]'
INFO: [Synth 8-3333] propagating constant 0 across sequential element (\keyb/keyb_char_reg[27] )
---------------------------------------------------------------------------------
Finished Cross Boundary and Area Optimization : Time (s): cpu = 00:00:20 ; elapsed = 00:00:24 . Memory (MB): peak = 755.297 ; gain = 508.098
---------------------------------------------------------------------------------

Report RTL Partitions: 
+-+--------------+------------+----------+
| |RTL Partition |Replication |Instances |
+-+--------------+------------+----------+
+-+--------------+------------+----------+
---------------------------------------------------------------------------------
Start Applying XDC Timing Constraints
---------------------------------------------------------------------------------
---------------------------------------------------------------------------------
Finished Applying XDC Timing Constraints : Time (s): cpu = 00:00:32 ; elapsed = 00:00:36 . Memory (MB): peak = 755.297 ; gain = 508.098
---------------------------------------------------------------------------------
---------------------------------------------------------------------------------
Start Timing Optimization
---------------------------------------------------------------------------------
---------------------------------------------------------------------------------
Finished Timing Optimization : Time (s): cpu = 00:00:36 ; elapsed = 00:00:40 . Memory (MB): peak = 779.664 ; gain = 532.465
---------------------------------------------------------------------------------

Report RTL Partitions: 
+-+--------------+------------+----------+
| |RTL Partition |Replication |Instances |
+-+--------------+------------+----------+
+-+--------------+------------+----------+
---------------------------------------------------------------------------------
Start Technology Mapping
---------------------------------------------------------------------------------
---------------------------------------------------------------------------------
Finished Technology Mapping : Time (s): cpu = 00:00:36 ; elapsed = 00:00:41 . Memory (MB): peak = 786.195 ; gain = 538.996
---------------------------------------------------------------------------------

Report RTL Partitions: 
+-+--------------+------------+----------+
| |RTL Partition |Replication |Instances |
+-+--------------+------------+----------+
+-+--------------+------------+----------+
---------------------------------------------------------------------------------
Start IO Insertion
---------------------------------------------------------------------------------
---------------------------------------------------------------------------------
Start Flattening Before IO Insertion
---------------------------------------------------------------------------------
---------------------------------------------------------------------------------
Finished Flattening Before IO Insertion
---------------------------------------------------------------------------------
---------------------------------------------------------------------------------
Start Final Netlist Cleanup
---------------------------------------------------------------------------------
---------------------------------------------------------------------------------
Finished Final Netlist Cleanup
---------------------------------------------------------------------------------
---------------------------------------------------------------------------------
Finished IO Insertion : Time (s): cpu = 00:00:39 ; elapsed = 00:00:43 . Memory (MB): peak = 786.195 ; gain = 538.996
---------------------------------------------------------------------------------

Report Check Netlist: 
+------+------------------+-------+---------+-------+------------------+
|      |Item              |Errors |Warnings |Status |Description       |
+------+------------------+-------+---------+-------+------------------+
|1     |multi_driven_nets |      0|        0|Passed |Multi driven nets |
+------+------------------+-------+---------+-------+------------------+
---------------------------------------------------------------------------------
Start Renaming Generated Instances
---------------------------------------------------------------------------------
---------------------------------------------------------------------------------
Finished Renaming Generated Instances : Time (s): cpu = 00:00:39 ; elapsed = 00:00:43 . Memory (MB): peak = 786.195 ; gain = 538.996
---------------------------------------------------------------------------------

Report RTL Partitions: 
+-+--------------+------------+----------+
| |RTL Partition |Replication |Instances |
+-+--------------+------------+----------+
+-+--------------+------------+----------+
---------------------------------------------------------------------------------
Start Rebuilding User Hierarchy
---------------------------------------------------------------------------------
---------------------------------------------------------------------------------
Finished Rebuilding User Hierarchy : Time (s): cpu = 00:00:39 ; elapsed = 00:00:43 . Memory (MB): peak = 786.195 ; gain = 538.996
---------------------------------------------------------------------------------
---------------------------------------------------------------------------------
Start Renaming Generated Ports
---------------------------------------------------------------------------------
---------------------------------------------------------------------------------
Finished Renaming Generated Ports : Time (s): cpu = 00:00:39 ; elapsed = 00:00:43 . Memory (MB): peak = 786.195 ; gain = 538.996
---------------------------------------------------------------------------------
---------------------------------------------------------------------------------
Start Handling Custom Attributes
---------------------------------------------------------------------------------
---------------------------------------------------------------------------------
Finished Handling Custom Attributes : Time (s): cpu = 00:00:39 ; elapsed = 00:00:43 . Memory (MB): peak = 786.195 ; gain = 538.996
---------------------------------------------------------------------------------
---------------------------------------------------------------------------------
Start Renaming Generated Nets
---------------------------------------------------------------------------------
---------------------------------------------------------------------------------
Finished Renaming Generated Nets : Time (s): cpu = 00:00:39 ; elapsed = 00:00:43 . Memory (MB): peak = 786.195 ; gain = 538.996
---------------------------------------------------------------------------------
---------------------------------------------------------------------------------
Start ROM, RAM, DSP and Shift Register Reporting
---------------------------------------------------------------------------------

Static Shift Register Report:
+------------+---------------------------------------------+--------+-------+--------------+--------------------+-------------------+--------+---------+
|Module Name | RTL Name                                    | Length | Width | Reset Signal | Pull out first Reg | Pull out last Reg | SRL16E | SRLC32E | 
+------------+---------------------------------------------+--------+-------+--------------+--------------------+-------------------+--------+---------+
|io_demo     | accel/accel/ADXL_Control/Data_Reg_reg[4][7] | 4      | 2     | NO           | NO                 | YES               | 2      | 0       | 
|io_demo     | accel/accel/ADXL_Control/Data_Reg_reg[4][6] | 5      | 6     | NO           | NO                 | YES               | 6      | 0       | 
+------------+---------------------------------------------+--------+-------+--------------+--------------------+-------------------+--------+---------+

---------------------------------------------------------------------------------
Finished ROM, RAM, DSP and Shift Register Reporting
---------------------------------------------------------------------------------
---------------------------------------------------------------------------------
Start Writing Synthesis Report
---------------------------------------------------------------------------------

Report BlackBoxes: 
+-+--------------+----------+
| |BlackBox name |Instances |
+-+--------------+----------+
+-+--------------+----------+

Report Cell Usage: 
+------+-------+------+
|      |Cell   |Count |
+------+-------+------+
|1     |BUFG   |     1|
|2     |CARRY4 |    46|
|3     |LUT1   |    28|
|4     |LUT2   |    75|
|5     |LUT3   |    63|
|6     |LUT4   |   107|
|7     |LUT5   |    51|
|8     |LUT6   |    73|
|9     |SRL16E |     8|
|10    |FDRE   |   298|
|11    |FDSE   |     4|
|12    |IBUF   |     4|
|13    |OBUF   |    37|
+------+-------+------+

Report Instance Areas: 
+------+------------------------+--------------------+------+
|      |Instance                |Module              |Cells |
+------+------------------------+--------------------+------+
|1     |top                     |                    |   795|
|2     |  accel                 |accelerometer       |   453|
|3     |    accel               |AccelerometerCtl    |   453|
|4     |      ADXL_Control      |ADXL362Ctrl         |   376|
|5     |        SPI_Interface   |SPI_If              |    79|
|6     |      Accel_Calculation |AccelArithmetics    |    53|
|7     |  disp                  |display8digit       |    34|
|8     |  keyb                  |keyboard            |   174|
|9     |  snd                   |montek_sound_Nexys4 |    92|
+------+------------------------+--------------------+------+
---------------------------------------------------------------------------------
Finished Writing Synthesis Report : Time (s): cpu = 00:00:39 ; elapsed = 00:00:43 . Memory (MB): peak = 786.195 ; gain = 538.996
---------------------------------------------------------------------------------
Synthesis finished with 0 errors, 0 critical warnings and 1 warnings.
Synthesis Optimization Runtime : Time (s): cpu = 00:00:27 ; elapsed = 00:00:34 . Memory (MB): peak = 786.195 ; gain = 182.832
Synthesis Optimization Complete : Time (s): cpu = 00:00:39 ; elapsed = 00:00:44 . Memory (MB): peak = 786.195 ; gain = 538.996
INFO: [Project 1-571] Translating synthesized netlist
INFO: [Netlist 29-17] Analyzing 46 Unisim elements for replacement
INFO: [Netlist 29-28] Unisim Transformation completed in 0 CPU seconds
INFO: [Project 1-570] Preparing netlist for logic optimization
INFO: [Opt 31-138] Pushed 0 inverter(s) to 0 load pin(s).
Netlist sorting complete. Time (s): cpu = 00:00:00 ; elapsed = 00:00:00.001 . Memory (MB): peak = 786.195 ; gain = 0.000
INFO: [Project 1-111] Unisim Transformation Summary:
No Unisim elements were transformed.

INFO: [Common 17-83] Releasing license: Synthesis
128 Infos, 16 Warnings, 0 Critical Warnings and 0 Errors encountered.
synth_design completed successfully
synth_design: Time (s): cpu = 00:00:43 ; elapsed = 00:00:48 . Memory (MB): peak = 786.195 ; gain = 538.996
Netlist sorting complete. Time (s): cpu = 00:00:00 ; elapsed = 00:00:00.001 . Memory (MB): peak = 786.195 ; gain = 0.000
WARNING: [Constraints 18-5210] No constraints selected for write.
Resolution: This message can indicate that there are no constraints for the design, or it can indicate that the used_in flags are set such that the constraints are ignored. This later case is used when running synth_design to not write synthesis constraints to the resulting checkpoint. Instead, project constraints are read when the synthesized design is opened.
INFO: [Common 17-1381] The checkpoint 'C:/Users/lkeilly/Desktop/UNC stuff/Spring2020/COMP541/Labs/projects/Lab5/Lab5.runs/synth_1/io_demo.dcp' has been generated.
INFO: [runtcl-4] Executing : report_utilization -file io_demo_utilization_synth.rpt -pb io_demo_utilization_synth.pb
INFO: [Common 17-206] Exiting Vivado at Fri Feb 14 18:49:05 2020...
