
*** Running vivado
    with args -log top.vds -m64 -product Vivado -mode batch -messageDb vivado.pb -notrace -source top.tcl


****** Vivado v2018.3 (64-bit)
  **** SW Build 2405991 on Thu Dec  6 23:38:27 MST 2018
  **** IP Build 2404404 on Fri Dec  7 01:43:56 MST 2018
    ** Copyright 1986-2018 Xilinx, Inc. All Rights Reserved.

source top.tcl -notrace
Command: synth_design -top top -part xc7a100tcsg324-1
Starting synth_design
Attempting to get a license for feature 'Synthesis' and/or device 'xc7a100t'
INFO: [Common 17-349] Got license for feature 'Synthesis' and/or device 'xc7a100t'
INFO: Launching helper process for spawning children vivado processes
INFO: Helper process launched with PID 14576 
WARNING: [Synth 8-2611] redeclaration of ansi port clkin is not allowed [C:/Users/lkeilly/Desktop/UNC stuff/Spring2020/COMP541/Labs/projects/final_project/final_project.srcs/sources_1/new/clockdivider_Nexys4.sv:22]
WARNING: [Synth 8-976] clkin has already been declared [C:/Users/lkeilly/Desktop/UNC stuff/Spring2020/COMP541/Labs/projects/final_project/final_project.srcs/sources_1/new/clockdivider_Nexys4.sv:22]
WARNING: [Synth 8-2654] second declaration of clkin ignored [C:/Users/lkeilly/Desktop/UNC stuff/Spring2020/COMP541/Labs/projects/final_project/final_project.srcs/sources_1/new/clockdivider_Nexys4.sv:22]
INFO: [Synth 8-994] clkin is declared here [C:/Users/lkeilly/Desktop/UNC stuff/Spring2020/COMP541/Labs/projects/final_project/final_project.srcs/sources_1/new/clockdivider_Nexys4.sv:20]
---------------------------------------------------------------------------------
Starting RTL Elaboration : Time (s): cpu = 00:00:02 ; elapsed = 00:00:02 . Memory (MB): peak = 354.945 ; gain = 99.691
---------------------------------------------------------------------------------
INFO: [Synth 8-6157] synthesizing module 'top' [C:/Users/lkeilly/Desktop/UNC stuff/Spring2020/COMP541/Labs/projects/final_project/final_project.srcs/sources_1/new/top.sv:11]
	Parameter Dbits bound to: 32 - type: integer 
	Parameter Nreg bound to: 32 - type: integer 
	Parameter imem_size bound to: 512 - type: integer 
	Parameter imem_init bound to: imem_screentest_nopause.mem - type: string 
	Parameter dmem_size bound to: 64 - type: integer 
	Parameter dmem_init bound to: dmem_screentest.mem - type: string 
	Parameter smem_size bound to: 1200 - type: integer 
	Parameter smem_init bound to: smem_screentest.mem - type: string 
	Parameter bmem_size bound to: 1024 - type: integer 
	Parameter bmem_init bound to: bmem_screentest.mem - type: string 
INFO: [Synth 8-6157] synthesizing module 'clockdivider_Nexys4' [C:/Users/lkeilly/Desktop/UNC stuff/Spring2020/COMP541/Labs/projects/final_project/final_project.srcs/sources_1/new/clockdivider_Nexys4.sv:20]
	Parameter N bound to: 2 - type: integer 
INFO: [Synth 8-6157] synthesizing module 'MMCME2_BASE' [C:/Xilinx/Vivado/2018.3/scripts/rt/data/unisim_comp.v:26837]
	Parameter BANDWIDTH bound to: OPTIMIZED - type: string 
	Parameter CLKFBOUT_MULT_F bound to: 10.000000 - type: float 
	Parameter CLKFBOUT_PHASE bound to: 0.000000 - type: float 
	Parameter CLKIN1_PERIOD bound to: 10.000000 - type: float 
	Parameter CLKOUT0_DIVIDE_F bound to: 10.000000 - type: float 
	Parameter CLKOUT0_DUTY_CYCLE bound to: 0.500000 - type: float 
	Parameter CLKOUT0_PHASE bound to: 0.000000 - type: float 
	Parameter CLKOUT1_DIVIDE bound to: 20 - type: integer 
	Parameter CLKOUT1_DUTY_CYCLE bound to: 0.500000 - type: float 
	Parameter CLKOUT1_PHASE bound to: 0.000000 - type: float 
	Parameter CLKOUT2_DIVIDE bound to: 40 - type: integer 
	Parameter CLKOUT2_DUTY_CYCLE bound to: 0.500000 - type: float 
	Parameter CLKOUT2_PHASE bound to: 0.000000 - type: float 
	Parameter CLKOUT3_DIVIDE bound to: 80 - type: integer 
	Parameter CLKOUT3_DUTY_CYCLE bound to: 0.500000 - type: float 
	Parameter CLKOUT3_PHASE bound to: 0.000000 - type: float 
	Parameter CLKOUT4_CASCADE bound to: FALSE - type: string 
	Parameter CLKOUT4_DIVIDE bound to: 1 - type: integer 
	Parameter CLKOUT4_DUTY_CYCLE bound to: 0.500000 - type: float 
	Parameter CLKOUT4_PHASE bound to: 0.000000 - type: float 
	Parameter CLKOUT5_DIVIDE bound to: 1 - type: integer 
	Parameter CLKOUT5_DUTY_CYCLE bound to: 0.500000 - type: float 
	Parameter CLKOUT5_PHASE bound to: 0.000000 - type: float 
	Parameter CLKOUT6_DIVIDE bound to: 1 - type: integer 
	Parameter CLKOUT6_DUTY_CYCLE bound to: 0.500000 - type: float 
	Parameter CLKOUT6_PHASE bound to: 0.000000 - type: float 
	Parameter DIVCLK_DIVIDE bound to: 1 - type: integer 
	Parameter REF_JITTER1 bound to: 0.010000 - type: float 
	Parameter STARTUP_WAIT bound to: FALSE - type: string 
INFO: [Synth 8-6155] done synthesizing module 'MMCME2_BASE' (1#1) [C:/Xilinx/Vivado/2018.3/scripts/rt/data/unisim_comp.v:26837]
WARNING: [Synth 8-350] instance 'mmcm' of module 'MMCME2_BASE' requires 18 connections, but only 10 given [C:/Users/lkeilly/Desktop/UNC stuff/Spring2020/COMP541/Labs/projects/final_project/final_project.srcs/sources_1/new/clockdivider_Nexys4.sv:26]
INFO: [Synth 8-6157] synthesizing module 'BUFG' [C:/Xilinx/Vivado/2018.3/scripts/rt/data/unisim_comp.v:609]
INFO: [Synth 8-6155] done synthesizing module 'BUFG' (2#1) [C:/Xilinx/Vivado/2018.3/scripts/rt/data/unisim_comp.v:609]
INFO: [Synth 8-6157] synthesizing module 'INV' [C:/Xilinx/Vivado/2018.3/scripts/rt/data/unisim_comp.v:23537]
INFO: [Synth 8-6155] done synthesizing module 'INV' (3#1) [C:/Xilinx/Vivado/2018.3/scripts/rt/data/unisim_comp.v:23537]
INFO: [Synth 8-6157] synthesizing module 'BUFGMUX' [C:/Xilinx/Vivado/2018.3/scripts/rt/data/unisim_comp.v:703]
	Parameter CLK_SEL_TYPE bound to: ASYNC - type: string 
INFO: [Synth 8-6155] done synthesizing module 'BUFGMUX' (4#1) [C:/Xilinx/Vivado/2018.3/scripts/rt/data/unisim_comp.v:703]
INFO: [Synth 8-6155] done synthesizing module 'clockdivider_Nexys4' (5#1) [C:/Users/lkeilly/Desktop/UNC stuff/Spring2020/COMP541/Labs/projects/final_project/final_project.srcs/sources_1/new/clockdivider_Nexys4.sv:20]
INFO: [Synth 8-6157] synthesizing module 'mips' [C:/Users/lkeilly/Desktop/UNC stuff/Spring2020/COMP541/Labs/projects/final_project/final_project.srcs/sources_1/imports/new/mips.sv:16]
	Parameter Dbits bound to: 32 - type: integer 
	Parameter Nreg bound to: 32 - type: integer 
INFO: [Synth 8-6157] synthesizing module 'controller' [C:/Users/lkeilly/Desktop/UNC stuff/Spring2020/COMP541/Labs/projects/final_project/final_project.srcs/sources_1/imports/sources_1/new/controller.sv:49]
INFO: [Synth 8-6155] done synthesizing module 'controller' (6#1) [C:/Users/lkeilly/Desktop/UNC stuff/Spring2020/COMP541/Labs/projects/final_project/final_project.srcs/sources_1/imports/sources_1/new/controller.sv:49]
INFO: [Synth 8-6157] synthesizing module 'datapath' [C:/Users/lkeilly/Desktop/UNC stuff/Spring2020/COMP541/Labs/projects/final_project/final_project.srcs/sources_1/imports/sources_1/imports/new/datapath.sv:24]
	Parameter Nreg bound to: 32 - type: integer 
	Parameter Dbits bound to: 32 - type: integer 
INFO: [Synth 8-6157] synthesizing module 'register_file' [C:/Users/lkeilly/Desktop/UNC stuff/Spring2020/COMP541/Labs/projects/final_project/final_project.srcs/sources_1/imports/sources_1/new/register_file.sv:34]
	Parameter Nloc bound to: 32 - type: integer 
	Parameter Dbits bound to: 32 - type: integer 
INFO: [Synth 8-6155] done synthesizing module 'register_file' (7#1) [C:/Users/lkeilly/Desktop/UNC stuff/Spring2020/COMP541/Labs/projects/final_project/final_project.srcs/sources_1/imports/sources_1/new/register_file.sv:34]
INFO: [Synth 8-6157] synthesizing module 'ALU' [C:/Users/lkeilly/Desktop/UNC stuff/Spring2020/COMP541/Labs/projects/final_project/final_project.srcs/sources_1/imports/new/ALU.sv:24]
	Parameter N bound to: 32 - type: integer 
INFO: [Synth 8-6157] synthesizing module 'addsub' [C:/Users/lkeilly/Desktop/UNC stuff/Spring2020/COMP541/Labs/projects/final_project/final_project.srcs/sources_1/imports/new/addsub.sv:23]
	Parameter N bound to: 32 - type: integer 
INFO: [Synth 8-6157] synthesizing module 'adder' [C:/Users/lkeilly/Desktop/UNC stuff/Spring2020/COMP541/Labs/projects/final_project/final_project.srcs/sources_1/imports/new/adder.sv:23]
	Parameter N bound to: 32 - type: integer 
INFO: [Synth 8-6157] synthesizing module 'fulladder' [C:/Users/lkeilly/Desktop/UNC stuff/Spring2020/COMP541/Labs/projects/final_project/final_project.srcs/sources_1/imports/new/fulladder.sv:22]
INFO: [Synth 8-6155] done synthesizing module 'fulladder' (8#1) [C:/Users/lkeilly/Desktop/UNC stuff/Spring2020/COMP541/Labs/projects/final_project/final_project.srcs/sources_1/imports/new/fulladder.sv:22]
INFO: [Synth 8-6155] done synthesizing module 'adder' (9#1) [C:/Users/lkeilly/Desktop/UNC stuff/Spring2020/COMP541/Labs/projects/final_project/final_project.srcs/sources_1/imports/new/adder.sv:23]
INFO: [Synth 8-6155] done synthesizing module 'addsub' (10#1) [C:/Users/lkeilly/Desktop/UNC stuff/Spring2020/COMP541/Labs/projects/final_project/final_project.srcs/sources_1/imports/new/addsub.sv:23]
INFO: [Synth 8-6157] synthesizing module 'shifter' [C:/Users/lkeilly/Desktop/UNC stuff/Spring2020/COMP541/Labs/projects/final_project/final_project.srcs/sources_1/imports/new/shifter.sv:23]
	Parameter N bound to: 32 - type: integer 
INFO: [Synth 8-6155] done synthesizing module 'shifter' (11#1) [C:/Users/lkeilly/Desktop/UNC stuff/Spring2020/COMP541/Labs/projects/final_project/final_project.srcs/sources_1/imports/new/shifter.sv:23]
INFO: [Synth 8-6157] synthesizing module 'logical' [C:/Users/lkeilly/Desktop/UNC stuff/Spring2020/COMP541/Labs/projects/final_project/final_project.srcs/sources_1/imports/new/logical.sv:23]
	Parameter N bound to: 32 - type: integer 
INFO: [Synth 8-6155] done synthesizing module 'logical' (12#1) [C:/Users/lkeilly/Desktop/UNC stuff/Spring2020/COMP541/Labs/projects/final_project/final_project.srcs/sources_1/imports/new/logical.sv:23]
INFO: [Synth 8-6157] synthesizing module 'comparator' [C:/Users/lkeilly/Desktop/UNC stuff/Spring2020/COMP541/Labs/projects/final_project/final_project.srcs/sources_1/imports/new/comparator.sv:23]
	Parameter N bound to: 32 - type: integer 
INFO: [Synth 8-6155] done synthesizing module 'comparator' (13#1) [C:/Users/lkeilly/Desktop/UNC stuff/Spring2020/COMP541/Labs/projects/final_project/final_project.srcs/sources_1/imports/new/comparator.sv:23]
INFO: [Synth 8-6155] done synthesizing module 'ALU' (14#1) [C:/Users/lkeilly/Desktop/UNC stuff/Spring2020/COMP541/Labs/projects/final_project/final_project.srcs/sources_1/imports/new/ALU.sv:24]
INFO: [Synth 8-6155] done synthesizing module 'datapath' (15#1) [C:/Users/lkeilly/Desktop/UNC stuff/Spring2020/COMP541/Labs/projects/final_project/final_project.srcs/sources_1/imports/sources_1/imports/new/datapath.sv:24]
INFO: [Synth 8-6155] done synthesizing module 'mips' (16#1) [C:/Users/lkeilly/Desktop/UNC stuff/Spring2020/COMP541/Labs/projects/final_project/final_project.srcs/sources_1/imports/new/mips.sv:16]
INFO: [Synth 8-6157] synthesizing module 'rom_module' [C:/Users/lkeilly/Desktop/UNC stuff/Spring2020/COMP541/Labs/projects/final_project/final_project.srcs/sources_1/imports/new/rom_module.sv:34]
	Parameter Nloc bound to: 512 - type: integer 
	Parameter Dbits bound to: 32 - type: integer 
	Parameter initfile bound to: imem_screentest_nopause.mem - type: string 
INFO: [Synth 8-3876] $readmem data file 'imem_screentest_nopause.mem' is read successfully [C:/Users/lkeilly/Desktop/UNC stuff/Spring2020/COMP541/Labs/projects/final_project/final_project.srcs/sources_1/imports/new/rom_module.sv:45]
INFO: [Synth 8-6155] done synthesizing module 'rom_module' (17#1) [C:/Users/lkeilly/Desktop/UNC stuff/Spring2020/COMP541/Labs/projects/final_project/final_project.srcs/sources_1/imports/new/rom_module.sv:34]
WARNING: [Synth 8-689] width (30) of port connection 'addr' does not match port width (9) of module 'rom_module' [C:/Users/lkeilly/Desktop/UNC stuff/Spring2020/COMP541/Labs/projects/final_project/final_project.srcs/sources_1/new/top.sv:95]
INFO: [Synth 8-6157] synthesizing module 'memIO' [C:/Users/lkeilly/Desktop/UNC stuff/Spring2020/COMP541/Labs/projects/final_project/final_project.srcs/sources_1/new/memIO.sv:23]
	Parameter Dbits bound to: 32 - type: integer 
	Parameter Nreg bound to: 32 - type: integer 
	Parameter smem_size bound to: 1200 - type: integer 
	Parameter smem_init bound to: smem_screentest.mem - type: string 
	Parameter dmem_size bound to: 64 - type: integer 
	Parameter dmem_init bound to: dmem_screentest.mem - type: string 
INFO: [Synth 8-6157] synthesizing module 'ram_module_2port' [C:/Users/lkeilly/Desktop/UNC stuff/Spring2020/COMP541/Labs/projects/final_project/final_project.srcs/sources_1/new/ram_module_2port.sv:34]
	Parameter Nloc bound to: 1200 - type: integer 
	Parameter Dbits bound to: 32 - type: integer 
	Parameter initfile bound to: smem_screentest.mem - type: string 
INFO: [Synth 8-3876] $readmem data file 'smem_screentest.mem' is read successfully [C:/Users/lkeilly/Desktop/UNC stuff/Spring2020/COMP541/Labs/projects/final_project/final_project.srcs/sources_1/new/ram_module_2port.sv:50]
INFO: [Synth 8-6155] done synthesizing module 'ram_module_2port' (18#1) [C:/Users/lkeilly/Desktop/UNC stuff/Spring2020/COMP541/Labs/projects/final_project/final_project.srcs/sources_1/new/ram_module_2port.sv:34]
WARNING: [Synth 8-689] width (30) of port connection 'cpu_addr' does not match port width (11) of module 'ram_module_2port' [C:/Users/lkeilly/Desktop/UNC stuff/Spring2020/COMP541/Labs/projects/final_project/final_project.srcs/sources_1/new/memIO.sv:74]
WARNING: [Synth 8-689] width (4) of port connection 'vga_readdata' does not match port width (32) of module 'ram_module_2port' [C:/Users/lkeilly/Desktop/UNC stuff/Spring2020/COMP541/Labs/projects/final_project/final_project.srcs/sources_1/new/memIO.sv:74]
INFO: [Synth 8-6157] synthesizing module 'ram_module' [C:/Users/lkeilly/Desktop/UNC stuff/Spring2020/COMP541/Labs/projects/final_project/final_project.srcs/sources_1/imports/new/ram_module.sv:34]
	Parameter Nloc bound to: 64 - type: integer 
	Parameter Dbits bound to: 32 - type: integer 
	Parameter initfile bound to: dmem_screentest.mem - type: string 
INFO: [Synth 8-3876] $readmem data file 'dmem_screentest.mem' is read successfully [C:/Users/lkeilly/Desktop/UNC stuff/Spring2020/COMP541/Labs/projects/final_project/final_project.srcs/sources_1/imports/new/ram_module.sv:48]
INFO: [Synth 8-6155] done synthesizing module 'ram_module' (19#1) [C:/Users/lkeilly/Desktop/UNC stuff/Spring2020/COMP541/Labs/projects/final_project/final_project.srcs/sources_1/imports/new/ram_module.sv:34]
WARNING: [Synth 8-689] width (30) of port connection 'cpu_addr' does not match port width (6) of module 'ram_module' [C:/Users/lkeilly/Desktop/UNC stuff/Spring2020/COMP541/Labs/projects/final_project/final_project.srcs/sources_1/new/memIO.sv:77]
INFO: [Synth 8-6155] done synthesizing module 'memIO' (20#1) [C:/Users/lkeilly/Desktop/UNC stuff/Spring2020/COMP541/Labs/projects/final_project/final_project.srcs/sources_1/new/memIO.sv:23]
INFO: [Synth 8-6157] synthesizing module 'vgadisplaydriver' [C:/Users/lkeilly/Desktop/UNC stuff/Spring2020/COMP541/Labs/projects/final_project/final_project.srcs/sources_1/imports/new/vgadisplaydriver.sv:12]
	Parameter NumSpr bound to: 4 - type: integer 
	Parameter SABits bound to: 12 - type: integer 
	Parameter NumLoc bound to: 1200 - type: integer 
	Parameter NumCol bound to: 40 - type: integer 
	Parameter NumRow bound to: 30 - type: integer 
	Parameter bmem_size bound to: 1024 - type: integer 
	Parameter RGBSize bound to: 12 - type: integer 
	Parameter bmem_init bound to: bmem_screentest.mem - type: string 
INFO: [Synth 8-6157] synthesizing module 'vgatimer' [C:/Users/lkeilly/Desktop/UNC stuff/Spring2020/COMP541/Labs/projects/final_project/final_project.srcs/sources_1/imports/new/vgatimer.sv:26]
INFO: [Synth 8-6157] synthesizing module 'xycounter' [C:/Users/lkeilly/Desktop/UNC stuff/Spring2020/COMP541/Labs/projects/final_project/final_project.srcs/sources_1/imports/new/xycounter.sv:24]
	Parameter width bound to: 800 - type: integer 
	Parameter height bound to: 525 - type: integer 
INFO: [Synth 8-6155] done synthesizing module 'xycounter' (21#1) [C:/Users/lkeilly/Desktop/UNC stuff/Spring2020/COMP541/Labs/projects/final_project/final_project.srcs/sources_1/imports/new/xycounter.sv:24]
INFO: [Synth 8-6155] done synthesizing module 'vgatimer' (22#1) [C:/Users/lkeilly/Desktop/UNC stuff/Spring2020/COMP541/Labs/projects/final_project/final_project.srcs/sources_1/imports/new/vgatimer.sv:26]
INFO: [Synth 8-6157] synthesizing module 'rom_module__parameterized0' [C:/Users/lkeilly/Desktop/UNC stuff/Spring2020/COMP541/Labs/projects/final_project/final_project.srcs/sources_1/imports/new/rom_module.sv:34]
	Parameter Nloc bound to: 1024 - type: integer 
	Parameter Dbits bound to: 12 - type: integer 
	Parameter initfile bound to: bmem_screentest.mem - type: string 
INFO: [Synth 8-3876] $readmem data file 'bmem_screentest.mem' is read successfully [C:/Users/lkeilly/Desktop/UNC stuff/Spring2020/COMP541/Labs/projects/final_project/final_project.srcs/sources_1/imports/new/rom_module.sv:45]
INFO: [Synth 8-6155] done synthesizing module 'rom_module__parameterized0' (22#1) [C:/Users/lkeilly/Desktop/UNC stuff/Spring2020/COMP541/Labs/projects/final_project/final_project.srcs/sources_1/imports/new/rom_module.sv:34]
INFO: [Synth 8-6155] done synthesizing module 'vgadisplaydriver' (23#1) [C:/Users/lkeilly/Desktop/UNC stuff/Spring2020/COMP541/Labs/projects/final_project/final_project.srcs/sources_1/imports/new/vgadisplaydriver.sv:12]
WARNING: [Synth 8-689] width (11) of port connection 'screen_addr' does not match port width (12) of module 'vgadisplaydriver' [C:/Users/lkeilly/Desktop/UNC stuff/Spring2020/COMP541/Labs/projects/final_project/final_project.srcs/sources_1/new/top.sv:110]
INFO: [Synth 8-6157] synthesizing module 'keyboard' [C:/Users/lkeilly/Desktop/UNC stuff/Spring2020/COMP541/Labs/projects/final_project/final_project.srcs/sources_1/imports/new/keyboard.sv:19]
INFO: [Synth 8-6155] done synthesizing module 'keyboard' (24#1) [C:/Users/lkeilly/Desktop/UNC stuff/Spring2020/COMP541/Labs/projects/final_project/final_project.srcs/sources_1/imports/new/keyboard.sv:19]
INFO: [Synth 8-6157] synthesizing module 'display8digit' [C:/Users/lkeilly/Desktop/UNC stuff/Spring2020/COMP541/Labs/projects/final_project/final_project.srcs/sources_1/imports/new/display8digit.sv:9]
INFO: [Synth 8-6157] synthesizing module 'hexto7seg' [C:/Users/lkeilly/Desktop/UNC stuff/Spring2020/COMP541/Labs/projects/final_project/final_project.srcs/sources_1/imports/new/hexto7seg.sv:9]
INFO: [Synth 8-6155] done synthesizing module 'hexto7seg' (25#1) [C:/Users/lkeilly/Desktop/UNC stuff/Spring2020/COMP541/Labs/projects/final_project/final_project.srcs/sources_1/imports/new/hexto7seg.sv:9]
INFO: [Synth 8-6155] done synthesizing module 'display8digit' (26#1) [C:/Users/lkeilly/Desktop/UNC stuff/Spring2020/COMP541/Labs/projects/final_project/final_project.srcs/sources_1/imports/new/display8digit.sv:9]
INFO: [Synth 8-6157] synthesizing module 'accelerometer' [C:/Users/lkeilly/Desktop/UNC stuff/Spring2020/COMP541/Labs/projects/final_project/final_project.srcs/sources_1/imports/sources/accelerometer.sv:13]
INFO: [Synth 8-638] synthesizing module 'AccelerometerCtl' [C:/Users/lkeilly/Desktop/UNC stuff/Spring2020/COMP541/Labs/projects/final_project/final_project.srcs/sources_1/imports/sources/AccelerometerCtl.vhd:69]
	Parameter SYSCLK_FREQUENCY_HZ bound to: 100000000 - type: integer 
	Parameter SCLK_FREQUENCY_HZ bound to: 1000000 - type: integer 
	Parameter NUM_READS_AVG bound to: 16 - type: integer 
	Parameter UPDATE_FREQUENCY_HZ bound to: 100 - type: integer 
	Parameter SYSCLK_FREQUENCY_HZ bound to: 100000000 - type: integer 
	Parameter SCLK_FREQUENCY_HZ bound to: 1000000 - type: integer 
	Parameter NUM_READS_AVG bound to: 16 - type: integer 
	Parameter UPDATE_FREQUENCY_HZ bound to: 100 - type: integer 
INFO: [Synth 8-3491] module 'ADXL362Ctrl' declared at 'C:/Users/lkeilly/Desktop/UNC stuff/Spring2020/COMP541/Labs/projects/final_project/final_project.srcs/sources_1/imports/sources/ADXL362Ctrl.vhd:89' bound to instance 'ADXL_Control' of component 'ADXL362Ctrl' [C:/Users/lkeilly/Desktop/UNC stuff/Spring2020/COMP541/Labs/projects/final_project/final_project.srcs/sources_1/imports/sources/AccelerometerCtl.vhd:161]
INFO: [Synth 8-638] synthesizing module 'ADXL362Ctrl' [C:/Users/lkeilly/Desktop/UNC stuff/Spring2020/COMP541/Labs/projects/final_project/final_project.srcs/sources_1/imports/sources/ADXL362Ctrl.vhd:117]
	Parameter SYSCLK_FREQUENCY_HZ bound to: 100000000 - type: integer 
	Parameter SCLK_FREQUENCY_HZ bound to: 1000000 - type: integer 
	Parameter NUM_READS_AVG bound to: 16 - type: integer 
	Parameter UPDATE_FREQUENCY_HZ bound to: 100 - type: integer 
INFO: [Synth 8-5534] Detected attribute (* fsm_encoding = "USER" *) [C:/Users/lkeilly/Desktop/UNC stuff/Spring2020/COMP541/Labs/projects/final_project/final_project.srcs/sources_1/imports/sources/ADXL362Ctrl.vhd:283]
INFO: [Synth 8-5534] Detected attribute (* fsm_encoding = "USER" *) [C:/Users/lkeilly/Desktop/UNC stuff/Spring2020/COMP541/Labs/projects/final_project/final_project.srcs/sources_1/imports/sources/ADXL362Ctrl.vhd:312]
INFO: [Synth 8-5534] Detected attribute (* fsm_encoding = "USER" *) [C:/Users/lkeilly/Desktop/UNC stuff/Spring2020/COMP541/Labs/projects/final_project/final_project.srcs/sources_1/imports/sources/ADXL362Ctrl.vhd:365]
	Parameter SYSCLK_FREQUENCY_HZ bound to: 100000000 - type: integer 
	Parameter SCLK_FREQUENCY_HZ bound to: 1000000 - type: integer 
INFO: [Synth 8-3491] module 'SPI_If' declared at 'C:/Users/lkeilly/Desktop/UNC stuff/Spring2020/COMP541/Labs/projects/final_project/final_project.srcs/sources_1/imports/sources/SPI_If.vhd:42' bound to instance 'SPI_Interface' of component 'SPI_If' [C:/Users/lkeilly/Desktop/UNC stuff/Spring2020/COMP541/Labs/projects/final_project/final_project.srcs/sources_1/imports/sources/ADXL362Ctrl.vhd:373]
INFO: [Synth 8-638] synthesizing module 'SPI_If' [C:/Users/lkeilly/Desktop/UNC stuff/Spring2020/COMP541/Labs/projects/final_project/final_project.srcs/sources_1/imports/sources/SPI_If.vhd:66]
	Parameter SYSCLK_FREQUENCY_HZ bound to: 100000000 - type: integer 
	Parameter SCLK_FREQUENCY_HZ bound to: 1000000 - type: integer 
INFO: [Synth 8-5534] Detected attribute (* fsm_encoding = "USER" *) [C:/Users/lkeilly/Desktop/UNC stuff/Spring2020/COMP541/Labs/projects/final_project/final_project.srcs/sources_1/imports/sources/SPI_If.vhd:113]
INFO: [Synth 8-256] done synthesizing module 'SPI_If' (27#1) [C:/Users/lkeilly/Desktop/UNC stuff/Spring2020/COMP541/Labs/projects/final_project/final_project.srcs/sources_1/imports/sources/SPI_If.vhd:66]
INFO: [Synth 8-256] done synthesizing module 'ADXL362Ctrl' (28#1) [C:/Users/lkeilly/Desktop/UNC stuff/Spring2020/COMP541/Labs/projects/final_project/final_project.srcs/sources_1/imports/sources/ADXL362Ctrl.vhd:117]
	Parameter SYSCLK_FREQUENCY_HZ bound to: 100000000 - type: integer 
	Parameter ACC_X_Y_MAX bound to: 10'b0111111111 
	Parameter ACC_X_Y_MIN bound to: 10'b0000000000 
INFO: [Synth 8-3491] module 'AccelArithmetics' declared at 'C:/Users/lkeilly/Desktop/UNC stuff/Spring2020/COMP541/Labs/projects/final_project/final_project.srcs/sources_1/imports/sources/AccelArithmetics.vhd:49' bound to instance 'Accel_Calculation' of component 'AccelArithmetics' [C:/Users/lkeilly/Desktop/UNC stuff/Spring2020/COMP541/Labs/projects/final_project/final_project.srcs/sources_1/imports/sources/AccelerometerCtl.vhd:188]
INFO: [Synth 8-638] synthesizing module 'AccelArithmetics' [C:/Users/lkeilly/Desktop/UNC stuff/Spring2020/COMP541/Labs/projects/final_project/final_project.srcs/sources_1/imports/sources/AccelArithmetics.vhd:73]
	Parameter SYSCLK_FREQUENCY_HZ bound to: 100000000 - type: integer 
	Parameter ACC_X_Y_MAX bound to: 10'b0111111111 
	Parameter ACC_X_Y_MIN bound to: 10'b0000000000 
WARNING: [Synth 8-6014] Unused sequential element Data_Ready_0_reg was removed.  [C:/Users/lkeilly/Desktop/UNC stuff/Spring2020/COMP541/Labs/projects/final_project/final_project.srcs/sources_1/imports/sources/AccelArithmetics.vhd:177]
WARNING: [Synth 8-6014] Unused sequential element Data_Ready_1_reg was removed.  [C:/Users/lkeilly/Desktop/UNC stuff/Spring2020/COMP541/Labs/projects/final_project/final_project.srcs/sources_1/imports/sources/AccelArithmetics.vhd:178]
INFO: [Synth 8-256] done synthesizing module 'AccelArithmetics' (29#1) [C:/Users/lkeilly/Desktop/UNC stuff/Spring2020/COMP541/Labs/projects/final_project/final_project.srcs/sources_1/imports/sources/AccelArithmetics.vhd:73]
INFO: [Synth 8-256] done synthesizing module 'AccelerometerCtl' (30#1) [C:/Users/lkeilly/Desktop/UNC stuff/Spring2020/COMP541/Labs/projects/final_project/final_project.srcs/sources_1/imports/sources/AccelerometerCtl.vhd:69]
INFO: [Synth 8-6155] done synthesizing module 'accelerometer' (31#1) [C:/Users/lkeilly/Desktop/UNC stuff/Spring2020/COMP541/Labs/projects/final_project/final_project.srcs/sources_1/imports/sources/accelerometer.sv:13]
INFO: [Synth 8-6157] synthesizing module 'montek_sound_Nexys4' [C:/Users/lkeilly/Desktop/UNC stuff/Spring2020/COMP541/Labs/projects/final_project/final_project.srcs/sources_1/imports/new/montek_sound_Nexys4.sv:21]
INFO: [Synth 8-6155] done synthesizing module 'montek_sound_Nexys4' (32#1) [C:/Users/lkeilly/Desktop/UNC stuff/Spring2020/COMP541/Labs/projects/final_project/final_project.srcs/sources_1/imports/new/montek_sound_Nexys4.sv:21]
INFO: [Synth 8-6155] done synthesizing module 'top' (33#1) [C:/Users/lkeilly/Desktop/UNC stuff/Spring2020/COMP541/Labs/projects/final_project/final_project.srcs/sources_1/new/top.sv:11]
WARNING: [Synth 8-3917] design top has port audEn driven by constant 1
WARNING: [Synth 8-3331] design AccelArithmetics has unconnected port ACCEL_Z_IN[11]
WARNING: [Synth 8-3331] design AccelArithmetics has unconnected port ACCEL_Z_IN[10]
WARNING: [Synth 8-3331] design AccelArithmetics has unconnected port ACCEL_Z_IN[9]
WARNING: [Synth 8-3331] design AccelArithmetics has unconnected port ACCEL_Z_IN[8]
WARNING: [Synth 8-3331] design AccelArithmetics has unconnected port ACCEL_Z_IN[7]
WARNING: [Synth 8-3331] design AccelArithmetics has unconnected port ACCEL_Z_IN[6]
WARNING: [Synth 8-3331] design AccelArithmetics has unconnected port ACCEL_Z_IN[5]
WARNING: [Synth 8-3331] design AccelArithmetics has unconnected port ACCEL_Z_IN[4]
WARNING: [Synth 8-3331] design AccelArithmetics has unconnected port ACCEL_Z_IN[3]
WARNING: [Synth 8-3331] design AccelArithmetics has unconnected port ACCEL_Z_IN[2]
WARNING: [Synth 8-3331] design AccelArithmetics has unconnected port ACCEL_Z_IN[1]
WARNING: [Synth 8-3331] design AccelArithmetics has unconnected port ACCEL_Z_IN[0]
WARNING: [Synth 8-3331] design vgadisplaydriver has unconnected port charcode[3]
WARNING: [Synth 8-3331] design vgadisplaydriver has unconnected port charcode[2]
WARNING: [Synth 8-3331] design memIO has unconnected port cpu_addr[31]
WARNING: [Synth 8-3331] design memIO has unconnected port cpu_addr[30]
WARNING: [Synth 8-3331] design memIO has unconnected port cpu_addr[29]
WARNING: [Synth 8-3331] design memIO has unconnected port cpu_addr[28]
WARNING: [Synth 8-3331] design memIO has unconnected port cpu_addr[27]
WARNING: [Synth 8-3331] design memIO has unconnected port cpu_addr[26]
WARNING: [Synth 8-3331] design memIO has unconnected port cpu_addr[25]
WARNING: [Synth 8-3331] design memIO has unconnected port cpu_addr[24]
WARNING: [Synth 8-3331] design memIO has unconnected port cpu_addr[23]
WARNING: [Synth 8-3331] design memIO has unconnected port cpu_addr[22]
WARNING: [Synth 8-3331] design memIO has unconnected port cpu_addr[21]
WARNING: [Synth 8-3331] design memIO has unconnected port cpu_addr[20]
WARNING: [Synth 8-3331] design memIO has unconnected port cpu_addr[19]
WARNING: [Synth 8-3331] design memIO has unconnected port cpu_addr[18]
WARNING: [Synth 8-3331] design memIO has unconnected port cpu_addr[15]
WARNING: [Synth 8-3331] design memIO has unconnected port cpu_addr[14]
WARNING: [Synth 8-3331] design memIO has unconnected port cpu_addr[13]
WARNING: [Synth 8-3331] design memIO has unconnected port cpu_addr[1]
WARNING: [Synth 8-3331] design memIO has unconnected port cpu_addr[0]
WARNING: [Synth 8-3331] design datapath has unconnected port instr[31]
WARNING: [Synth 8-3331] design datapath has unconnected port instr[30]
WARNING: [Synth 8-3331] design datapath has unconnected port instr[29]
WARNING: [Synth 8-3331] design datapath has unconnected port instr[28]
WARNING: [Synth 8-3331] design datapath has unconnected port instr[27]
WARNING: [Synth 8-3331] design datapath has unconnected port instr[26]
---------------------------------------------------------------------------------
Finished RTL Elaboration : Time (s): cpu = 00:00:03 ; elapsed = 00:00:04 . Memory (MB): peak = 401.160 ; gain = 145.906
---------------------------------------------------------------------------------

Report Check Netlist: 
+------+------------------+-------+---------+-------+------------------+
|      |Item              |Errors |Warnings |Status |Description       |
+------+------------------+-------+---------+-------+------------------+
|1     |multi_driven_nets |      0|        0|Passed |Multi driven nets |
+------+------------------+-------+---------+-------+------------------+
---------------------------------------------------------------------------------
Start Handling Custom Attributes
---------------------------------------------------------------------------------
---------------------------------------------------------------------------------
Finished Handling Custom Attributes : Time (s): cpu = 00:00:03 ; elapsed = 00:00:04 . Memory (MB): peak = 401.160 ; gain = 145.906
---------------------------------------------------------------------------------
---------------------------------------------------------------------------------
Finished RTL Optimization Phase 1 : Time (s): cpu = 00:00:03 ; elapsed = 00:00:04 . Memory (MB): peak = 401.160 ; gain = 145.906
---------------------------------------------------------------------------------
INFO: [Netlist 29-17] Analyzing 6 Unisim elements for replacement
INFO: [Netlist 29-28] Unisim Transformation completed in 1 CPU seconds
INFO: [Device 21-403] Loading part xc7a100tcsg324-1
INFO: [Project 1-570] Preparing netlist for logic optimization

Processing XDC Constraints
Initializing timing engine
Parsing XDC File [C:/Users/lkeilly/Desktop/UNC stuff/Spring2020/COMP541/Labs/projects/final_project/final_project.srcs/constrs_1/new/clock.xdc]
Finished Parsing XDC File [C:/Users/lkeilly/Desktop/UNC stuff/Spring2020/COMP541/Labs/projects/final_project/final_project.srcs/constrs_1/new/clock.xdc]
INFO: [Project 1-236] Implementation specific constraints were found while reading constraint file [C:/Users/lkeilly/Desktop/UNC stuff/Spring2020/COMP541/Labs/projects/final_project/final_project.srcs/constrs_1/new/clock.xdc]. These constraints will be ignored for synthesis but will be used in implementation. Impacted constraints are listed in the file [.Xil/top_propImpl.xdc].
Resolution: To avoid this warning, move constraints listed in [.Xil/top_propImpl.xdc] to another XDC file and exclude this new file from synthesis with the used_in_synthesis property (File Properties dialog in GUI) and re-run elaboration/synthesis.
Parsing XDC File [C:/Users/lkeilly/Desktop/UNC stuff/Spring2020/COMP541/Labs/projects/final_project/final_project.srcs/constrs_1/new/reset.xdc]
Finished Parsing XDC File [C:/Users/lkeilly/Desktop/UNC stuff/Spring2020/COMP541/Labs/projects/final_project/final_project.srcs/constrs_1/new/reset.xdc]
INFO: [Project 1-236] Implementation specific constraints were found while reading constraint file [C:/Users/lkeilly/Desktop/UNC stuff/Spring2020/COMP541/Labs/projects/final_project/final_project.srcs/constrs_1/new/reset.xdc]. These constraints will be ignored for synthesis but will be used in implementation. Impacted constraints are listed in the file [.Xil/top_propImpl.xdc].
Resolution: To avoid this warning, move constraints listed in [.Xil/top_propImpl.xdc] to another XDC file and exclude this new file from synthesis with the used_in_synthesis property (File Properties dialog in GUI) and re-run elaboration/synthesis.
Parsing XDC File [C:/Users/lkeilly/Desktop/UNC stuff/Spring2020/COMP541/Labs/projects/final_project/final_project.srcs/constrs_1/new/vga.xdc]
Finished Parsing XDC File [C:/Users/lkeilly/Desktop/UNC stuff/Spring2020/COMP541/Labs/projects/final_project/final_project.srcs/constrs_1/new/vga.xdc]
INFO: [Project 1-236] Implementation specific constraints were found while reading constraint file [C:/Users/lkeilly/Desktop/UNC stuff/Spring2020/COMP541/Labs/projects/final_project/final_project.srcs/constrs_1/new/vga.xdc]. These constraints will be ignored for synthesis but will be used in implementation. Impacted constraints are listed in the file [.Xil/top_propImpl.xdc].
Resolution: To avoid this warning, move constraints listed in [.Xil/top_propImpl.xdc] to another XDC file and exclude this new file from synthesis with the used_in_synthesis property (File Properties dialog in GUI) and re-run elaboration/synthesis.
Parsing XDC File [C:/Users/lkeilly/Desktop/UNC stuff/Spring2020/COMP541/Labs/projects/final_project/final_project.srcs/constrs_1/imports/new/accelerometer.xdc]
Finished Parsing XDC File [C:/Users/lkeilly/Desktop/UNC stuff/Spring2020/COMP541/Labs/projects/final_project/final_project.srcs/constrs_1/imports/new/accelerometer.xdc]
INFO: [Project 1-236] Implementation specific constraints were found while reading constraint file [C:/Users/lkeilly/Desktop/UNC stuff/Spring2020/COMP541/Labs/projects/final_project/final_project.srcs/constrs_1/imports/new/accelerometer.xdc]. These constraints will be ignored for synthesis but will be used in implementation. Impacted constraints are listed in the file [.Xil/top_propImpl.xdc].
Resolution: To avoid this warning, move constraints listed in [.Xil/top_propImpl.xdc] to another XDC file and exclude this new file from synthesis with the used_in_synthesis property (File Properties dialog in GUI) and re-run elaboration/synthesis.
Parsing XDC File [C:/Users/lkeilly/Desktop/UNC stuff/Spring2020/COMP541/Labs/projects/final_project/final_project.srcs/constrs_1/imports/new/ledLights.xdc]
Finished Parsing XDC File [C:/Users/lkeilly/Desktop/UNC stuff/Spring2020/COMP541/Labs/projects/final_project/final_project.srcs/constrs_1/imports/new/ledLights.xdc]
INFO: [Project 1-236] Implementation specific constraints were found while reading constraint file [C:/Users/lkeilly/Desktop/UNC stuff/Spring2020/COMP541/Labs/projects/final_project/final_project.srcs/constrs_1/imports/new/ledLights.xdc]. These constraints will be ignored for synthesis but will be used in implementation. Impacted constraints are listed in the file [.Xil/top_propImpl.xdc].
Resolution: To avoid this warning, move constraints listed in [.Xil/top_propImpl.xdc] to another XDC file and exclude this new file from synthesis with the used_in_synthesis property (File Properties dialog in GUI) and re-run elaboration/synthesis.
Parsing XDC File [C:/Users/lkeilly/Desktop/UNC stuff/Spring2020/COMP541/Labs/projects/final_project/final_project.srcs/constrs_1/imports/new/segdisplay.xdc]
Finished Parsing XDC File [C:/Users/lkeilly/Desktop/UNC stuff/Spring2020/COMP541/Labs/projects/final_project/final_project.srcs/constrs_1/imports/new/segdisplay.xdc]
INFO: [Project 1-236] Implementation specific constraints were found while reading constraint file [C:/Users/lkeilly/Desktop/UNC stuff/Spring2020/COMP541/Labs/projects/final_project/final_project.srcs/constrs_1/imports/new/segdisplay.xdc]. These constraints will be ignored for synthesis but will be used in implementation. Impacted constraints are listed in the file [.Xil/top_propImpl.xdc].
Resolution: To avoid this warning, move constraints listed in [.Xil/top_propImpl.xdc] to another XDC file and exclude this new file from synthesis with the used_in_synthesis property (File Properties dialog in GUI) and re-run elaboration/synthesis.
Parsing XDC File [C:/Users/lkeilly/Desktop/UNC stuff/Spring2020/COMP541/Labs/projects/final_project/final_project.srcs/constrs_1/imports/new/sound.xdc]
Finished Parsing XDC File [C:/Users/lkeilly/Desktop/UNC stuff/Spring2020/COMP541/Labs/projects/final_project/final_project.srcs/constrs_1/imports/new/sound.xdc]
INFO: [Project 1-236] Implementation specific constraints were found while reading constraint file [C:/Users/lkeilly/Desktop/UNC stuff/Spring2020/COMP541/Labs/projects/final_project/final_project.srcs/constrs_1/imports/new/sound.xdc]. These constraints will be ignored for synthesis but will be used in implementation. Impacted constraints are listed in the file [.Xil/top_propImpl.xdc].
Resolution: To avoid this warning, move constraints listed in [.Xil/top_propImpl.xdc] to another XDC file and exclude this new file from synthesis with the used_in_synthesis property (File Properties dialog in GUI) and re-run elaboration/synthesis.
Parsing XDC File [C:/Users/lkeilly/Desktop/UNC stuff/Spring2020/COMP541/Labs/projects/final_project/final_project.srcs/constrs_1/imports/new/Nexis4.xdc]
Finished Parsing XDC File [C:/Users/lkeilly/Desktop/UNC stuff/Spring2020/COMP541/Labs/projects/final_project/final_project.srcs/constrs_1/imports/new/Nexis4.xdc]
INFO: [Project 1-236] Implementation specific constraints were found while reading constraint file [C:/Users/lkeilly/Desktop/UNC stuff/Spring2020/COMP541/Labs/projects/final_project/final_project.srcs/constrs_1/imports/new/Nexis4.xdc]. These constraints will be ignored for synthesis but will be used in implementation. Impacted constraints are listed in the file [.Xil/top_propImpl.xdc].
Resolution: To avoid this warning, move constraints listed in [.Xil/top_propImpl.xdc] to another XDC file and exclude this new file from synthesis with the used_in_synthesis property (File Properties dialog in GUI) and re-run elaboration/synthesis.
INFO: [Timing 38-2] Deriving generated clocks
Netlist sorting complete. Time (s): cpu = 00:00:00 ; elapsed = 00:00:00.001 . Memory (MB): peak = 763.199 ; gain = 0.000
Completed Processing XDC Constraints

Netlist sorting complete. Time (s): cpu = 00:00:00 ; elapsed = 00:00:00 . Memory (MB): peak = 763.199 ; gain = 0.000
INFO: [Project 1-111] Unisim Transformation Summary:
  A total of 6 instances were transformed.
  BUFGMUX => BUFGCTRL (inverted pins: CE0): 4 instances
  INV => LUT1: 1 instances
  MMCME2_BASE => MMCME2_ADV: 1 instances

Netlist sorting complete. Time (s): cpu = 00:00:00 ; elapsed = 00:00:00.001 . Memory (MB): peak = 763.199 ; gain = 0.000
Constraint Validation Runtime : Time (s): cpu = 00:00:00 ; elapsed = 00:00:00.013 . Memory (MB): peak = 763.199 ; gain = 0.000
---------------------------------------------------------------------------------
Finished Constraint Validation : Time (s): cpu = 00:00:10 ; elapsed = 00:00:12 . Memory (MB): peak = 763.199 ; gain = 507.945
---------------------------------------------------------------------------------
---------------------------------------------------------------------------------
Start Loading Part and Timing Information
---------------------------------------------------------------------------------
Loading part: xc7a100tcsg324-1
---------------------------------------------------------------------------------
Finished Loading Part and Timing Information : Time (s): cpu = 00:00:10 ; elapsed = 00:00:12 . Memory (MB): peak = 763.199 ; gain = 507.945
---------------------------------------------------------------------------------
---------------------------------------------------------------------------------
Start Applying 'set_property' XDC Constraints
---------------------------------------------------------------------------------
---------------------------------------------------------------------------------
Finished applying 'set_property' XDC Constraints : Time (s): cpu = 00:00:10 ; elapsed = 00:00:12 . Memory (MB): peak = 763.199 ; gain = 507.945
---------------------------------------------------------------------------------
INFO: [Synth 8-5546] ROM "mem" won't be mapped to RAM because it is too sparse
INFO: [Synth 8-5544] ROM "count" won't be mapped to Block RAM because address size (2) smaller than threshold (5)
INFO: [Synth 8-802] inferred FSM for state register 'StC_reg' in module 'SPI_If'
INFO: [Synth 8-5546] ROM "SCLK_2X_TICK" won't be mapped to RAM because it is too sparse
INFO: [Synth 8-5546] ROM "StN" won't be mapped to RAM because it is too sparse
INFO: [Synth 8-802] inferred FSM for state register 'StC_Spi_SendRec_reg' in module 'ADXL362Ctrl'
INFO: [Synth 8-802] inferred FSM for state register 'StC_Spi_Trans_reg' in module 'ADXL362Ctrl'
INFO: [Synth 8-802] inferred FSM for state register 'StC_Adxl_Ctrl_reg' in module 'ADXL362Ctrl'
INFO: [Synth 8-5546] ROM "Cnt_SS_Inactive_done" won't be mapped to RAM because it is too sparse
INFO: [Synth 8-5544] ROM "Cnt_Num_Reads_Done" won't be mapped to Block RAM because address size (4) smaller than threshold (5)
INFO: [Synth 8-5546] ROM "Sample_Rate_Tick" won't be mapped to RAM because it is too sparse
INFO: [Synth 8-5544] ROM "Cmd_Reg_Addr_Done" won't be mapped to Block RAM because address size (2) smaller than threshold (5)
INFO: [Synth 8-5544] ROM "StN_Spi_SendRec" won't be mapped to Block RAM because address size (1) smaller than threshold (5)
INFO: [Synth 8-5544] ROM "StN_Spi_SendRec" won't be mapped to Block RAM because address size (1) smaller than threshold (5)
INFO: [Synth 8-5544] ROM "StN_Spi_SendRec" won't be mapped to Block RAM because address size (1) smaller than threshold (5)
INFO: [Synth 8-5546] ROM "StN_Spi_Trans" won't be mapped to RAM because it is too sparse
INFO: [Synth 8-5544] ROM "StN_Adxl_Ctrl" won't be mapped to Block RAM because address size (1) smaller than threshold (5)
INFO: [Synth 8-5544] ROM "StN_Adxl_Ctrl" won't be mapped to Block RAM because address size (1) smaller than threshold (5)
INFO: [Synth 8-5546] ROM "Cnt_SS_Inactive_done" won't be mapped to RAM because it is too sparse
INFO: [Synth 8-5544] ROM "Cnt_Num_Reads_Done" won't be mapped to Block RAM because address size (4) smaller than threshold (5)
INFO: [Synth 8-5546] ROM "Sample_Rate_Tick" won't be mapped to RAM because it is too sparse
INFO: [Synth 8-5544] ROM "Cmd_Reg_Addr_Done" won't be mapped to Block RAM because address size (2) smaller than threshold (5)
INFO: [Synth 8-5544] ROM "StN_Spi_SendRec" won't be mapped to Block RAM because address size (1) smaller than threshold (5)
INFO: [Synth 8-5544] ROM "StN_Spi_SendRec" won't be mapped to Block RAM because address size (1) smaller than threshold (5)
INFO: [Synth 8-5544] ROM "StN_Spi_SendRec" won't be mapped to Block RAM because address size (1) smaller than threshold (5)
INFO: [Synth 8-5546] ROM "StN_Spi_Trans" won't be mapped to RAM because it is too sparse
INFO: [Synth 8-5544] ROM "StN_Adxl_Ctrl" won't be mapped to Block RAM because address size (1) smaller than threshold (5)
INFO: [Synth 8-5544] ROM "StN_Adxl_Ctrl" won't be mapped to Block RAM because address size (1) smaller than threshold (5)
INFO: [Synth 8-5544] ROM "Cmd_Reg_Data[0]" won't be mapped to Block RAM because address size (3) smaller than threshold (5)
INFO: [Synth 8-5544] ROM "Cmd_Reg_Data[0]" won't be mapped to Block RAM because address size (3) smaller than threshold (5)
INFO: [Synth 8-5544] ROM "Cmd_Reg[1]" won't be mapped to Block RAM because address size (1) smaller than threshold (5)
INFO: [Synth 8-5544] ROM "Cmd_Reg[2]" won't be mapped to Block RAM because address size (1) smaller than threshold (5)
INFO: [Synth 8-5544] ROM "Cnt_Bytes_Sent" won't be mapped to Block RAM because address size (1) smaller than threshold (5)
INFO: [Synth 8-5546] ROM "RESET_INT" won't be mapped to RAM because it is too sparse
---------------------------------------------------------------------------------------------------
                   State |                     New Encoding |                Previous Encoding 
---------------------------------------------------------------------------------------------------
                  stidle |                               00 |                         10100000
               stprepare |                               01 |                         00001001
                 stshift |                               10 |                         01011011
                  stdone |                               11 |                         00001110
---------------------------------------------------------------------------------------------------
INFO: [Synth 8-3354] encoded FSM with state register 'StC_reg' using encoding 'sequential' in module 'SPI_If'
---------------------------------------------------------------------------------------------------
                   State |                     New Encoding |                Previous Encoding 
---------------------------------------------------------------------------------------------------
        stspisendrecidle |                              000 |                          0000000
         stspipreparecmd |                              001 |                          1000001
         stspisendstartw |                              010 |                          0001011
        stspiwaitondonew |                              011 |                          0000111
         stspisendstartr |                              100 |                          0001110
        stspiwaitondoner |                              101 |                          0100100
        stspisendrecdone |                              110 |                          0010101
---------------------------------------------------------------------------------------------------
INFO: [Synth 8-3354] encoded FSM with state register 'StC_Spi_SendRec_reg' using encoding 'sequential' in module 'ADXL362Ctrl'
---------------------------------------------------------------------------------------------------
                   State |                     New Encoding |                Previous Encoding 
---------------------------------------------------------------------------------------------------
          stspitransidle |                              000 |                       0000000000
     stspiprepandsendcmd |                              001 |                       1111100001
       stspiwaitondonesr |                              010 |                       0000110011
     stspiwaitforssinact |                              011 |                       0000000010
          stspitransdone |                              100 |                       0000001110
---------------------------------------------------------------------------------------------------
INFO: [Synth 8-3354] encoded FSM with state register 'StC_Spi_Trans_reg' using encoding 'sequential' in module 'ADXL362Ctrl'
---------------------------------------------------------------------------------------------------
                   State |                     New Encoding |                Previous Encoding 
---------------------------------------------------------------------------------------------------
          stadxlctrlidle |                             0000 |                     100100000000
      stadxlsendresetcmd |                             0001 |                     011001000001
     stadxlwaitresetdone |                             0010 |                     010000000011
    stadxlconf_remaining |                             0011 |                     011001000010
stadxlwaitsampleratetick |                             0100 |                     000100000110
       stadxlread_status |                             0101 |                     011001000111
         stadxlread_data |                             0110 |                     011000000101
      stadxlformatandsum |                             0111 |                     000010101101
         stadxlread_done |                             1000 |                     000001011111
---------------------------------------------------------------------------------------------------
INFO: [Synth 8-3354] encoded FSM with state register 'StC_Adxl_Ctrl_reg' using encoding 'sequential' in module 'ADXL362Ctrl'
---------------------------------------------------------------------------------
Finished RTL Optimization Phase 2 : Time (s): cpu = 00:00:11 ; elapsed = 00:00:14 . Memory (MB): peak = 763.199 ; gain = 507.945
---------------------------------------------------------------------------------

Report RTL Partitions: 
+-+--------------+------------+----------+
| |RTL Partition |Replication |Instances |
+-+--------------+------------+----------+
+-+--------------+------------+----------+
---------------------------------------------------------------------------------
Start RTL Component Statistics 
---------------------------------------------------------------------------------
Detailed RTL Component Info : 
+---Adders : 
	   2 Input     32 Bit       Adders := 3     
	   2 Input     20 Bit       Adders := 1     
	   2 Input     13 Bit       Adders := 4     
	   3 Input     12 Bit       Adders := 1     
	   2 Input     10 Bit       Adders := 6     
	   2 Input      6 Bit       Adders := 1     
	   2 Input      4 Bit       Adders := 2     
	   2 Input      3 Bit       Adders := 3     
	   2 Input      2 Bit       Adders := 3     
+---XORs : 
	   2 Input     32 Bit         XORs := 2     
	   2 Input      1 Bit         XORs := 66    
+---Registers : 
	               32 Bit    Registers := 5     
	               20 Bit    Registers := 1     
	               13 Bit    Registers := 2     
	               12 Bit    Registers := 4     
	               10 Bit    Registers := 7     
	                8 Bit    Registers := 14    
	                7 Bit    Registers := 1     
	                6 Bit    Registers := 1     
	                4 Bit    Registers := 2     
	                3 Bit    Registers := 3     
	                2 Bit    Registers := 4     
	                1 Bit    Registers := 6     
+---Muxes : 
	   2 Input     32 Bit        Muxes := 14    
	   5 Input     32 Bit        Muxes := 3     
	   4 Input     32 Bit        Muxes := 1     
	 284 Input     32 Bit        Muxes := 1     
	   3 Input     32 Bit        Muxes := 1     
	   2 Input     20 Bit        Muxes := 1     
	  17 Input     16 Bit        Muxes := 1     
	   2 Input     13 Bit        Muxes := 2     
	   9 Input     12 Bit        Muxes := 1     
	  13 Input     10 Bit        Muxes := 2     
	   2 Input     10 Bit        Muxes := 3     
	   5 Input     10 Bit        Muxes := 1     
	   4 Input     10 Bit        Muxes := 2     
	   2 Input      8 Bit        Muxes := 4     
	   8 Input      8 Bit        Muxes := 1     
	   4 Input      8 Bit        Muxes := 1     
	   5 Input      8 Bit        Muxes := 2     
	   7 Input      7 Bit        Muxes := 1     
	   8 Input      7 Bit        Muxes := 2     
	  13 Input      5 Bit        Muxes := 1     
	  11 Input      5 Bit        Muxes := 1     
	   3 Input      5 Bit        Muxes := 1     
	   4 Input      5 Bit        Muxes := 1     
	   2 Input      4 Bit        Muxes := 7     
	   8 Input      4 Bit        Muxes := 1     
	   9 Input      4 Bit        Muxes := 1     
	   2 Input      3 Bit        Muxes := 8     
	   7 Input      3 Bit        Muxes := 1     
	   5 Input      3 Bit        Muxes := 1     
	   4 Input      3 Bit        Muxes := 1     
	   5 Input      2 Bit        Muxes := 2     
	   4 Input      2 Bit        Muxes := 2     
	   2 Input      2 Bit        Muxes := 2     
	   2 Input      1 Bit        Muxes := 27    
	   4 Input      1 Bit        Muxes := 1     
	   7 Input      1 Bit        Muxes := 1     
	   5 Input      1 Bit        Muxes := 1     
	   9 Input      1 Bit        Muxes := 1     
---------------------------------------------------------------------------------
Finished RTL Component Statistics 
---------------------------------------------------------------------------------
---------------------------------------------------------------------------------
Start RTL Hierarchical Component Statistics 
---------------------------------------------------------------------------------
Hierarchical RTL Component report 
Module top 
Detailed RTL Component Info : 
+---Muxes : 
	  17 Input     16 Bit        Muxes := 1     
Module clockdivider_Nexys4 
Detailed RTL Component Info : 
+---Adders : 
	   2 Input      3 Bit       Adders := 1     
+---Registers : 
	                3 Bit    Registers := 1     
Module controller 
Detailed RTL Component Info : 
+---Muxes : 
	  13 Input     10 Bit        Muxes := 2     
	  13 Input      5 Bit        Muxes := 1     
	  11 Input      5 Bit        Muxes := 1     
	   5 Input      2 Bit        Muxes := 1     
Module register_file 
Detailed RTL Component Info : 
+---Muxes : 
	   2 Input     32 Bit        Muxes := 2     
Module fulladder 
Detailed RTL Component Info : 
+---XORs : 
	   2 Input      1 Bit         XORs := 2     
Module adder 
Detailed RTL Component Info : 
+---XORs : 
	   2 Input      1 Bit         XORs := 1     
Module addsub 
Detailed RTL Component Info : 
+---XORs : 
	   2 Input     32 Bit         XORs := 1     
Module shifter 
Detailed RTL Component Info : 
+---Muxes : 
	   2 Input     32 Bit        Muxes := 2     
Module logical 
Detailed RTL Component Info : 
+---XORs : 
	   2 Input     32 Bit         XORs := 1     
+---Muxes : 
	   5 Input     32 Bit        Muxes := 1     
Module comparator 
Detailed RTL Component Info : 
+---XORs : 
	   2 Input      1 Bit         XORs := 1     
+---Muxes : 
	   2 Input      1 Bit        Muxes := 1     
Module ALU 
Detailed RTL Component Info : 
+---Muxes : 
	   2 Input     32 Bit        Muxes := 3     
Module datapath 
Detailed RTL Component Info : 
+---Adders : 
	   2 Input     32 Bit       Adders := 2     
+---Registers : 
	               32 Bit    Registers := 1     
+---Muxes : 
	   2 Input     32 Bit        Muxes := 4     
	   5 Input     32 Bit        Muxes := 2     
	   4 Input     32 Bit        Muxes := 1     
	   3 Input      5 Bit        Muxes := 1     
	   4 Input      5 Bit        Muxes := 1     
	   5 Input      2 Bit        Muxes := 1     
Module rom_module 
Detailed RTL Component Info : 
+---Muxes : 
	 284 Input     32 Bit        Muxes := 1     
Module memIO 
Detailed RTL Component Info : 
+---Registers : 
	               32 Bit    Registers := 2     
+---Muxes : 
	   2 Input     32 Bit        Muxes := 2     
	   3 Input     32 Bit        Muxes := 1     
Module xycounter 
Detailed RTL Component Info : 
+---Adders : 
	   2 Input     10 Bit       Adders := 2     
+---Registers : 
	               10 Bit    Registers := 2     
+---Muxes : 
	   2 Input     10 Bit        Muxes := 3     
Module vgatimer 
Detailed RTL Component Info : 
+---Adders : 
	   2 Input      2 Bit       Adders := 1     
+---Registers : 
	                2 Bit    Registers := 1     
Module vgadisplaydriver 
Detailed RTL Component Info : 
+---Adders : 
	   3 Input     12 Bit       Adders := 1     
+---Muxes : 
	   2 Input      4 Bit        Muxes := 3     
Module keyboard 
Detailed RTL Component Info : 
+---Adders : 
	   2 Input      4 Bit       Adders := 1     
+---Registers : 
	               32 Bit    Registers := 2     
	               10 Bit    Registers := 1     
	                4 Bit    Registers := 1     
	                2 Bit    Registers := 1     
+---Muxes : 
	   2 Input     32 Bit        Muxes := 1     
	   2 Input      1 Bit        Muxes := 1     
Module display8digit 
Detailed RTL Component Info : 
+---Muxes : 
	   2 Input      8 Bit        Muxes := 1     
	   8 Input      8 Bit        Muxes := 1     
	   8 Input      4 Bit        Muxes := 1     
	   2 Input      4 Bit        Muxes := 1     
Module SPI_If 
Detailed RTL Component Info : 
+---Adders : 
	   2 Input      6 Bit       Adders := 1     
	   2 Input      3 Bit       Adders := 1     
+---Registers : 
	                8 Bit    Registers := 3     
	                6 Bit    Registers := 1     
	                3 Bit    Registers := 1     
	                1 Bit    Registers := 3     
+---Muxes : 
	   4 Input      8 Bit        Muxes := 1     
	   2 Input      8 Bit        Muxes := 2     
	   2 Input      3 Bit        Muxes := 1     
	   4 Input      2 Bit        Muxes := 1     
	   2 Input      1 Bit        Muxes := 3     
	   4 Input      1 Bit        Muxes := 1     
Module ADXL362Ctrl 
Detailed RTL Component Info : 
+---Adders : 
	   2 Input     20 Bit       Adders := 1     
	   2 Input     10 Bit       Adders := 1     
	   2 Input      4 Bit       Adders := 1     
	   2 Input      3 Bit       Adders := 1     
	   2 Input      2 Bit       Adders := 2     
+---Registers : 
	               20 Bit    Registers := 1     
	               12 Bit    Registers := 4     
	               10 Bit    Registers := 1     
	                8 Bit    Registers := 11    
	                7 Bit    Registers := 1     
	                4 Bit    Registers := 1     
	                3 Bit    Registers := 1     
	                2 Bit    Registers := 2     
	                1 Bit    Registers := 2     
+---Muxes : 
	   2 Input     20 Bit        Muxes := 1     
	   9 Input     12 Bit        Muxes := 1     
	   5 Input     10 Bit        Muxes := 1     
	   5 Input      8 Bit        Muxes := 2     
	   2 Input      8 Bit        Muxes := 1     
	   7 Input      7 Bit        Muxes := 1     
	   8 Input      7 Bit        Muxes := 2     
	   2 Input      4 Bit        Muxes := 3     
	   9 Input      4 Bit        Muxes := 1     
	   2 Input      3 Bit        Muxes := 7     
	   7 Input      3 Bit        Muxes := 1     
	   5 Input      3 Bit        Muxes := 1     
	   4 Input      3 Bit        Muxes := 1     
	   4 Input      2 Bit        Muxes := 1     
	   2 Input      2 Bit        Muxes := 2     
	   2 Input      1 Bit        Muxes := 21    
	   7 Input      1 Bit        Muxes := 1     
	   5 Input      1 Bit        Muxes := 1     
	   9 Input      1 Bit        Muxes := 1     
Module AccelArithmetics 
Detailed RTL Component Info : 
+---Adders : 
	   2 Input     13 Bit       Adders := 4     
	   2 Input     10 Bit       Adders := 2     
+---Registers : 
	               13 Bit    Registers := 2     
	               10 Bit    Registers := 2     
+---Muxes : 
	   2 Input     13 Bit        Muxes := 2     
	   4 Input     10 Bit        Muxes := 2     
Module AccelerometerCtl 
Detailed RTL Component Info : 
+---Adders : 
	   2 Input     10 Bit       Adders := 1     
+---Registers : 
	               10 Bit    Registers := 1     
	                1 Bit    Registers := 1     
+---Muxes : 
	   2 Input      1 Bit        Muxes := 1     
Module montek_sound_Nexys4 
Detailed RTL Component Info : 
+---Adders : 
	   2 Input     32 Bit       Adders := 1     
---------------------------------------------------------------------------------
Finished RTL Hierarchical Component Statistics
---------------------------------------------------------------------------------
---------------------------------------------------------------------------------
Start Part Resource Summary
---------------------------------------------------------------------------------
Part Resources:
DSPs: 240 (col length:80)
BRAMs: 270 (col length: RAMB18 80 RAMB36 40)
---------------------------------------------------------------------------------
Finished Part Resource Summary
---------------------------------------------------------------------------------
---------------------------------------------------------------------------------
Start Cross Boundary and Area Optimization
---------------------------------------------------------------------------------
Warning: Parallel synthesis criteria is not met 
INFO: [Synth 8-5544] ROM "p_0_out" won't be mapped to Block RAM because address size (4) smaller than threshold (5)
INFO: [Synth 8-4471] merging register 'accel/ADXL_Control/Cmd_Reg_Data_Addr_reg[1:0]' into 'accel/ADXL_Control/Cmd_Reg_Data_Addr_reg[1:0]' [C:/Users/lkeilly/Desktop/UNC stuff/Spring2020/COMP541/Labs/projects/final_project/final_project.srcs/sources_1/imports/sources/ADXL362Ctrl.vhd:451]
INFO: [Synth 8-5544] ROM "accel/ADXL_Control/Cmd_Reg_Addr_Done" won't be mapped to Block RAM because address size (2) smaller than threshold (5)
INFO: [Synth 8-5544] ROM "accel/ADXL_Control/Cnt_Num_Reads_Done" won't be mapped to Block RAM because address size (4) smaller than threshold (5)
INFO: [Synth 8-5546] ROM "accel/ADXL_Control/SPI_Interface/SCLK_2X_TICK" won't be mapped to RAM because it is too sparse
INFO: [Synth 8-5546] ROM "accel/ADXL_Control/Sample_Rate_Tick" won't be mapped to RAM because it is too sparse
INFO: [Synth 8-5546] ROM "accel/ADXL_Control/Cnt_SS_Inactive_done" won't be mapped to RAM because it is too sparse
INFO: [Synth 8-5546] ROM "accel/RESET_INT" won't be mapped to RAM because it is too sparse
WARNING: [Synth 8-3917] design top has port audEn driven by constant 1
WARNING: [Synth 8-3331] design vgadisplaydriver has unconnected port charcode[3]
WARNING: [Synth 8-3331] design vgadisplaydriver has unconnected port charcode[2]
WARNING: [Synth 8-3331] design memIO has unconnected port cpu_addr[31]
WARNING: [Synth 8-3331] design memIO has unconnected port cpu_addr[30]
WARNING: [Synth 8-3331] design memIO has unconnected port cpu_addr[29]
WARNING: [Synth 8-3331] design memIO has unconnected port cpu_addr[28]
WARNING: [Synth 8-3331] design memIO has unconnected port cpu_addr[27]
WARNING: [Synth 8-3331] design memIO has unconnected port cpu_addr[26]
WARNING: [Synth 8-3331] design memIO has unconnected port cpu_addr[25]
WARNING: [Synth 8-3331] design memIO has unconnected port cpu_addr[24]
WARNING: [Synth 8-3331] design memIO has unconnected port cpu_addr[23]
WARNING: [Synth 8-3331] design memIO has unconnected port cpu_addr[22]
WARNING: [Synth 8-3331] design memIO has unconnected port cpu_addr[21]
WARNING: [Synth 8-3331] design memIO has unconnected port cpu_addr[20]
WARNING: [Synth 8-3331] design memIO has unconnected port cpu_addr[19]
WARNING: [Synth 8-3331] design memIO has unconnected port cpu_addr[18]
WARNING: [Synth 8-3331] design memIO has unconnected port cpu_addr[15]
WARNING: [Synth 8-3331] design memIO has unconnected port cpu_addr[14]
WARNING: [Synth 8-3331] design memIO has unconnected port cpu_addr[13]
WARNING: [Synth 8-3331] design memIO has unconnected port cpu_addr[1]
WARNING: [Synth 8-3331] design memIO has unconnected port cpu_addr[0]
INFO: [Synth 8-3886] merging instance 'accel/accel/ADXL_Control/Cmd_Reg_reg[0][0]' (FDRE) to 'accel/accel/ADXL_Control/Cmd_Reg_reg[0][5]'
INFO: [Synth 8-3886] merging instance 'accel/accel/ADXL_Control/Cmd_Reg_reg[0][3]' (FDRE) to 'accel/accel/ADXL_Control/Cmd_Reg_reg[0][5]'
INFO: [Synth 8-3333] propagating constant 0 across sequential element (accel/\accel/ADXL_Control/Cmd_Reg_reg[0][5] )
INFO: [Synth 8-3333] propagating constant 0 across sequential element (accel/\accel/ADXL_Control/Cmd_Reg_reg[1][7] )
INFO: [Synth 8-3886] merging instance 'keyb/temp_char_reg[13]' (FDE) to 'keyb/temp_char_reg[14]'
INFO: [Synth 8-3886] merging instance 'keyb/temp_char_reg[9]' (FDE) to 'keyb/temp_char_reg[8]'
INFO: [Synth 8-3886] merging instance 'keyb/temp_char_reg[8]' (FDE) to 'keyb/temp_char_reg[10]'
INFO: [Synth 8-3886] merging instance 'keyb/temp_char_reg[14]' (FDE) to 'keyb/temp_char_reg[15]'
INFO: [Synth 8-3886] merging instance 'keyb/temp_char_reg[10]' (FDE) to 'keyb/temp_char_reg[11]'
INFO: [Synth 8-3333] propagating constant 0 across sequential element (keyb/\temp_char_reg[11] )
INFO: [Synth 8-3886] merging instance 'keyb/keyb_char_reg[13]' (FDE) to 'keyb/keyb_char_reg[15]'
INFO: [Synth 8-3886] merging instance 'keyb/keyb_char_reg[9]' (FDE) to 'keyb/keyb_char_reg[11]'
INFO: [Synth 8-3886] merging instance 'keyb/keyb_char_reg[8]' (FDE) to 'keyb/keyb_char_reg[11]'
INFO: [Synth 8-3886] merging instance 'keyb/keyb_char_reg[14]' (FDE) to 'keyb/keyb_char_reg[15]'
INFO: [Synth 8-3886] merging instance 'keyb/keyb_char_reg[10]' (FDE) to 'keyb/keyb_char_reg[11]'
INFO: [Synth 8-3333] propagating constant 0 across sequential element (keyb/\keyb_char_reg[11] )
INFO: [Synth 8-3886] merging instance 'keyb/temp_char_reg[21]' (FDE) to 'keyb/temp_char_reg[22]'
INFO: [Synth 8-3886] merging instance 'keyb/temp_char_reg[11]' (FDE) to 'keyb/temp_char_reg[17]'
INFO: [Synth 8-3886] merging instance 'keyb/temp_char_reg[17]' (FDE) to 'keyb/temp_char_reg[16]'
INFO: [Synth 8-3886] merging instance 'keyb/temp_char_reg[16]' (FDE) to 'keyb/temp_char_reg[18]'
INFO: [Synth 8-3886] merging instance 'keyb/temp_char_reg[22]' (FDE) to 'keyb/temp_char_reg[23]'
INFO: [Synth 8-3886] merging instance 'keyb/temp_char_reg[18]' (FDE) to 'keyb/temp_char_reg[19]'
INFO: [Synth 8-3333] propagating constant 0 across sequential element (keyb/\temp_char_reg[19] )
INFO: [Synth 8-3886] merging instance 'keyb/keyb_char_reg[21]' (FDE) to 'keyb/keyb_char_reg[23]'
INFO: [Synth 8-3886] merging instance 'keyb/keyb_char_reg[17]' (FDE) to 'keyb/keyb_char_reg[19]'
INFO: [Synth 8-3886] merging instance 'keyb/keyb_char_reg[11]' (FDE) to 'keyb/keyb_char_reg[19]'
INFO: [Synth 8-3886] merging instance 'keyb/keyb_char_reg[16]' (FDE) to 'keyb/keyb_char_reg[19]'
INFO: [Synth 8-3886] merging instance 'keyb/keyb_char_reg[22]' (FDE) to 'keyb/keyb_char_reg[23]'
INFO: [Synth 8-3886] merging instance 'keyb/keyb_char_reg[18]' (FDE) to 'keyb/keyb_char_reg[19]'
INFO: [Synth 8-3333] propagating constant 0 across sequential element (keyb/\keyb_char_reg[19] )
INFO: [Synth 8-3886] merging instance 'keyb/keyb_char_reg[29]' (FDE) to 'keyb/keyb_char_reg[31]'
INFO: [Synth 8-3886] merging instance 'keyb/keyb_char_reg[25]' (FDE) to 'keyb/keyb_char_reg[27]'
INFO: [Synth 8-3886] merging instance 'keyb/keyb_char_reg[19]' (FDE) to 'keyb/keyb_char_reg[27]'
INFO: [Synth 8-3886] merging instance 'keyb/keyb_char_reg[24]' (FDE) to 'keyb/keyb_char_reg[27]'
INFO: [Synth 8-3886] merging instance 'keyb/keyb_char_reg[30]' (FDE) to 'keyb/keyb_char_reg[31]'
INFO: [Synth 8-3886] merging instance 'keyb/keyb_char_reg[26]' (FDE) to 'keyb/keyb_char_reg[27]'
INFO: [Synth 8-3333] propagating constant 0 across sequential element (keyb/\keyb_char_reg[27] )
---------------------------------------------------------------------------------
Finished Cross Boundary and Area Optimization : Time (s): cpu = 00:00:37 ; elapsed = 00:00:40 . Memory (MB): peak = 767.984 ; gain = 512.730
---------------------------------------------------------------------------------
---------------------------------------------------------------------------------
Start ROM, RAM, DSP and Shift Register Reporting
---------------------------------------------------------------------------------

ROM:
+-----------------+------------+---------------+----------------+
|Module Name      | RTL Object | Depth x Width | Implemented As | 
+-----------------+------------+---------------+----------------+
|rom_module       | p_0_out    | 1024x12       | LUT            | 
|vgadisplaydriver | p_0_out    | 1024x12       | LUT            | 
+-----------------+------------+---------------+----------------+


Distributed RAM: Preliminary Mapping  Report (see note below)
+------------+--------------+-----------+----------------------+-------------------------------------------------+
|Module Name | RTL Object   | Inference | Size (Depth x Width) | Primitives                                      | 
+------------+--------------+-----------+----------------------+-------------------------------------------------+
|mips        | dp/rf/rf_reg | Implied   | 32 x 32              | RAM32M x 12                                     | 
|memIO       | smem/mem_reg | Implied   | 2 K x 32             | RAM16X1D x 32  RAM32X1D x 32  RAM128X1D x 288   | 
|memIO       | dmem/mem_reg | Implied   | 64 x 32              | RAM64X1S x 32                                   | 
+------------+--------------+-----------+----------------------+-------------------------------------------------+

Note: The table above is a preliminary report that shows the Distributed RAMs at the current stage of the synthesis flow. Some Distributed RAMs may be reimplemented as non Distributed RAM primitives later in the synthesis flow. Multiple instantiated RAMs are reported only once.
---------------------------------------------------------------------------------
Finished ROM, RAM, DSP and Shift Register Reporting
---------------------------------------------------------------------------------

Report RTL Partitions: 
+-+--------------+------------+----------+
| |RTL Partition |Replication |Instances |
+-+--------------+------------+----------+
+-+--------------+------------+----------+
---------------------------------------------------------------------------------
Start Applying XDC Timing Constraints
---------------------------------------------------------------------------------
---------------------------------------------------------------------------------
Finished Applying XDC Timing Constraints : Time (s): cpu = 00:00:43 ; elapsed = 00:00:46 . Memory (MB): peak = 767.984 ; gain = 512.730
---------------------------------------------------------------------------------
---------------------------------------------------------------------------------
Start Timing Optimization
---------------------------------------------------------------------------------
---------------------------------------------------------------------------------
Finished Timing Optimization : Time (s): cpu = 00:00:44 ; elapsed = 00:00:47 . Memory (MB): peak = 772.414 ; gain = 517.160
---------------------------------------------------------------------------------
---------------------------------------------------------------------------------
Start ROM, RAM, DSP and Shift Register Reporting
---------------------------------------------------------------------------------

Distributed RAM: Final Mapping  Report
+------------+--------------+-----------+----------------------+-------------------------------------------------+
|Module Name | RTL Object   | Inference | Size (Depth x Width) | Primitives                                      | 
+------------+--------------+-----------+----------------------+-------------------------------------------------+
|mips        | dp/rf/rf_reg | Implied   | 32 x 32              | RAM32M x 12                                     | 
|memIO       | smem/mem_reg | Implied   | 2 K x 32             | RAM16X1D x 32  RAM32X1D x 32  RAM128X1D x 288   | 
|memIO       | dmem/mem_reg | Implied   | 64 x 32              | RAM64X1S x 32                                   | 
+------------+--------------+-----------+----------------------+-------------------------------------------------+

---------------------------------------------------------------------------------
Finished ROM, RAM, DSP and Shift Register Reporting
---------------------------------------------------------------------------------

Report RTL Partitions: 
+-+--------------+------------+----------+
| |RTL Partition |Replication |Instances |
+-+--------------+------------+----------+
+-+--------------+------------+----------+
---------------------------------------------------------------------------------
Start Technology Mapping
---------------------------------------------------------------------------------
---------------------------------------------------------------------------------
Finished Technology Mapping : Time (s): cpu = 00:00:46 ; elapsed = 00:00:49 . Memory (MB): peak = 842.152 ; gain = 586.898
---------------------------------------------------------------------------------

Report RTL Partitions: 
+-+--------------+------------+----------+
| |RTL Partition |Replication |Instances |
+-+--------------+------------+----------+
+-+--------------+------------+----------+
---------------------------------------------------------------------------------
Start IO Insertion
---------------------------------------------------------------------------------
---------------------------------------------------------------------------------
Start Flattening Before IO Insertion
---------------------------------------------------------------------------------
---------------------------------------------------------------------------------
Finished Flattening Before IO Insertion
---------------------------------------------------------------------------------
---------------------------------------------------------------------------------
Start Final Netlist Cleanup
---------------------------------------------------------------------------------
---------------------------------------------------------------------------------
Finished Final Netlist Cleanup
---------------------------------------------------------------------------------
---------------------------------------------------------------------------------
Finished IO Insertion : Time (s): cpu = 00:00:47 ; elapsed = 00:00:50 . Memory (MB): peak = 842.152 ; gain = 586.898
---------------------------------------------------------------------------------

Report Check Netlist: 
+------+------------------+-------+---------+-------+------------------+
|      |Item              |Errors |Warnings |Status |Description       |
+------+------------------+-------+---------+-------+------------------+
|1     |multi_driven_nets |      0|        0|Passed |Multi driven nets |
+------+------------------+-------+---------+-------+------------------+
---------------------------------------------------------------------------------
Start Renaming Generated Instances
---------------------------------------------------------------------------------
---------------------------------------------------------------------------------
Finished Renaming Generated Instances : Time (s): cpu = 00:00:47 ; elapsed = 00:00:50 . Memory (MB): peak = 842.152 ; gain = 586.898
---------------------------------------------------------------------------------

Report RTL Partitions: 
+-+--------------+------------+----------+
| |RTL Partition |Replication |Instances |
+-+--------------+------------+----------+
+-+--------------+------------+----------+
---------------------------------------------------------------------------------
Start Rebuilding User Hierarchy
---------------------------------------------------------------------------------
---------------------------------------------------------------------------------
Finished Rebuilding User Hierarchy : Time (s): cpu = 00:00:47 ; elapsed = 00:00:50 . Memory (MB): peak = 842.152 ; gain = 586.898
---------------------------------------------------------------------------------
---------------------------------------------------------------------------------
Start Renaming Generated Ports
---------------------------------------------------------------------------------
---------------------------------------------------------------------------------
Finished Renaming Generated Ports : Time (s): cpu = 00:00:47 ; elapsed = 00:00:50 . Memory (MB): peak = 842.152 ; gain = 586.898
---------------------------------------------------------------------------------
---------------------------------------------------------------------------------
Start Handling Custom Attributes
---------------------------------------------------------------------------------
---------------------------------------------------------------------------------
Finished Handling Custom Attributes : Time (s): cpu = 00:00:47 ; elapsed = 00:00:50 . Memory (MB): peak = 842.152 ; gain = 586.898
---------------------------------------------------------------------------------
---------------------------------------------------------------------------------
Start Renaming Generated Nets
---------------------------------------------------------------------------------
---------------------------------------------------------------------------------
Finished Renaming Generated Nets : Time (s): cpu = 00:00:47 ; elapsed = 00:00:50 . Memory (MB): peak = 842.152 ; gain = 586.898
---------------------------------------------------------------------------------
---------------------------------------------------------------------------------
Start ROM, RAM, DSP and Shift Register Reporting
---------------------------------------------------------------------------------

Static Shift Register Report:
+------------+---------------------------------------------+--------+-------+--------------+--------------------+-------------------+--------+---------+
|Module Name | RTL Name                                    | Length | Width | Reset Signal | Pull out first Reg | Pull out last Reg | SRL16E | SRLC32E | 
+------------+---------------------------------------------+--------+-------+--------------+--------------------+-------------------+--------+---------+
|top         | accel/accel/ADXL_Control/Data_Reg_reg[4][7] | 4      | 2     | NO           | NO                 | YES               | 2      | 0       | 
|top         | accel/accel/ADXL_Control/Data_Reg_reg[4][6] | 5      | 6     | NO           | NO                 | YES               | 6      | 0       | 
+------------+---------------------------------------------+--------+-------+--------------+--------------------+-------------------+--------+---------+

---------------------------------------------------------------------------------
Finished ROM, RAM, DSP and Shift Register Reporting
---------------------------------------------------------------------------------
---------------------------------------------------------------------------------
Start Writing Synthesis Report
---------------------------------------------------------------------------------

Report BlackBoxes: 
+-+--------------+----------+
| |BlackBox name |Instances |
+-+--------------+----------+
+-+--------------+----------+

Report Cell Usage: 
+------+------------+------+
|      |Cell        |Count |
+------+------------+------+
|1     |BUFG        |     1|
|2     |BUFGMUX     |     4|
|3     |CARRY4      |    78|
|4     |INV         |     1|
|5     |LUT1        |    82|
|6     |LUT2        |   237|
|7     |LUT3        |   148|
|8     |LUT4        |   240|
|9     |LUT5        |   232|
|10    |LUT6        |   848|
|11    |MMCME2_BASE |     1|
|12    |MUXF7       |   120|
|13    |MUXF8       |     6|
|14    |RAM128X1D   |   288|
|15    |RAM16X1D    |    32|
|16    |RAM32M      |    12|
|17    |RAM32X1D    |    32|
|18    |RAM64X1S    |    32|
|19    |SRL16E      |     8|
|20    |FDRE        |   468|
|21    |FDSE        |     5|
|22    |IBUF        |     5|
|23    |OBUF        |    51|
+------+------------+------+

Report Instance Areas: 
+------+------------------------+--------------------+------+
|      |Instance                |Module              |Cells |
+------+------------------------+--------------------+------+
|1     |top                     |                    |  2931|
|2     |  accel                 |accelerometer       |   589|
|3     |    accel               |AccelerometerCtl    |   589|
|4     |      ADXL_Control      |ADXL362Ctrl         |   452|
|5     |        SPI_Interface   |SPI_If              |    78|
|6     |      Accel_Calculation |AccelArithmetics    |   113|
|7     |  clkdv                 |clockdivider_Nexys4 |    14|
|8     |  disp                  |display8digit       |    34|
|9     |  display               |vgadisplaydriver    |   184|
|10    |    myvgatimer          |vgatimer            |   114|
|11    |      xy                |xycounter           |   110|
|12    |  keyb                  |keyboard            |    99|
|13    |  memIO                 |memIO               |   529|
|14    |    dmem                |ram_module          |    35|
|15    |    smem                |ram_module_2port    |   389|
|16    |  mips                  |mips                |  1347|
|17    |    dp                  |datapath            |  1347|
|18    |      rf                |register_file       |  1254|
|19    |  sound                 |montek_sound_Nexys4 |    79|
+------+------------------------+--------------------+------+
---------------------------------------------------------------------------------
Finished Writing Synthesis Report : Time (s): cpu = 00:00:47 ; elapsed = 00:00:50 . Memory (MB): peak = 842.152 ; gain = 586.898
---------------------------------------------------------------------------------
Synthesis finished with 0 errors, 0 critical warnings and 22 warnings.
Synthesis Optimization Runtime : Time (s): cpu = 00:00:39 ; elapsed = 00:00:44 . Memory (MB): peak = 842.152 ; gain = 224.859
Synthesis Optimization Complete : Time (s): cpu = 00:00:47 ; elapsed = 00:00:50 . Memory (MB): peak = 842.152 ; gain = 586.898
INFO: [Project 1-571] Translating synthesized netlist
INFO: [Netlist 29-17] Analyzing 606 Unisim elements for replacement
INFO: [Netlist 29-28] Unisim Transformation completed in 0 CPU seconds
INFO: [Project 1-570] Preparing netlist for logic optimization
INFO: [Opt 31-138] Pushed 0 inverter(s) to 0 load pin(s).
Netlist sorting complete. Time (s): cpu = 00:00:00 ; elapsed = 00:00:00.002 . Memory (MB): peak = 842.152 ; gain = 0.000
INFO: [Project 1-111] Unisim Transformation Summary:
  A total of 402 instances were transformed.
  BUFGMUX => BUFGCTRL (inverted pins: CE0): 4 instances
  INV => LUT1: 1 instances
  MMCME2_BASE => MMCME2_ADV: 1 instances
  RAM128X1D => RAM128X1D (RAMD64E, RAMD64E, MUXF7, MUXF7, RAMD64E, RAMD64E): 288 instances
  RAM16X1D => RAM32X1D (RAMD32, RAMD32): 32 instances
  RAM32M => RAM32M (RAMD32, RAMD32, RAMD32, RAMD32, RAMD32, RAMD32, RAMS32, RAMS32): 12 instances
  RAM32X1D => RAM32X1D (RAMD32, RAMD32): 32 instances
  RAM64X1S => RAM64X1S (RAMS64E): 32 instances

INFO: [Common 17-83] Releasing license: Synthesis
185 Infos, 73 Warnings, 0 Critical Warnings and 0 Errors encountered.
synth_design completed successfully
synth_design: Time (s): cpu = 00:00:50 ; elapsed = 00:00:53 . Memory (MB): peak = 842.152 ; gain = 586.898
Netlist sorting complete. Time (s): cpu = 00:00:00 ; elapsed = 00:00:00.001 . Memory (MB): peak = 842.152 ; gain = 0.000
WARNING: [Constraints 18-5210] No constraints selected for write.
Resolution: This message can indicate that there are no constraints for the design, or it can indicate that the used_in flags are set such that the constraints are ignored. This later case is used when running synth_design to not write synthesis constraints to the resulting checkpoint. Instead, project constraints are read when the synthesized design is opened.
INFO: [Common 17-1381] The checkpoint 'C:/Users/lkeilly/Desktop/UNC stuff/Spring2020/COMP541/Labs/projects/final_project/final_project.runs/synth_1/top.dcp' has been generated.
INFO: [runtcl-4] Executing : report_utilization -file top_utilization_synth.rpt -pb top_utilization_synth.pb
INFO: [Common 17-206] Exiting Vivado at Wed Apr 22 12:19:31 2020...
