Copyright 1986-2018 Xilinx, Inc. All Rights Reserved.
-----------------------------------------------------------------------------------------------------------------------------------------------------------------------------------------------------------------------
| Tool Version : Vivado v.2018.3 (win64) Build 2405991 Thu Dec  6 23:38:27 MST 2018
| Date         : Fri Feb  7 14:58:06 2020
| Host         : lkeilly-pc running 64-bit major release  (build 9200)
| Command      : report_timing_summary -max_paths 10 -file vgadisplaydriver_timing_summary_routed.rpt -pb vgadisplaydriver_timing_summary_routed.pb -rpx vgadisplaydriver_timing_summary_routed.rpx -warn_on_violation
| Design       : vgadisplaydriver
| Device       : 7a100t-csg324
| Speed File   : -1  PRODUCTION 1.23 2018-06-13
-----------------------------------------------------------------------------------------------------------------------------------------------------------------------------------------------------------------------

Timing Summary Report

------------------------------------------------------------------------------------------------
| Timer Settings
| --------------
------------------------------------------------------------------------------------------------

  Enable Multi Corner Analysis               :  Yes
  Enable Pessimism Removal                   :  Yes
  Pessimism Removal Resolution               :  Nearest Common Node
  Enable Input Delay Default Clock           :  No
  Enable Preset / Clear Arcs                 :  No
  Disable Flight Delays                      :  No
  Ignore I/O Paths                           :  No
  Timing Early Launch at Borrowing Latches   :  false

  Corner  Analyze    Analyze    
  Name    Max Paths  Min Paths  
  ------  ---------  ---------  
  Slow    Yes        Yes        
  Fast    Yes        Yes        



check_timing report

Table of Contents
-----------------
1. checking no_clock
2. checking constant_clock
3. checking pulse_width_clock
4. checking unconstrained_internal_endpoints
5. checking no_input_delay
6. checking no_output_delay
7. checking multiple_clock
8. checking generated_clocks
9. checking loops
10. checking partial_input_delay
11. checking partial_output_delay
12. checking latch_loops

1. checking no_clock
--------------------
 There are 0 register/latch pins with no clock.


2. checking constant_clock
--------------------------
 There are 0 register/latch pins with constant_clock.


3. checking pulse_width_clock
-----------------------------
 There are 0 register/latch pins which need pulse_width check


4. checking unconstrained_internal_endpoints
--------------------------------------------
 There are 0 pins that are not constrained for maximum delay.

 There are 0 pins that are not constrained for maximum delay due to constant clock.


5. checking no_input_delay
--------------------------
 There are 0 input ports with no input delay specified.

 There are 0 input ports with no input delay but user has a false path constraint.


6. checking no_output_delay
---------------------------
 There are 14 ports with no output delay specified. (HIGH)

 There are 0 ports with no output delay but user has a false path constraint

 There are 0 ports with no output delay but with a timing clock defined on it or propagating through it


7. checking multiple_clock
--------------------------
 There are 0 register/latch pins with multiple clocks.


8. checking generated_clocks
----------------------------
 There are 0 generated clocks that are not connected to a clock source.


9. checking loops
-----------------
 There are 0 combinational loops in the design.


10. checking partial_input_delay
--------------------------------
 There are 0 input ports with partial input delay specified.


11. checking partial_output_delay
---------------------------------
 There are 0 ports with partial output delay specified.


12. checking latch_loops
------------------------
 There are 0 combinational latch loops in the design through latch input



------------------------------------------------------------------------------------------------
| Design Timing Summary
| ---------------------
------------------------------------------------------------------------------------------------

    WNS(ns)      TNS(ns)  TNS Failing Endpoints  TNS Total Endpoints      WHS(ns)      THS(ns)  THS Failing Endpoints  THS Total Endpoints     WPWS(ns)     TPWS(ns)  TPWS Failing Endpoints  TPWS Total Endpoints  
    -------      -------  ---------------------  -------------------      -------      -------  ---------------------  -------------------     --------     --------  ----------------------  --------------------  
      5.842        0.000                      0                   52        0.208        0.000                      0                   52        4.500        0.000                       0                    23  


All user specified timing constraints are met.


------------------------------------------------------------------------------------------------
| Clock Summary
| -------------
------------------------------------------------------------------------------------------------

Clock        Waveform(ns)       Period(ns)      Frequency(MHz)
-----        ------------       ----------      --------------
sys_clk_pin  {0.000 5.000}      10.000          100.000         


------------------------------------------------------------------------------------------------
| Intra Clock Table
| -----------------
------------------------------------------------------------------------------------------------

Clock             WNS(ns)      TNS(ns)  TNS Failing Endpoints  TNS Total Endpoints      WHS(ns)      THS(ns)  THS Failing Endpoints  THS Total Endpoints     WPWS(ns)     TPWS(ns)  TPWS Failing Endpoints  TPWS Total Endpoints  
-----             -------      -------  ---------------------  -------------------      -------      -------  ---------------------  -------------------     --------     --------  ----------------------  --------------------  
sys_clk_pin         5.842        0.000                      0                   52        0.208        0.000                      0                   52        4.500        0.000                       0                    23  


------------------------------------------------------------------------------------------------
| Inter Clock Table
| -----------------
------------------------------------------------------------------------------------------------

From Clock    To Clock          WNS(ns)      TNS(ns)  TNS Failing Endpoints  TNS Total Endpoints      WHS(ns)      THS(ns)  THS Failing Endpoints  THS Total Endpoints  
----------    --------          -------      -------  ---------------------  -------------------      -------      -------  ---------------------  -------------------  


------------------------------------------------------------------------------------------------
| Other Path Groups Table
| -----------------------
------------------------------------------------------------------------------------------------

Path Group    From Clock    To Clock          WNS(ns)      TNS(ns)  TNS Failing Endpoints  TNS Total Endpoints      WHS(ns)      THS(ns)  THS Failing Endpoints  THS Total Endpoints  
----------    ----------    --------          -------      -------  ---------------------  -------------------      -------      -------  ---------------------  -------------------  


------------------------------------------------------------------------------------------------
| Timing Details
| --------------
------------------------------------------------------------------------------------------------


---------------------------------------------------------------------------------------------------
From Clock:  sys_clk_pin
  To Clock:  sys_clk_pin

Setup :            0  Failing Endpoints,  Worst Slack        5.842ns,  Total Violation        0.000ns
Hold  :            0  Failing Endpoints,  Worst Slack        0.208ns,  Total Violation        0.000ns
PW    :            0  Failing Endpoints,  Worst Slack        4.500ns,  Total Violation        0.000ns
---------------------------------------------------------------------------------------------------


Max Delay Paths
--------------------------------------------------------------------------------------
Slack (MET) :             5.842ns  (required time - arrival time)
  Source:                 myvgatimer/xy/x_reg[3]/C
                            (rising edge-triggered cell FDRE clocked by sys_clk_pin  {rise@0.000ns fall@5.000ns period=10.000ns})
  Destination:            myvgatimer/xy/x_reg[4]/R
                            (rising edge-triggered cell FDRE clocked by sys_clk_pin  {rise@0.000ns fall@5.000ns period=10.000ns})
  Path Group:             sys_clk_pin
  Path Type:              Setup (Max at Slow Process Corner)
  Requirement:            10.000ns  (sys_clk_pin rise@10.000ns - sys_clk_pin rise@0.000ns)
  Data Path Delay:        3.576ns  (logic 1.200ns (33.553%)  route 2.376ns (66.447%))
  Logic Levels:           3  (LUT4=1 LUT5=2)
  Clock Path Skew:        -0.022ns (DCD - SCD + CPR)
    Destination Clock Delay (DCD):    5.017ns = ( 15.017 - 10.000 ) 
    Source Clock Delay      (SCD):    5.317ns
    Clock Pessimism Removal (CPR):    0.278ns
  Clock Uncertainty:      0.035ns  ((TSJ^2 + TIJ^2)^1/2 + DJ) / 2 + PE
    Total System Jitter     (TSJ):    0.071ns
    Total Input Jitter      (TIJ):    0.000ns
    Discrete Jitter          (DJ):    0.000ns
    Phase Error              (PE):    0.000ns

    Location             Delay type                Incr(ns)  Path(ns)    Netlist Resource(s)
  -------------------------------------------------------------------    -------------------
                         (clock sys_clk_pin rise edge)
                                                      0.000     0.000 r  
    E3                                                0.000     0.000 r  clk (IN)
                         net (fo=0)                   0.000     0.000    clk
    E3                   IBUF (Prop_ibuf_I_O)         1.482     1.482 r  clk_IBUF_inst/O
                         net (fo=1, routed)           2.025     3.506    clk_IBUF
    BUFGCTRL_X0Y16       BUFG (Prop_bufg_I_O)         0.096     3.602 r  clk_IBUF_BUFG_inst/O
                         net (fo=22, routed)          1.715     5.317    myvgatimer/xy/CLK
    SLICE_X89Y141        FDRE                                         r  myvgatimer/xy/x_reg[3]/C
  -------------------------------------------------------------------    -------------------
    SLICE_X89Y141        FDRE (Prop_fdre_C_Q)         0.419     5.736 r  myvgatimer/xy/x_reg[3]/Q
                         net (fo=7, routed)           0.625     6.361    myvgatimer/xy/x[3]
    SLICE_X89Y141        LUT5 (Prop_lut5_I0_O)        0.297     6.658 f  myvgatimer/xy/x[9]_i_3/O
                         net (fo=6, routed)           0.662     7.320    myvgatimer/xy/x[9]_i_3_n_0
    SLICE_X88Y141        LUT4 (Prop_lut4_I3_O)        0.153     7.473 r  myvgatimer/xy/y[9]_i_3/O
                         net (fo=1, routed)           0.428     7.902    myvgatimer/xy/y[9]_i_3_n_0
    SLICE_X87Y142        LUT5 (Prop_lut5_I4_O)        0.331     8.233 r  myvgatimer/xy/y[9]_i_1/O
                         net (fo=20, routed)          0.661     8.894    myvgatimer/xy/y[9]_i_1_n_0
    SLICE_X88Y141        FDRE                                         r  myvgatimer/xy/x_reg[4]/R
  -------------------------------------------------------------------    -------------------

                         (clock sys_clk_pin rise edge)
                                                     10.000    10.000 r  
    E3                                                0.000    10.000 r  clk (IN)
                         net (fo=0)                   0.000    10.000    clk
    E3                   IBUF (Prop_ibuf_I_O)         1.411    11.411 r  clk_IBUF_inst/O
                         net (fo=1, routed)           1.920    13.331    clk_IBUF
    BUFGCTRL_X0Y16       BUFG (Prop_bufg_I_O)         0.091    13.422 r  clk_IBUF_BUFG_inst/O
                         net (fo=22, routed)          1.595    15.017    myvgatimer/xy/CLK
    SLICE_X88Y141        FDRE                                         r  myvgatimer/xy/x_reg[4]/C
                         clock pessimism              0.278    15.295    
                         clock uncertainty           -0.035    15.260    
    SLICE_X88Y141        FDRE (Setup_fdre_C_R)       -0.524    14.736    myvgatimer/xy/x_reg[4]
  -------------------------------------------------------------------
                         required time                         14.736    
                         arrival time                          -8.894    
  -------------------------------------------------------------------
                         slack                                  5.842    

Slack (MET) :             5.842ns  (required time - arrival time)
  Source:                 myvgatimer/xy/x_reg[3]/C
                            (rising edge-triggered cell FDRE clocked by sys_clk_pin  {rise@0.000ns fall@5.000ns period=10.000ns})
  Destination:            myvgatimer/xy/x_reg[5]/R
                            (rising edge-triggered cell FDRE clocked by sys_clk_pin  {rise@0.000ns fall@5.000ns period=10.000ns})
  Path Group:             sys_clk_pin
  Path Type:              Setup (Max at Slow Process Corner)
  Requirement:            10.000ns  (sys_clk_pin rise@10.000ns - sys_clk_pin rise@0.000ns)
  Data Path Delay:        3.576ns  (logic 1.200ns (33.553%)  route 2.376ns (66.447%))
  Logic Levels:           3  (LUT4=1 LUT5=2)
  Clock Path Skew:        -0.022ns (DCD - SCD + CPR)
    Destination Clock Delay (DCD):    5.017ns = ( 15.017 - 10.000 ) 
    Source Clock Delay      (SCD):    5.317ns
    Clock Pessimism Removal (CPR):    0.278ns
  Clock Uncertainty:      0.035ns  ((TSJ^2 + TIJ^2)^1/2 + DJ) / 2 + PE
    Total System Jitter     (TSJ):    0.071ns
    Total Input Jitter      (TIJ):    0.000ns
    Discrete Jitter          (DJ):    0.000ns
    Phase Error              (PE):    0.000ns

    Location             Delay type                Incr(ns)  Path(ns)    Netlist Resource(s)
  -------------------------------------------------------------------    -------------------
                         (clock sys_clk_pin rise edge)
                                                      0.000     0.000 r  
    E3                                                0.000     0.000 r  clk (IN)
                         net (fo=0)                   0.000     0.000    clk
    E3                   IBUF (Prop_ibuf_I_O)         1.482     1.482 r  clk_IBUF_inst/O
                         net (fo=1, routed)           2.025     3.506    clk_IBUF
    BUFGCTRL_X0Y16       BUFG (Prop_bufg_I_O)         0.096     3.602 r  clk_IBUF_BUFG_inst/O
                         net (fo=22, routed)          1.715     5.317    myvgatimer/xy/CLK
    SLICE_X89Y141        FDRE                                         r  myvgatimer/xy/x_reg[3]/C
  -------------------------------------------------------------------    -------------------
    SLICE_X89Y141        FDRE (Prop_fdre_C_Q)         0.419     5.736 r  myvgatimer/xy/x_reg[3]/Q
                         net (fo=7, routed)           0.625     6.361    myvgatimer/xy/x[3]
    SLICE_X89Y141        LUT5 (Prop_lut5_I0_O)        0.297     6.658 f  myvgatimer/xy/x[9]_i_3/O
                         net (fo=6, routed)           0.662     7.320    myvgatimer/xy/x[9]_i_3_n_0
    SLICE_X88Y141        LUT4 (Prop_lut4_I3_O)        0.153     7.473 r  myvgatimer/xy/y[9]_i_3/O
                         net (fo=1, routed)           0.428     7.902    myvgatimer/xy/y[9]_i_3_n_0
    SLICE_X87Y142        LUT5 (Prop_lut5_I4_O)        0.331     8.233 r  myvgatimer/xy/y[9]_i_1/O
                         net (fo=20, routed)          0.661     8.894    myvgatimer/xy/y[9]_i_1_n_0
    SLICE_X88Y141        FDRE                                         r  myvgatimer/xy/x_reg[5]/R
  -------------------------------------------------------------------    -------------------

                         (clock sys_clk_pin rise edge)
                                                     10.000    10.000 r  
    E3                                                0.000    10.000 r  clk (IN)
                         net (fo=0)                   0.000    10.000    clk
    E3                   IBUF (Prop_ibuf_I_O)         1.411    11.411 r  clk_IBUF_inst/O
                         net (fo=1, routed)           1.920    13.331    clk_IBUF
    BUFGCTRL_X0Y16       BUFG (Prop_bufg_I_O)         0.091    13.422 r  clk_IBUF_BUFG_inst/O
                         net (fo=22, routed)          1.595    15.017    myvgatimer/xy/CLK
    SLICE_X88Y141        FDRE                                         r  myvgatimer/xy/x_reg[5]/C
                         clock pessimism              0.278    15.295    
                         clock uncertainty           -0.035    15.260    
    SLICE_X88Y141        FDRE (Setup_fdre_C_R)       -0.524    14.736    myvgatimer/xy/x_reg[5]
  -------------------------------------------------------------------
                         required time                         14.736    
                         arrival time                          -8.894    
  -------------------------------------------------------------------
                         slack                                  5.842    

Slack (MET) :             5.842ns  (required time - arrival time)
  Source:                 myvgatimer/xy/x_reg[3]/C
                            (rising edge-triggered cell FDRE clocked by sys_clk_pin  {rise@0.000ns fall@5.000ns period=10.000ns})
  Destination:            myvgatimer/xy/x_reg[6]/R
                            (rising edge-triggered cell FDRE clocked by sys_clk_pin  {rise@0.000ns fall@5.000ns period=10.000ns})
  Path Group:             sys_clk_pin
  Path Type:              Setup (Max at Slow Process Corner)
  Requirement:            10.000ns  (sys_clk_pin rise@10.000ns - sys_clk_pin rise@0.000ns)
  Data Path Delay:        3.576ns  (logic 1.200ns (33.553%)  route 2.376ns (66.447%))
  Logic Levels:           3  (LUT4=1 LUT5=2)
  Clock Path Skew:        -0.022ns (DCD - SCD + CPR)
    Destination Clock Delay (DCD):    5.017ns = ( 15.017 - 10.000 ) 
    Source Clock Delay      (SCD):    5.317ns
    Clock Pessimism Removal (CPR):    0.278ns
  Clock Uncertainty:      0.035ns  ((TSJ^2 + TIJ^2)^1/2 + DJ) / 2 + PE
    Total System Jitter     (TSJ):    0.071ns
    Total Input Jitter      (TIJ):    0.000ns
    Discrete Jitter          (DJ):    0.000ns
    Phase Error              (PE):    0.000ns

    Location             Delay type                Incr(ns)  Path(ns)    Netlist Resource(s)
  -------------------------------------------------------------------    -------------------
                         (clock sys_clk_pin rise edge)
                                                      0.000     0.000 r  
    E3                                                0.000     0.000 r  clk (IN)
                         net (fo=0)                   0.000     0.000    clk
    E3                   IBUF (Prop_ibuf_I_O)         1.482     1.482 r  clk_IBUF_inst/O
                         net (fo=1, routed)           2.025     3.506    clk_IBUF
    BUFGCTRL_X0Y16       BUFG (Prop_bufg_I_O)         0.096     3.602 r  clk_IBUF_BUFG_inst/O
                         net (fo=22, routed)          1.715     5.317    myvgatimer/xy/CLK
    SLICE_X89Y141        FDRE                                         r  myvgatimer/xy/x_reg[3]/C
  -------------------------------------------------------------------    -------------------
    SLICE_X89Y141        FDRE (Prop_fdre_C_Q)         0.419     5.736 r  myvgatimer/xy/x_reg[3]/Q
                         net (fo=7, routed)           0.625     6.361    myvgatimer/xy/x[3]
    SLICE_X89Y141        LUT5 (Prop_lut5_I0_O)        0.297     6.658 f  myvgatimer/xy/x[9]_i_3/O
                         net (fo=6, routed)           0.662     7.320    myvgatimer/xy/x[9]_i_3_n_0
    SLICE_X88Y141        LUT4 (Prop_lut4_I3_O)        0.153     7.473 r  myvgatimer/xy/y[9]_i_3/O
                         net (fo=1, routed)           0.428     7.902    myvgatimer/xy/y[9]_i_3_n_0
    SLICE_X87Y142        LUT5 (Prop_lut5_I4_O)        0.331     8.233 r  myvgatimer/xy/y[9]_i_1/O
                         net (fo=20, routed)          0.661     8.894    myvgatimer/xy/y[9]_i_1_n_0
    SLICE_X88Y141        FDRE                                         r  myvgatimer/xy/x_reg[6]/R
  -------------------------------------------------------------------    -------------------

                         (clock sys_clk_pin rise edge)
                                                     10.000    10.000 r  
    E3                                                0.000    10.000 r  clk (IN)
                         net (fo=0)                   0.000    10.000    clk
    E3                   IBUF (Prop_ibuf_I_O)         1.411    11.411 r  clk_IBUF_inst/O
                         net (fo=1, routed)           1.920    13.331    clk_IBUF
    BUFGCTRL_X0Y16       BUFG (Prop_bufg_I_O)         0.091    13.422 r  clk_IBUF_BUFG_inst/O
                         net (fo=22, routed)          1.595    15.017    myvgatimer/xy/CLK
    SLICE_X88Y141        FDRE                                         r  myvgatimer/xy/x_reg[6]/C
                         clock pessimism              0.278    15.295    
                         clock uncertainty           -0.035    15.260    
    SLICE_X88Y141        FDRE (Setup_fdre_C_R)       -0.524    14.736    myvgatimer/xy/x_reg[6]
  -------------------------------------------------------------------
                         required time                         14.736    
                         arrival time                          -8.894    
  -------------------------------------------------------------------
                         slack                                  5.842    

Slack (MET) :             5.842ns  (required time - arrival time)
  Source:                 myvgatimer/xy/x_reg[3]/C
                            (rising edge-triggered cell FDRE clocked by sys_clk_pin  {rise@0.000ns fall@5.000ns period=10.000ns})
  Destination:            myvgatimer/xy/x_reg[8]/R
                            (rising edge-triggered cell FDRE clocked by sys_clk_pin  {rise@0.000ns fall@5.000ns period=10.000ns})
  Path Group:             sys_clk_pin
  Path Type:              Setup (Max at Slow Process Corner)
  Requirement:            10.000ns  (sys_clk_pin rise@10.000ns - sys_clk_pin rise@0.000ns)
  Data Path Delay:        3.576ns  (logic 1.200ns (33.553%)  route 2.376ns (66.447%))
  Logic Levels:           3  (LUT4=1 LUT5=2)
  Clock Path Skew:        -0.022ns (DCD - SCD + CPR)
    Destination Clock Delay (DCD):    5.017ns = ( 15.017 - 10.000 ) 
    Source Clock Delay      (SCD):    5.317ns
    Clock Pessimism Removal (CPR):    0.278ns
  Clock Uncertainty:      0.035ns  ((TSJ^2 + TIJ^2)^1/2 + DJ) / 2 + PE
    Total System Jitter     (TSJ):    0.071ns
    Total Input Jitter      (TIJ):    0.000ns
    Discrete Jitter          (DJ):    0.000ns
    Phase Error              (PE):    0.000ns

    Location             Delay type                Incr(ns)  Path(ns)    Netlist Resource(s)
  -------------------------------------------------------------------    -------------------
                         (clock sys_clk_pin rise edge)
                                                      0.000     0.000 r  
    E3                                                0.000     0.000 r  clk (IN)
                         net (fo=0)                   0.000     0.000    clk
    E3                   IBUF (Prop_ibuf_I_O)         1.482     1.482 r  clk_IBUF_inst/O
                         net (fo=1, routed)           2.025     3.506    clk_IBUF
    BUFGCTRL_X0Y16       BUFG (Prop_bufg_I_O)         0.096     3.602 r  clk_IBUF_BUFG_inst/O
                         net (fo=22, routed)          1.715     5.317    myvgatimer/xy/CLK
    SLICE_X89Y141        FDRE                                         r  myvgatimer/xy/x_reg[3]/C
  -------------------------------------------------------------------    -------------------
    SLICE_X89Y141        FDRE (Prop_fdre_C_Q)         0.419     5.736 r  myvgatimer/xy/x_reg[3]/Q
                         net (fo=7, routed)           0.625     6.361    myvgatimer/xy/x[3]
    SLICE_X89Y141        LUT5 (Prop_lut5_I0_O)        0.297     6.658 f  myvgatimer/xy/x[9]_i_3/O
                         net (fo=6, routed)           0.662     7.320    myvgatimer/xy/x[9]_i_3_n_0
    SLICE_X88Y141        LUT4 (Prop_lut4_I3_O)        0.153     7.473 r  myvgatimer/xy/y[9]_i_3/O
                         net (fo=1, routed)           0.428     7.902    myvgatimer/xy/y[9]_i_3_n_0
    SLICE_X87Y142        LUT5 (Prop_lut5_I4_O)        0.331     8.233 r  myvgatimer/xy/y[9]_i_1/O
                         net (fo=20, routed)          0.661     8.894    myvgatimer/xy/y[9]_i_1_n_0
    SLICE_X88Y141        FDRE                                         r  myvgatimer/xy/x_reg[8]/R
  -------------------------------------------------------------------    -------------------

                         (clock sys_clk_pin rise edge)
                                                     10.000    10.000 r  
    E3                                                0.000    10.000 r  clk (IN)
                         net (fo=0)                   0.000    10.000    clk
    E3                   IBUF (Prop_ibuf_I_O)         1.411    11.411 r  clk_IBUF_inst/O
                         net (fo=1, routed)           1.920    13.331    clk_IBUF
    BUFGCTRL_X0Y16       BUFG (Prop_bufg_I_O)         0.091    13.422 r  clk_IBUF_BUFG_inst/O
                         net (fo=22, routed)          1.595    15.017    myvgatimer/xy/CLK
    SLICE_X88Y141        FDRE                                         r  myvgatimer/xy/x_reg[8]/C
                         clock pessimism              0.278    15.295    
                         clock uncertainty           -0.035    15.260    
    SLICE_X88Y141        FDRE (Setup_fdre_C_R)       -0.524    14.736    myvgatimer/xy/x_reg[8]
  -------------------------------------------------------------------
                         required time                         14.736    
                         arrival time                          -8.894    
  -------------------------------------------------------------------
                         slack                                  5.842    

Slack (MET) :             5.935ns  (required time - arrival time)
  Source:                 myvgatimer/xy/x_reg[3]/C
                            (rising edge-triggered cell FDRE clocked by sys_clk_pin  {rise@0.000ns fall@5.000ns period=10.000ns})
  Destination:            myvgatimer/xy/x_reg[7]/R
                            (rising edge-triggered cell FDRE clocked by sys_clk_pin  {rise@0.000ns fall@5.000ns period=10.000ns})
  Path Group:             sys_clk_pin
  Path Type:              Setup (Max at Slow Process Corner)
  Requirement:            10.000ns  (sys_clk_pin rise@10.000ns - sys_clk_pin rise@0.000ns)
  Data Path Delay:        3.481ns  (logic 1.200ns (34.476%)  route 2.281ns (65.524%))
  Logic Levels:           3  (LUT4=1 LUT5=2)
  Clock Path Skew:        -0.025ns (DCD - SCD + CPR)
    Destination Clock Delay (DCD):    5.017ns = ( 15.017 - 10.000 ) 
    Source Clock Delay      (SCD):    5.317ns
    Clock Pessimism Removal (CPR):    0.275ns
  Clock Uncertainty:      0.035ns  ((TSJ^2 + TIJ^2)^1/2 + DJ) / 2 + PE
    Total System Jitter     (TSJ):    0.071ns
    Total Input Jitter      (TIJ):    0.000ns
    Discrete Jitter          (DJ):    0.000ns
    Phase Error              (PE):    0.000ns

    Location             Delay type                Incr(ns)  Path(ns)    Netlist Resource(s)
  -------------------------------------------------------------------    -------------------
                         (clock sys_clk_pin rise edge)
                                                      0.000     0.000 r  
    E3                                                0.000     0.000 r  clk (IN)
                         net (fo=0)                   0.000     0.000    clk
    E3                   IBUF (Prop_ibuf_I_O)         1.482     1.482 r  clk_IBUF_inst/O
                         net (fo=1, routed)           2.025     3.506    clk_IBUF
    BUFGCTRL_X0Y16       BUFG (Prop_bufg_I_O)         0.096     3.602 r  clk_IBUF_BUFG_inst/O
                         net (fo=22, routed)          1.715     5.317    myvgatimer/xy/CLK
    SLICE_X89Y141        FDRE                                         r  myvgatimer/xy/x_reg[3]/C
  -------------------------------------------------------------------    -------------------
    SLICE_X89Y141        FDRE (Prop_fdre_C_Q)         0.419     5.736 r  myvgatimer/xy/x_reg[3]/Q
                         net (fo=7, routed)           0.625     6.361    myvgatimer/xy/x[3]
    SLICE_X89Y141        LUT5 (Prop_lut5_I0_O)        0.297     6.658 f  myvgatimer/xy/x[9]_i_3/O
                         net (fo=6, routed)           0.662     7.320    myvgatimer/xy/x[9]_i_3_n_0
    SLICE_X88Y141        LUT4 (Prop_lut4_I3_O)        0.153     7.473 r  myvgatimer/xy/y[9]_i_3/O
                         net (fo=1, routed)           0.428     7.902    myvgatimer/xy/y[9]_i_3_n_0
    SLICE_X87Y142        LUT5 (Prop_lut5_I4_O)        0.331     8.233 r  myvgatimer/xy/y[9]_i_1/O
                         net (fo=20, routed)          0.565     8.798    myvgatimer/xy/y[9]_i_1_n_0
    SLICE_X88Y142        FDRE                                         r  myvgatimer/xy/x_reg[7]/R
  -------------------------------------------------------------------    -------------------

                         (clock sys_clk_pin rise edge)
                                                     10.000    10.000 r  
    E3                                                0.000    10.000 r  clk (IN)
                         net (fo=0)                   0.000    10.000    clk
    E3                   IBUF (Prop_ibuf_I_O)         1.411    11.411 r  clk_IBUF_inst/O
                         net (fo=1, routed)           1.920    13.331    clk_IBUF
    BUFGCTRL_X0Y16       BUFG (Prop_bufg_I_O)         0.091    13.422 r  clk_IBUF_BUFG_inst/O
                         net (fo=22, routed)          1.595    15.017    myvgatimer/xy/CLK
    SLICE_X88Y142        FDRE                                         r  myvgatimer/xy/x_reg[7]/C
                         clock pessimism              0.275    15.292    
                         clock uncertainty           -0.035    15.257    
    SLICE_X88Y142        FDRE (Setup_fdre_C_R)       -0.524    14.733    myvgatimer/xy/x_reg[7]
  -------------------------------------------------------------------
                         required time                         14.733    
                         arrival time                          -8.798    
  -------------------------------------------------------------------
                         slack                                  5.935    

Slack (MET) :             5.935ns  (required time - arrival time)
  Source:                 myvgatimer/xy/x_reg[3]/C
                            (rising edge-triggered cell FDRE clocked by sys_clk_pin  {rise@0.000ns fall@5.000ns period=10.000ns})
  Destination:            myvgatimer/xy/x_reg[9]/R
                            (rising edge-triggered cell FDRE clocked by sys_clk_pin  {rise@0.000ns fall@5.000ns period=10.000ns})
  Path Group:             sys_clk_pin
  Path Type:              Setup (Max at Slow Process Corner)
  Requirement:            10.000ns  (sys_clk_pin rise@10.000ns - sys_clk_pin rise@0.000ns)
  Data Path Delay:        3.481ns  (logic 1.200ns (34.476%)  route 2.281ns (65.524%))
  Logic Levels:           3  (LUT4=1 LUT5=2)
  Clock Path Skew:        -0.025ns (DCD - SCD + CPR)
    Destination Clock Delay (DCD):    5.017ns = ( 15.017 - 10.000 ) 
    Source Clock Delay      (SCD):    5.317ns
    Clock Pessimism Removal (CPR):    0.275ns
  Clock Uncertainty:      0.035ns  ((TSJ^2 + TIJ^2)^1/2 + DJ) / 2 + PE
    Total System Jitter     (TSJ):    0.071ns
    Total Input Jitter      (TIJ):    0.000ns
    Discrete Jitter          (DJ):    0.000ns
    Phase Error              (PE):    0.000ns

    Location             Delay type                Incr(ns)  Path(ns)    Netlist Resource(s)
  -------------------------------------------------------------------    -------------------
                         (clock sys_clk_pin rise edge)
                                                      0.000     0.000 r  
    E3                                                0.000     0.000 r  clk (IN)
                         net (fo=0)                   0.000     0.000    clk
    E3                   IBUF (Prop_ibuf_I_O)         1.482     1.482 r  clk_IBUF_inst/O
                         net (fo=1, routed)           2.025     3.506    clk_IBUF
    BUFGCTRL_X0Y16       BUFG (Prop_bufg_I_O)         0.096     3.602 r  clk_IBUF_BUFG_inst/O
                         net (fo=22, routed)          1.715     5.317    myvgatimer/xy/CLK
    SLICE_X89Y141        FDRE                                         r  myvgatimer/xy/x_reg[3]/C
  -------------------------------------------------------------------    -------------------
    SLICE_X89Y141        FDRE (Prop_fdre_C_Q)         0.419     5.736 r  myvgatimer/xy/x_reg[3]/Q
                         net (fo=7, routed)           0.625     6.361    myvgatimer/xy/x[3]
    SLICE_X89Y141        LUT5 (Prop_lut5_I0_O)        0.297     6.658 f  myvgatimer/xy/x[9]_i_3/O
                         net (fo=6, routed)           0.662     7.320    myvgatimer/xy/x[9]_i_3_n_0
    SLICE_X88Y141        LUT4 (Prop_lut4_I3_O)        0.153     7.473 r  myvgatimer/xy/y[9]_i_3/O
                         net (fo=1, routed)           0.428     7.902    myvgatimer/xy/y[9]_i_3_n_0
    SLICE_X87Y142        LUT5 (Prop_lut5_I4_O)        0.331     8.233 r  myvgatimer/xy/y[9]_i_1/O
                         net (fo=20, routed)          0.565     8.798    myvgatimer/xy/y[9]_i_1_n_0
    SLICE_X88Y142        FDRE                                         r  myvgatimer/xy/x_reg[9]/R
  -------------------------------------------------------------------    -------------------

                         (clock sys_clk_pin rise edge)
                                                     10.000    10.000 r  
    E3                                                0.000    10.000 r  clk (IN)
                         net (fo=0)                   0.000    10.000    clk
    E3                   IBUF (Prop_ibuf_I_O)         1.411    11.411 r  clk_IBUF_inst/O
                         net (fo=1, routed)           1.920    13.331    clk_IBUF
    BUFGCTRL_X0Y16       BUFG (Prop_bufg_I_O)         0.091    13.422 r  clk_IBUF_BUFG_inst/O
                         net (fo=22, routed)          1.595    15.017    myvgatimer/xy/CLK
    SLICE_X88Y142        FDRE                                         r  myvgatimer/xy/x_reg[9]/C
                         clock pessimism              0.275    15.292    
                         clock uncertainty           -0.035    15.257    
    SLICE_X88Y142        FDRE (Setup_fdre_C_R)       -0.524    14.733    myvgatimer/xy/x_reg[9]
  -------------------------------------------------------------------
                         required time                         14.733    
                         arrival time                          -8.798    
  -------------------------------------------------------------------
                         slack                                  5.935    

Slack (MET) :             5.941ns  (required time - arrival time)
  Source:                 myvgatimer/xy/x_reg[4]/C
                            (rising edge-triggered cell FDRE clocked by sys_clk_pin  {rise@0.000ns fall@5.000ns period=10.000ns})
  Destination:            myvgatimer/xy/x_reg[0]/R
                            (rising edge-triggered cell FDRE clocked by sys_clk_pin  {rise@0.000ns fall@5.000ns period=10.000ns})
  Path Group:             sys_clk_pin
  Path Type:              Setup (Max at Slow Process Corner)
  Requirement:            10.000ns  (sys_clk_pin rise@10.000ns - sys_clk_pin rise@0.000ns)
  Data Path Delay:        3.573ns  (logic 1.126ns (31.513%)  route 2.447ns (68.487%))
  Logic Levels:           3  (LUT4=1 LUT5=2)
  Clock Path Skew:        -0.022ns (DCD - SCD + CPR)
    Destination Clock Delay (DCD):    5.017ns = ( 15.017 - 10.000 ) 
    Source Clock Delay      (SCD):    5.317ns
    Clock Pessimism Removal (CPR):    0.278ns
  Clock Uncertainty:      0.035ns  ((TSJ^2 + TIJ^2)^1/2 + DJ) / 2 + PE
    Total System Jitter     (TSJ):    0.071ns
    Total Input Jitter      (TIJ):    0.000ns
    Discrete Jitter          (DJ):    0.000ns
    Phase Error              (PE):    0.000ns

    Location             Delay type                Incr(ns)  Path(ns)    Netlist Resource(s)
  -------------------------------------------------------------------    -------------------
                         (clock sys_clk_pin rise edge)
                                                      0.000     0.000 r  
    E3                                                0.000     0.000 r  clk (IN)
                         net (fo=0)                   0.000     0.000    clk
    E3                   IBUF (Prop_ibuf_I_O)         1.482     1.482 r  clk_IBUF_inst/O
                         net (fo=1, routed)           2.025     3.506    clk_IBUF
    BUFGCTRL_X0Y16       BUFG (Prop_bufg_I_O)         0.096     3.602 r  clk_IBUF_BUFG_inst/O
                         net (fo=22, routed)          1.715     5.317    myvgatimer/xy/CLK
    SLICE_X88Y141        FDRE                                         r  myvgatimer/xy/x_reg[4]/C
  -------------------------------------------------------------------    -------------------
    SLICE_X88Y141        FDRE (Prop_fdre_C_Q)         0.518     5.835 r  myvgatimer/xy/x_reg[4]/Q
                         net (fo=7, routed)           0.696     6.531    myvgatimer/xy/x[4]
    SLICE_X89Y141        LUT5 (Prop_lut5_I4_O)        0.124     6.655 f  myvgatimer/xy/x[9]_i_3/O
                         net (fo=6, routed)           0.662     7.317    myvgatimer/xy/x[9]_i_3_n_0
    SLICE_X88Y141        LUT4 (Prop_lut4_I3_O)        0.153     7.470 r  myvgatimer/xy/y[9]_i_3/O
                         net (fo=1, routed)           0.428     7.898    myvgatimer/xy/y[9]_i_3_n_0
    SLICE_X87Y142        LUT5 (Prop_lut5_I4_O)        0.331     8.229 r  myvgatimer/xy/y[9]_i_1/O
                         net (fo=20, routed)          0.661     8.890    myvgatimer/xy/y[9]_i_1_n_0
    SLICE_X89Y141        FDRE                                         r  myvgatimer/xy/x_reg[0]/R
  -------------------------------------------------------------------    -------------------

                         (clock sys_clk_pin rise edge)
                                                     10.000    10.000 r  
    E3                                                0.000    10.000 r  clk (IN)
                         net (fo=0)                   0.000    10.000    clk
    E3                   IBUF (Prop_ibuf_I_O)         1.411    11.411 r  clk_IBUF_inst/O
                         net (fo=1, routed)           1.920    13.331    clk_IBUF
    BUFGCTRL_X0Y16       BUFG (Prop_bufg_I_O)         0.091    13.422 r  clk_IBUF_BUFG_inst/O
                         net (fo=22, routed)          1.595    15.017    myvgatimer/xy/CLK
    SLICE_X89Y141        FDRE                                         r  myvgatimer/xy/x_reg[0]/C
                         clock pessimism              0.278    15.295    
                         clock uncertainty           -0.035    15.260    
    SLICE_X89Y141        FDRE (Setup_fdre_C_R)       -0.429    14.831    myvgatimer/xy/x_reg[0]
  -------------------------------------------------------------------
                         required time                         14.831    
                         arrival time                          -8.890    
  -------------------------------------------------------------------
                         slack                                  5.941    

Slack (MET) :             5.941ns  (required time - arrival time)
  Source:                 myvgatimer/xy/x_reg[4]/C
                            (rising edge-triggered cell FDRE clocked by sys_clk_pin  {rise@0.000ns fall@5.000ns period=10.000ns})
  Destination:            myvgatimer/xy/x_reg[1]/R
                            (rising edge-triggered cell FDRE clocked by sys_clk_pin  {rise@0.000ns fall@5.000ns period=10.000ns})
  Path Group:             sys_clk_pin
  Path Type:              Setup (Max at Slow Process Corner)
  Requirement:            10.000ns  (sys_clk_pin rise@10.000ns - sys_clk_pin rise@0.000ns)
  Data Path Delay:        3.573ns  (logic 1.126ns (31.513%)  route 2.447ns (68.487%))
  Logic Levels:           3  (LUT4=1 LUT5=2)
  Clock Path Skew:        -0.022ns (DCD - SCD + CPR)
    Destination Clock Delay (DCD):    5.017ns = ( 15.017 - 10.000 ) 
    Source Clock Delay      (SCD):    5.317ns
    Clock Pessimism Removal (CPR):    0.278ns
  Clock Uncertainty:      0.035ns  ((TSJ^2 + TIJ^2)^1/2 + DJ) / 2 + PE
    Total System Jitter     (TSJ):    0.071ns
    Total Input Jitter      (TIJ):    0.000ns
    Discrete Jitter          (DJ):    0.000ns
    Phase Error              (PE):    0.000ns

    Location             Delay type                Incr(ns)  Path(ns)    Netlist Resource(s)
  -------------------------------------------------------------------    -------------------
                         (clock sys_clk_pin rise edge)
                                                      0.000     0.000 r  
    E3                                                0.000     0.000 r  clk (IN)
                         net (fo=0)                   0.000     0.000    clk
    E3                   IBUF (Prop_ibuf_I_O)         1.482     1.482 r  clk_IBUF_inst/O
                         net (fo=1, routed)           2.025     3.506    clk_IBUF
    BUFGCTRL_X0Y16       BUFG (Prop_bufg_I_O)         0.096     3.602 r  clk_IBUF_BUFG_inst/O
                         net (fo=22, routed)          1.715     5.317    myvgatimer/xy/CLK
    SLICE_X88Y141        FDRE                                         r  myvgatimer/xy/x_reg[4]/C
  -------------------------------------------------------------------    -------------------
    SLICE_X88Y141        FDRE (Prop_fdre_C_Q)         0.518     5.835 r  myvgatimer/xy/x_reg[4]/Q
                         net (fo=7, routed)           0.696     6.531    myvgatimer/xy/x[4]
    SLICE_X89Y141        LUT5 (Prop_lut5_I4_O)        0.124     6.655 f  myvgatimer/xy/x[9]_i_3/O
                         net (fo=6, routed)           0.662     7.317    myvgatimer/xy/x[9]_i_3_n_0
    SLICE_X88Y141        LUT4 (Prop_lut4_I3_O)        0.153     7.470 r  myvgatimer/xy/y[9]_i_3/O
                         net (fo=1, routed)           0.428     7.898    myvgatimer/xy/y[9]_i_3_n_0
    SLICE_X87Y142        LUT5 (Prop_lut5_I4_O)        0.331     8.229 r  myvgatimer/xy/y[9]_i_1/O
                         net (fo=20, routed)          0.661     8.890    myvgatimer/xy/y[9]_i_1_n_0
    SLICE_X89Y141        FDRE                                         r  myvgatimer/xy/x_reg[1]/R
  -------------------------------------------------------------------    -------------------

                         (clock sys_clk_pin rise edge)
                                                     10.000    10.000 r  
    E3                                                0.000    10.000 r  clk (IN)
                         net (fo=0)                   0.000    10.000    clk
    E3                   IBUF (Prop_ibuf_I_O)         1.411    11.411 r  clk_IBUF_inst/O
                         net (fo=1, routed)           1.920    13.331    clk_IBUF
    BUFGCTRL_X0Y16       BUFG (Prop_bufg_I_O)         0.091    13.422 r  clk_IBUF_BUFG_inst/O
                         net (fo=22, routed)          1.595    15.017    myvgatimer/xy/CLK
    SLICE_X89Y141        FDRE                                         r  myvgatimer/xy/x_reg[1]/C
                         clock pessimism              0.278    15.295    
                         clock uncertainty           -0.035    15.260    
    SLICE_X89Y141        FDRE (Setup_fdre_C_R)       -0.429    14.831    myvgatimer/xy/x_reg[1]
  -------------------------------------------------------------------
                         required time                         14.831    
                         arrival time                          -8.890    
  -------------------------------------------------------------------
                         slack                                  5.941    

Slack (MET) :             5.941ns  (required time - arrival time)
  Source:                 myvgatimer/xy/x_reg[4]/C
                            (rising edge-triggered cell FDRE clocked by sys_clk_pin  {rise@0.000ns fall@5.000ns period=10.000ns})
  Destination:            myvgatimer/xy/x_reg[2]/R
                            (rising edge-triggered cell FDRE clocked by sys_clk_pin  {rise@0.000ns fall@5.000ns period=10.000ns})
  Path Group:             sys_clk_pin
  Path Type:              Setup (Max at Slow Process Corner)
  Requirement:            10.000ns  (sys_clk_pin rise@10.000ns - sys_clk_pin rise@0.000ns)
  Data Path Delay:        3.573ns  (logic 1.126ns (31.513%)  route 2.447ns (68.487%))
  Logic Levels:           3  (LUT4=1 LUT5=2)
  Clock Path Skew:        -0.022ns (DCD - SCD + CPR)
    Destination Clock Delay (DCD):    5.017ns = ( 15.017 - 10.000 ) 
    Source Clock Delay      (SCD):    5.317ns
    Clock Pessimism Removal (CPR):    0.278ns
  Clock Uncertainty:      0.035ns  ((TSJ^2 + TIJ^2)^1/2 + DJ) / 2 + PE
    Total System Jitter     (TSJ):    0.071ns
    Total Input Jitter      (TIJ):    0.000ns
    Discrete Jitter          (DJ):    0.000ns
    Phase Error              (PE):    0.000ns

    Location             Delay type                Incr(ns)  Path(ns)    Netlist Resource(s)
  -------------------------------------------------------------------    -------------------
                         (clock sys_clk_pin rise edge)
                                                      0.000     0.000 r  
    E3                                                0.000     0.000 r  clk (IN)
                         net (fo=0)                   0.000     0.000    clk
    E3                   IBUF (Prop_ibuf_I_O)         1.482     1.482 r  clk_IBUF_inst/O
                         net (fo=1, routed)           2.025     3.506    clk_IBUF
    BUFGCTRL_X0Y16       BUFG (Prop_bufg_I_O)         0.096     3.602 r  clk_IBUF_BUFG_inst/O
                         net (fo=22, routed)          1.715     5.317    myvgatimer/xy/CLK
    SLICE_X88Y141        FDRE                                         r  myvgatimer/xy/x_reg[4]/C
  -------------------------------------------------------------------    -------------------
    SLICE_X88Y141        FDRE (Prop_fdre_C_Q)         0.518     5.835 r  myvgatimer/xy/x_reg[4]/Q
                         net (fo=7, routed)           0.696     6.531    myvgatimer/xy/x[4]
    SLICE_X89Y141        LUT5 (Prop_lut5_I4_O)        0.124     6.655 f  myvgatimer/xy/x[9]_i_3/O
                         net (fo=6, routed)           0.662     7.317    myvgatimer/xy/x[9]_i_3_n_0
    SLICE_X88Y141        LUT4 (Prop_lut4_I3_O)        0.153     7.470 r  myvgatimer/xy/y[9]_i_3/O
                         net (fo=1, routed)           0.428     7.898    myvgatimer/xy/y[9]_i_3_n_0
    SLICE_X87Y142        LUT5 (Prop_lut5_I4_O)        0.331     8.229 r  myvgatimer/xy/y[9]_i_1/O
                         net (fo=20, routed)          0.661     8.890    myvgatimer/xy/y[9]_i_1_n_0
    SLICE_X89Y141        FDRE                                         r  myvgatimer/xy/x_reg[2]/R
  -------------------------------------------------------------------    -------------------

                         (clock sys_clk_pin rise edge)
                                                     10.000    10.000 r  
    E3                                                0.000    10.000 r  clk (IN)
                         net (fo=0)                   0.000    10.000    clk
    E3                   IBUF (Prop_ibuf_I_O)         1.411    11.411 r  clk_IBUF_inst/O
                         net (fo=1, routed)           1.920    13.331    clk_IBUF
    BUFGCTRL_X0Y16       BUFG (Prop_bufg_I_O)         0.091    13.422 r  clk_IBUF_BUFG_inst/O
                         net (fo=22, routed)          1.595    15.017    myvgatimer/xy/CLK
    SLICE_X89Y141        FDRE                                         r  myvgatimer/xy/x_reg[2]/C
                         clock pessimism              0.278    15.295    
                         clock uncertainty           -0.035    15.260    
    SLICE_X89Y141        FDRE (Setup_fdre_C_R)       -0.429    14.831    myvgatimer/xy/x_reg[2]
  -------------------------------------------------------------------
                         required time                         14.831    
                         arrival time                          -8.890    
  -------------------------------------------------------------------
                         slack                                  5.941    

Slack (MET) :             5.941ns  (required time - arrival time)
  Source:                 myvgatimer/xy/x_reg[4]/C
                            (rising edge-triggered cell FDRE clocked by sys_clk_pin  {rise@0.000ns fall@5.000ns period=10.000ns})
  Destination:            myvgatimer/xy/x_reg[3]/R
                            (rising edge-triggered cell FDRE clocked by sys_clk_pin  {rise@0.000ns fall@5.000ns period=10.000ns})
  Path Group:             sys_clk_pin
  Path Type:              Setup (Max at Slow Process Corner)
  Requirement:            10.000ns  (sys_clk_pin rise@10.000ns - sys_clk_pin rise@0.000ns)
  Data Path Delay:        3.573ns  (logic 1.126ns (31.513%)  route 2.447ns (68.487%))
  Logic Levels:           3  (LUT4=1 LUT5=2)
  Clock Path Skew:        -0.022ns (DCD - SCD + CPR)
    Destination Clock Delay (DCD):    5.017ns = ( 15.017 - 10.000 ) 
    Source Clock Delay      (SCD):    5.317ns
    Clock Pessimism Removal (CPR):    0.278ns
  Clock Uncertainty:      0.035ns  ((TSJ^2 + TIJ^2)^1/2 + DJ) / 2 + PE
    Total System Jitter     (TSJ):    0.071ns
    Total Input Jitter      (TIJ):    0.000ns
    Discrete Jitter          (DJ):    0.000ns
    Phase Error              (PE):    0.000ns

    Location             Delay type                Incr(ns)  Path(ns)    Netlist Resource(s)
  -------------------------------------------------------------------    -------------------
                         (clock sys_clk_pin rise edge)
                                                      0.000     0.000 r  
    E3                                                0.000     0.000 r  clk (IN)
                         net (fo=0)                   0.000     0.000    clk
    E3                   IBUF (Prop_ibuf_I_O)         1.482     1.482 r  clk_IBUF_inst/O
                         net (fo=1, routed)           2.025     3.506    clk_IBUF
    BUFGCTRL_X0Y16       BUFG (Prop_bufg_I_O)         0.096     3.602 r  clk_IBUF_BUFG_inst/O
                         net (fo=22, routed)          1.715     5.317    myvgatimer/xy/CLK
    SLICE_X88Y141        FDRE                                         r  myvgatimer/xy/x_reg[4]/C
  -------------------------------------------------------------------    -------------------
    SLICE_X88Y141        FDRE (Prop_fdre_C_Q)         0.518     5.835 r  myvgatimer/xy/x_reg[4]/Q
                         net (fo=7, routed)           0.696     6.531    myvgatimer/xy/x[4]
    SLICE_X89Y141        LUT5 (Prop_lut5_I4_O)        0.124     6.655 f  myvgatimer/xy/x[9]_i_3/O
                         net (fo=6, routed)           0.662     7.317    myvgatimer/xy/x[9]_i_3_n_0
    SLICE_X88Y141        LUT4 (Prop_lut4_I3_O)        0.153     7.470 r  myvgatimer/xy/y[9]_i_3/O
                         net (fo=1, routed)           0.428     7.898    myvgatimer/xy/y[9]_i_3_n_0
    SLICE_X87Y142        LUT5 (Prop_lut5_I4_O)        0.331     8.229 r  myvgatimer/xy/y[9]_i_1/O
                         net (fo=20, routed)          0.661     8.890    myvgatimer/xy/y[9]_i_1_n_0
    SLICE_X89Y141        FDRE                                         r  myvgatimer/xy/x_reg[3]/R
  -------------------------------------------------------------------    -------------------

                         (clock sys_clk_pin rise edge)
                                                     10.000    10.000 r  
    E3                                                0.000    10.000 r  clk (IN)
                         net (fo=0)                   0.000    10.000    clk
    E3                   IBUF (Prop_ibuf_I_O)         1.411    11.411 r  clk_IBUF_inst/O
                         net (fo=1, routed)           1.920    13.331    clk_IBUF
    BUFGCTRL_X0Y16       BUFG (Prop_bufg_I_O)         0.091    13.422 r  clk_IBUF_BUFG_inst/O
                         net (fo=22, routed)          1.595    15.017    myvgatimer/xy/CLK
    SLICE_X89Y141        FDRE                                         r  myvgatimer/xy/x_reg[3]/C
                         clock pessimism              0.278    15.295    
                         clock uncertainty           -0.035    15.260    
    SLICE_X89Y141        FDRE (Setup_fdre_C_R)       -0.429    14.831    myvgatimer/xy/x_reg[3]
  -------------------------------------------------------------------
                         required time                         14.831    
                         arrival time                          -8.890    
  -------------------------------------------------------------------
                         slack                                  5.941    





Min Delay Paths
--------------------------------------------------------------------------------------
Slack (MET) :             0.208ns  (arrival time - required time)
  Source:                 myvgatimer/xy/x_reg[2]/C
                            (rising edge-triggered cell FDRE clocked by sys_clk_pin  {rise@0.000ns fall@5.000ns period=10.000ns})
  Destination:            myvgatimer/xy/x_reg[5]/D
                            (rising edge-triggered cell FDRE clocked by sys_clk_pin  {rise@0.000ns fall@5.000ns period=10.000ns})
  Path Group:             sys_clk_pin
  Path Type:              Hold (Min at Fast Process Corner)
  Requirement:            0.000ns  (sys_clk_pin rise@0.000ns - sys_clk_pin rise@0.000ns)
  Data Path Delay:        0.342ns  (logic 0.186ns (54.315%)  route 0.156ns (45.685%))
  Logic Levels:           1  (LUT6=1)
  Clock Path Skew:        0.013ns (DCD - SCD - CPR)
    Destination Clock Delay (DCD):    2.037ns
    Source Clock Delay      (SCD):    1.519ns
    Clock Pessimism Removal (CPR):    0.504ns

    Location             Delay type                Incr(ns)  Path(ns)    Netlist Resource(s)
  -------------------------------------------------------------------    -------------------
                         (clock sys_clk_pin rise edge)
                                                      0.000     0.000 r  
    E3                                                0.000     0.000 r  clk (IN)
                         net (fo=0)                   0.000     0.000    clk
    E3                   IBUF (Prop_ibuf_I_O)         0.250     0.250 r  clk_IBUF_inst/O
                         net (fo=1, routed)           0.644     0.894    clk_IBUF
    BUFGCTRL_X0Y16       BUFG (Prop_bufg_I_O)         0.026     0.920 r  clk_IBUF_BUFG_inst/O
                         net (fo=22, routed)          0.600     1.519    myvgatimer/xy/CLK
    SLICE_X89Y141        FDRE                                         r  myvgatimer/xy/x_reg[2]/C
  -------------------------------------------------------------------    -------------------
    SLICE_X89Y141        FDRE (Prop_fdre_C_Q)         0.141     1.660 r  myvgatimer/xy/x_reg[2]/Q
                         net (fo=9, routed)           0.156     1.817    myvgatimer/xy/x[2]
    SLICE_X88Y141        LUT6 (Prop_lut6_I1_O)        0.045     1.862 r  myvgatimer/xy/x[5]_i_1/O
                         net (fo=1, routed)           0.000     1.862    myvgatimer/xy/p_0_in__0[5]
    SLICE_X88Y141        FDRE                                         r  myvgatimer/xy/x_reg[5]/D
  -------------------------------------------------------------------    -------------------

                         (clock sys_clk_pin rise edge)
                                                      0.000     0.000 r  
    E3                                                0.000     0.000 r  clk (IN)
                         net (fo=0)                   0.000     0.000    clk
    E3                   IBUF (Prop_ibuf_I_O)         0.438     0.438 r  clk_IBUF_inst/O
                         net (fo=1, routed)           0.699     1.136    clk_IBUF
    BUFGCTRL_X0Y16       BUFG (Prop_bufg_I_O)         0.029     1.165 r  clk_IBUF_BUFG_inst/O
                         net (fo=22, routed)          0.871     2.037    myvgatimer/xy/CLK
    SLICE_X88Y141        FDRE                                         r  myvgatimer/xy/x_reg[5]/C
                         clock pessimism             -0.504     1.532    
    SLICE_X88Y141        FDRE (Hold_fdre_C_D)         0.121     1.653    myvgatimer/xy/x_reg[5]
  -------------------------------------------------------------------
                         required time                         -1.653    
                         arrival time                           1.862    
  -------------------------------------------------------------------
                         slack                                  0.208    

Slack (MET) :             0.227ns  (arrival time - required time)
  Source:                 myvgatimer/xy/y_reg[8]/C
                            (rising edge-triggered cell FDRE clocked by sys_clk_pin  {rise@0.000ns fall@5.000ns period=10.000ns})
  Destination:            myvgatimer/xy/y_reg[8]/D
                            (rising edge-triggered cell FDRE clocked by sys_clk_pin  {rise@0.000ns fall@5.000ns period=10.000ns})
  Path Group:             sys_clk_pin
  Path Type:              Hold (Min at Fast Process Corner)
  Requirement:            0.000ns  (sys_clk_pin rise@0.000ns - sys_clk_pin rise@0.000ns)
  Data Path Delay:        0.319ns  (logic 0.186ns (58.245%)  route 0.133ns (41.755%))
  Logic Levels:           1  (LUT6=1)
  Clock Path Skew:        0.000ns (DCD - SCD - CPR)
    Destination Clock Delay (DCD):    2.038ns
    Source Clock Delay      (SCD):    1.520ns
    Clock Pessimism Removal (CPR):    0.517ns

    Location             Delay type                Incr(ns)  Path(ns)    Netlist Resource(s)
  -------------------------------------------------------------------    -------------------
                         (clock sys_clk_pin rise edge)
                                                      0.000     0.000 r  
    E3                                                0.000     0.000 r  clk (IN)
                         net (fo=0)                   0.000     0.000    clk
    E3                   IBUF (Prop_ibuf_I_O)         0.250     0.250 r  clk_IBUF_inst/O
                         net (fo=1, routed)           0.644     0.894    clk_IBUF
    BUFGCTRL_X0Y16       BUFG (Prop_bufg_I_O)         0.026     0.920 r  clk_IBUF_BUFG_inst/O
                         net (fo=22, routed)          0.601     1.520    myvgatimer/xy/CLK
    SLICE_X89Y143        FDRE                                         r  myvgatimer/xy/y_reg[8]/C
  -------------------------------------------------------------------    -------------------
    SLICE_X89Y143        FDRE (Prop_fdre_C_Q)         0.141     1.661 r  myvgatimer/xy/y_reg[8]/Q
                         net (fo=3, routed)           0.133     1.795    myvgatimer/xy/y_reg_n_0_[8]
    SLICE_X89Y143        LUT6 (Prop_lut6_I5_O)        0.045     1.840 r  myvgatimer/xy/y[8]_i_1/O
                         net (fo=1, routed)           0.000     1.840    myvgatimer/xy/p_0_in[8]
    SLICE_X89Y143        FDRE                                         r  myvgatimer/xy/y_reg[8]/D
  -------------------------------------------------------------------    -------------------

                         (clock sys_clk_pin rise edge)
                                                      0.000     0.000 r  
    E3                                                0.000     0.000 r  clk (IN)
                         net (fo=0)                   0.000     0.000    clk
    E3                   IBUF (Prop_ibuf_I_O)         0.438     0.438 r  clk_IBUF_inst/O
                         net (fo=1, routed)           0.699     1.136    clk_IBUF
    BUFGCTRL_X0Y16       BUFG (Prop_bufg_I_O)         0.029     1.165 r  clk_IBUF_BUFG_inst/O
                         net (fo=22, routed)          0.872     2.038    myvgatimer/xy/CLK
    SLICE_X89Y143        FDRE                                         r  myvgatimer/xy/y_reg[8]/C
                         clock pessimism             -0.517     1.520    
    SLICE_X89Y143        FDRE (Hold_fdre_C_D)         0.092     1.612    myvgatimer/xy/y_reg[8]
  -------------------------------------------------------------------
                         required time                         -1.612    
                         arrival time                           1.840    
  -------------------------------------------------------------------
                         slack                                  0.227    

Slack (MET) :             0.230ns  (arrival time - required time)
  Source:                 myvgatimer/xy/y_reg[5]/C
                            (rising edge-triggered cell FDRE clocked by sys_clk_pin  {rise@0.000ns fall@5.000ns period=10.000ns})
  Destination:            myvgatimer/xy/y_reg[7]/D
                            (rising edge-triggered cell FDRE clocked by sys_clk_pin  {rise@0.000ns fall@5.000ns period=10.000ns})
  Path Group:             sys_clk_pin
  Path Type:              Hold (Min at Fast Process Corner)
  Requirement:            0.000ns  (sys_clk_pin rise@0.000ns - sys_clk_pin rise@0.000ns)
  Data Path Delay:        0.350ns  (logic 0.212ns (60.529%)  route 0.138ns (39.471%))
  Logic Levels:           1  (LUT5=1)
  Clock Path Skew:        0.013ns (DCD - SCD - CPR)
    Destination Clock Delay (DCD):    2.038ns
    Source Clock Delay      (SCD):    1.520ns
    Clock Pessimism Removal (CPR):    0.504ns

    Location             Delay type                Incr(ns)  Path(ns)    Netlist Resource(s)
  -------------------------------------------------------------------    -------------------
                         (clock sys_clk_pin rise edge)
                                                      0.000     0.000 r  
    E3                                                0.000     0.000 r  clk (IN)
                         net (fo=0)                   0.000     0.000    clk
    E3                   IBUF (Prop_ibuf_I_O)         0.250     0.250 r  clk_IBUF_inst/O
                         net (fo=1, routed)           0.644     0.894    clk_IBUF
    BUFGCTRL_X0Y16       BUFG (Prop_bufg_I_O)         0.026     0.920 r  clk_IBUF_BUFG_inst/O
                         net (fo=22, routed)          0.601     1.520    myvgatimer/xy/CLK
    SLICE_X88Y143        FDRE                                         r  myvgatimer/xy/y_reg[5]/C
  -------------------------------------------------------------------    -------------------
    SLICE_X88Y143        FDRE (Prop_fdre_C_Q)         0.164     1.684 r  myvgatimer/xy/y_reg[5]/Q
                         net (fo=8, routed)           0.138     1.823    myvgatimer/xy/y[5]
    SLICE_X89Y143        LUT5 (Prop_lut5_I2_O)        0.048     1.871 r  myvgatimer/xy/y[7]_i_1/O
                         net (fo=1, routed)           0.000     1.871    myvgatimer/xy/p_0_in[7]
    SLICE_X89Y143        FDRE                                         r  myvgatimer/xy/y_reg[7]/D
  -------------------------------------------------------------------    -------------------

                         (clock sys_clk_pin rise edge)
                                                      0.000     0.000 r  
    E3                                                0.000     0.000 r  clk (IN)
                         net (fo=0)                   0.000     0.000    clk
    E3                   IBUF (Prop_ibuf_I_O)         0.438     0.438 r  clk_IBUF_inst/O
                         net (fo=1, routed)           0.699     1.136    clk_IBUF
    BUFGCTRL_X0Y16       BUFG (Prop_bufg_I_O)         0.029     1.165 r  clk_IBUF_BUFG_inst/O
                         net (fo=22, routed)          0.872     2.038    myvgatimer/xy/CLK
    SLICE_X89Y143        FDRE                                         r  myvgatimer/xy/y_reg[7]/C
                         clock pessimism             -0.504     1.533    
    SLICE_X89Y143        FDRE (Hold_fdre_C_D)         0.107     1.640    myvgatimer/xy/y_reg[7]
  -------------------------------------------------------------------
                         required time                         -1.640    
                         arrival time                           1.871    
  -------------------------------------------------------------------
                         slack                                  0.230    

Slack (MET) :             0.243ns  (arrival time - required time)
  Source:                 myvgatimer/xy/y_reg[5]/C
                            (rising edge-triggered cell FDRE clocked by sys_clk_pin  {rise@0.000ns fall@5.000ns period=10.000ns})
  Destination:            myvgatimer/xy/y_reg[6]/D
                            (rising edge-triggered cell FDRE clocked by sys_clk_pin  {rise@0.000ns fall@5.000ns period=10.000ns})
  Path Group:             sys_clk_pin
  Path Type:              Hold (Min at Fast Process Corner)
  Requirement:            0.000ns  (sys_clk_pin rise@0.000ns - sys_clk_pin rise@0.000ns)
  Data Path Delay:        0.347ns  (logic 0.209ns (60.188%)  route 0.138ns (39.812%))
  Logic Levels:           1  (LUT4=1)
  Clock Path Skew:        0.013ns (DCD - SCD - CPR)
    Destination Clock Delay (DCD):    2.038ns
    Source Clock Delay      (SCD):    1.520ns
    Clock Pessimism Removal (CPR):    0.504ns

    Location             Delay type                Incr(ns)  Path(ns)    Netlist Resource(s)
  -------------------------------------------------------------------    -------------------
                         (clock sys_clk_pin rise edge)
                                                      0.000     0.000 r  
    E3                                                0.000     0.000 r  clk (IN)
                         net (fo=0)                   0.000     0.000    clk
    E3                   IBUF (Prop_ibuf_I_O)         0.250     0.250 r  clk_IBUF_inst/O
                         net (fo=1, routed)           0.644     0.894    clk_IBUF
    BUFGCTRL_X0Y16       BUFG (Prop_bufg_I_O)         0.026     0.920 r  clk_IBUF_BUFG_inst/O
                         net (fo=22, routed)          0.601     1.520    myvgatimer/xy/CLK
    SLICE_X88Y143        FDRE                                         r  myvgatimer/xy/y_reg[5]/C
  -------------------------------------------------------------------    -------------------
    SLICE_X88Y143        FDRE (Prop_fdre_C_Q)         0.164     1.684 r  myvgatimer/xy/y_reg[5]/Q
                         net (fo=8, routed)           0.138     1.823    myvgatimer/xy/y[5]
    SLICE_X89Y143        LUT4 (Prop_lut4_I1_O)        0.045     1.868 r  myvgatimer/xy/y[6]_i_1/O
                         net (fo=1, routed)           0.000     1.868    myvgatimer/xy/p_0_in[6]
    SLICE_X89Y143        FDRE                                         r  myvgatimer/xy/y_reg[6]/D
  -------------------------------------------------------------------    -------------------

                         (clock sys_clk_pin rise edge)
                                                      0.000     0.000 r  
    E3                                                0.000     0.000 r  clk (IN)
                         net (fo=0)                   0.000     0.000    clk
    E3                   IBUF (Prop_ibuf_I_O)         0.438     0.438 r  clk_IBUF_inst/O
                         net (fo=1, routed)           0.699     1.136    clk_IBUF
    BUFGCTRL_X0Y16       BUFG (Prop_bufg_I_O)         0.029     1.165 r  clk_IBUF_BUFG_inst/O
                         net (fo=22, routed)          0.872     2.038    myvgatimer/xy/CLK
    SLICE_X89Y143        FDRE                                         r  myvgatimer/xy/y_reg[6]/C
                         clock pessimism             -0.504     1.533    
    SLICE_X89Y143        FDRE (Hold_fdre_C_D)         0.091     1.624    myvgatimer/xy/y_reg[6]
  -------------------------------------------------------------------
                         required time                         -1.624    
                         arrival time                           1.868    
  -------------------------------------------------------------------
                         slack                                  0.243    

Slack (MET) :             0.244ns  (arrival time - required time)
  Source:                 myvgatimer/xy/y_reg[0]/C
                            (rising edge-triggered cell FDRE clocked by sys_clk_pin  {rise@0.000ns fall@5.000ns period=10.000ns})
  Destination:            myvgatimer/xy/y_reg[1]/D
                            (rising edge-triggered cell FDRE clocked by sys_clk_pin  {rise@0.000ns fall@5.000ns period=10.000ns})
  Path Group:             sys_clk_pin
  Path Type:              Hold (Min at Fast Process Corner)
  Requirement:            0.000ns  (sys_clk_pin rise@0.000ns - sys_clk_pin rise@0.000ns)
  Data Path Delay:        0.351ns  (logic 0.183ns (52.101%)  route 0.168ns (47.899%))
  Logic Levels:           1  (LUT3=1)
  Clock Path Skew:        0.000ns (DCD - SCD - CPR)
    Destination Clock Delay (DCD):    2.037ns
    Source Clock Delay      (SCD):    1.519ns
    Clock Pessimism Removal (CPR):    0.517ns

    Location             Delay type                Incr(ns)  Path(ns)    Netlist Resource(s)
  -------------------------------------------------------------------    -------------------
                         (clock sys_clk_pin rise edge)
                                                      0.000     0.000 r  
    E3                                                0.000     0.000 r  clk (IN)
                         net (fo=0)                   0.000     0.000    clk
    E3                   IBUF (Prop_ibuf_I_O)         0.250     0.250 r  clk_IBUF_inst/O
                         net (fo=1, routed)           0.644     0.894    clk_IBUF
    BUFGCTRL_X0Y16       BUFG (Prop_bufg_I_O)         0.026     0.920 r  clk_IBUF_BUFG_inst/O
                         net (fo=22, routed)          0.600     1.519    myvgatimer/xy/CLK
    SLICE_X89Y142        FDRE                                         r  myvgatimer/xy/y_reg[0]/C
  -------------------------------------------------------------------    -------------------
    SLICE_X89Y142        FDRE (Prop_fdre_C_Q)         0.141     1.660 r  myvgatimer/xy/y_reg[0]/Q
                         net (fo=6, routed)           0.168     1.829    myvgatimer/xy/y_reg_n_0_[0]
    SLICE_X89Y142        LUT3 (Prop_lut3_I1_O)        0.042     1.871 r  myvgatimer/xy/y[1]_i_1/O
                         net (fo=1, routed)           0.000     1.871    myvgatimer/xy/p_0_in[1]
    SLICE_X89Y142        FDRE                                         r  myvgatimer/xy/y_reg[1]/D
  -------------------------------------------------------------------    -------------------

                         (clock sys_clk_pin rise edge)
                                                      0.000     0.000 r  
    E3                                                0.000     0.000 r  clk (IN)
                         net (fo=0)                   0.000     0.000    clk
    E3                   IBUF (Prop_ibuf_I_O)         0.438     0.438 r  clk_IBUF_inst/O
                         net (fo=1, routed)           0.699     1.136    clk_IBUF
    BUFGCTRL_X0Y16       BUFG (Prop_bufg_I_O)         0.029     1.165 r  clk_IBUF_BUFG_inst/O
                         net (fo=22, routed)          0.871     2.037    myvgatimer/xy/CLK
    SLICE_X89Y142        FDRE                                         r  myvgatimer/xy/y_reg[1]/C
                         clock pessimism             -0.517     1.519    
    SLICE_X89Y142        FDRE (Hold_fdre_C_D)         0.107     1.626    myvgatimer/xy/y_reg[1]
  -------------------------------------------------------------------
                         required time                         -1.626    
                         arrival time                           1.871    
  -------------------------------------------------------------------
                         slack                                  0.244    

Slack (MET) :             0.254ns  (arrival time - required time)
  Source:                 myvgatimer/xy/x_reg[1]/C
                            (rising edge-triggered cell FDRE clocked by sys_clk_pin  {rise@0.000ns fall@5.000ns period=10.000ns})
  Destination:            myvgatimer/xy/x_reg[3]/D
                            (rising edge-triggered cell FDRE clocked by sys_clk_pin  {rise@0.000ns fall@5.000ns period=10.000ns})
  Path Group:             sys_clk_pin
  Path Type:              Hold (Min at Fast Process Corner)
  Requirement:            0.000ns  (sys_clk_pin rise@0.000ns - sys_clk_pin rise@0.000ns)
  Data Path Delay:        0.361ns  (logic 0.232ns (64.240%)  route 0.129ns (35.760%))
  Logic Levels:           1  (LUT4=1)
  Clock Path Skew:        0.000ns (DCD - SCD - CPR)
    Destination Clock Delay (DCD):    2.037ns
    Source Clock Delay      (SCD):    1.519ns
    Clock Pessimism Removal (CPR):    0.517ns

    Location             Delay type                Incr(ns)  Path(ns)    Netlist Resource(s)
  -------------------------------------------------------------------    -------------------
                         (clock sys_clk_pin rise edge)
                                                      0.000     0.000 r  
    E3                                                0.000     0.000 r  clk (IN)
                         net (fo=0)                   0.000     0.000    clk
    E3                   IBUF (Prop_ibuf_I_O)         0.250     0.250 r  clk_IBUF_inst/O
                         net (fo=1, routed)           0.644     0.894    clk_IBUF
    BUFGCTRL_X0Y16       BUFG (Prop_bufg_I_O)         0.026     0.920 r  clk_IBUF_BUFG_inst/O
                         net (fo=22, routed)          0.600     1.519    myvgatimer/xy/CLK
    SLICE_X89Y141        FDRE                                         r  myvgatimer/xy/x_reg[1]/C
  -------------------------------------------------------------------    -------------------
    SLICE_X89Y141        FDRE (Prop_fdre_C_Q)         0.128     1.647 r  myvgatimer/xy/x_reg[1]/Q
                         net (fo=6, routed)           0.129     1.777    myvgatimer/xy/x_reg_n_0_[1]
    SLICE_X89Y141        LUT4 (Prop_lut4_I2_O)        0.104     1.881 r  myvgatimer/xy/x[3]_i_1/O
                         net (fo=1, routed)           0.000     1.881    myvgatimer/xy/p_0_in__0[3]
    SLICE_X89Y141        FDRE                                         r  myvgatimer/xy/x_reg[3]/D
  -------------------------------------------------------------------    -------------------

                         (clock sys_clk_pin rise edge)
                                                      0.000     0.000 r  
    E3                                                0.000     0.000 r  clk (IN)
                         net (fo=0)                   0.000     0.000    clk
    E3                   IBUF (Prop_ibuf_I_O)         0.438     0.438 r  clk_IBUF_inst/O
                         net (fo=1, routed)           0.699     1.136    clk_IBUF
    BUFGCTRL_X0Y16       BUFG (Prop_bufg_I_O)         0.029     1.165 r  clk_IBUF_BUFG_inst/O
                         net (fo=22, routed)          0.871     2.037    myvgatimer/xy/CLK
    SLICE_X89Y141        FDRE                                         r  myvgatimer/xy/x_reg[3]/C
                         clock pessimism             -0.517     1.519    
    SLICE_X89Y141        FDRE (Hold_fdre_C_D)         0.107     1.626    myvgatimer/xy/x_reg[3]
  -------------------------------------------------------------------
                         required time                         -1.626    
                         arrival time                           1.881    
  -------------------------------------------------------------------
                         slack                                  0.254    

Slack (MET) :             0.257ns  (arrival time - required time)
  Source:                 myvgatimer/xy/x_reg[7]/C
                            (rising edge-triggered cell FDRE clocked by sys_clk_pin  {rise@0.000ns fall@5.000ns period=10.000ns})
  Destination:            myvgatimer/xy/x_reg[8]/D
                            (rising edge-triggered cell FDRE clocked by sys_clk_pin  {rise@0.000ns fall@5.000ns period=10.000ns})
  Path Group:             sys_clk_pin
  Path Type:              Hold (Min at Fast Process Corner)
  Requirement:            0.000ns  (sys_clk_pin rise@0.000ns - sys_clk_pin rise@0.000ns)
  Data Path Delay:        0.394ns  (logic 0.209ns (53.020%)  route 0.185ns (46.980%))
  Logic Levels:           1  (LUT5=1)
  Clock Path Skew:        0.016ns (DCD - SCD - CPR)
    Destination Clock Delay (DCD):    2.037ns
    Source Clock Delay      (SCD):    1.519ns
    Clock Pessimism Removal (CPR):    0.501ns

    Location             Delay type                Incr(ns)  Path(ns)    Netlist Resource(s)
  -------------------------------------------------------------------    -------------------
                         (clock sys_clk_pin rise edge)
                                                      0.000     0.000 r  
    E3                                                0.000     0.000 r  clk (IN)
                         net (fo=0)                   0.000     0.000    clk
    E3                   IBUF (Prop_ibuf_I_O)         0.250     0.250 r  clk_IBUF_inst/O
                         net (fo=1, routed)           0.644     0.894    clk_IBUF
    BUFGCTRL_X0Y16       BUFG (Prop_bufg_I_O)         0.026     0.920 r  clk_IBUF_BUFG_inst/O
                         net (fo=22, routed)          0.600     1.519    myvgatimer/xy/CLK
    SLICE_X88Y142        FDRE                                         r  myvgatimer/xy/x_reg[7]/C
  -------------------------------------------------------------------    -------------------
    SLICE_X88Y142        FDRE (Prop_fdre_C_Q)         0.164     1.683 r  myvgatimer/xy/x_reg[7]/Q
                         net (fo=7, routed)           0.185     1.869    myvgatimer/xy/x_reg_n_0_[7]
    SLICE_X88Y141        LUT5 (Prop_lut5_I0_O)        0.045     1.914 r  myvgatimer/xy/x[8]_i_1/O
                         net (fo=1, routed)           0.000     1.914    myvgatimer/xy/p_0_in__0[8]
    SLICE_X88Y141        FDRE                                         r  myvgatimer/xy/x_reg[8]/D
  -------------------------------------------------------------------    -------------------

                         (clock sys_clk_pin rise edge)
                                                      0.000     0.000 r  
    E3                                                0.000     0.000 r  clk (IN)
                         net (fo=0)                   0.000     0.000    clk
    E3                   IBUF (Prop_ibuf_I_O)         0.438     0.438 r  clk_IBUF_inst/O
                         net (fo=1, routed)           0.699     1.136    clk_IBUF
    BUFGCTRL_X0Y16       BUFG (Prop_bufg_I_O)         0.029     1.165 r  clk_IBUF_BUFG_inst/O
                         net (fo=22, routed)          0.871     2.037    myvgatimer/xy/CLK
    SLICE_X88Y141        FDRE                                         r  myvgatimer/xy/x_reg[8]/C
                         clock pessimism             -0.501     1.535    
    SLICE_X88Y141        FDRE (Hold_fdre_C_D)         0.121     1.656    myvgatimer/xy/x_reg[8]
  -------------------------------------------------------------------
                         required time                         -1.656    
                         arrival time                           1.914    
  -------------------------------------------------------------------
                         slack                                  0.257    

Slack (MET) :             0.259ns  (arrival time - required time)
  Source:                 myvgatimer/xy/y_reg[0]/C
                            (rising edge-triggered cell FDRE clocked by sys_clk_pin  {rise@0.000ns fall@5.000ns period=10.000ns})
  Destination:            myvgatimer/xy/y_reg[4]/D
                            (rising edge-triggered cell FDRE clocked by sys_clk_pin  {rise@0.000ns fall@5.000ns period=10.000ns})
  Path Group:             sys_clk_pin
  Path Type:              Hold (Min at Fast Process Corner)
  Requirement:            0.000ns  (sys_clk_pin rise@0.000ns - sys_clk_pin rise@0.000ns)
  Data Path Delay:        0.351ns  (logic 0.186ns (52.938%)  route 0.165ns (47.062%))
  Logic Levels:           1  (LUT6=1)
  Clock Path Skew:        0.000ns (DCD - SCD - CPR)
    Destination Clock Delay (DCD):    2.037ns
    Source Clock Delay      (SCD):    1.519ns
    Clock Pessimism Removal (CPR):    0.517ns

    Location             Delay type                Incr(ns)  Path(ns)    Netlist Resource(s)
  -------------------------------------------------------------------    -------------------
                         (clock sys_clk_pin rise edge)
                                                      0.000     0.000 r  
    E3                                                0.000     0.000 r  clk (IN)
                         net (fo=0)                   0.000     0.000    clk
    E3                   IBUF (Prop_ibuf_I_O)         0.250     0.250 r  clk_IBUF_inst/O
                         net (fo=1, routed)           0.644     0.894    clk_IBUF
    BUFGCTRL_X0Y16       BUFG (Prop_bufg_I_O)         0.026     0.920 r  clk_IBUF_BUFG_inst/O
                         net (fo=22, routed)          0.600     1.519    myvgatimer/xy/CLK
    SLICE_X89Y142        FDRE                                         r  myvgatimer/xy/y_reg[0]/C
  -------------------------------------------------------------------    -------------------
    SLICE_X89Y142        FDRE (Prop_fdre_C_Q)         0.141     1.660 r  myvgatimer/xy/y_reg[0]/Q
                         net (fo=6, routed)           0.165     1.826    myvgatimer/xy/y_reg_n_0_[0]
    SLICE_X89Y142        LUT6 (Prop_lut6_I3_O)        0.045     1.871 r  myvgatimer/xy/y[4]_i_1/O
                         net (fo=1, routed)           0.000     1.871    myvgatimer/xy/p_0_in[4]
    SLICE_X89Y142        FDRE                                         r  myvgatimer/xy/y_reg[4]/D
  -------------------------------------------------------------------    -------------------

                         (clock sys_clk_pin rise edge)
                                                      0.000     0.000 r  
    E3                                                0.000     0.000 r  clk (IN)
                         net (fo=0)                   0.000     0.000    clk
    E3                   IBUF (Prop_ibuf_I_O)         0.438     0.438 r  clk_IBUF_inst/O
                         net (fo=1, routed)           0.699     1.136    clk_IBUF
    BUFGCTRL_X0Y16       BUFG (Prop_bufg_I_O)         0.029     1.165 r  clk_IBUF_BUFG_inst/O
                         net (fo=22, routed)          0.871     2.037    myvgatimer/xy/CLK
    SLICE_X89Y142        FDRE                                         r  myvgatimer/xy/y_reg[4]/C
                         clock pessimism             -0.517     1.519    
    SLICE_X89Y142        FDRE (Hold_fdre_C_D)         0.092     1.611    myvgatimer/xy/y_reg[4]
  -------------------------------------------------------------------
                         required time                         -1.611    
                         arrival time                           1.871    
  -------------------------------------------------------------------
                         slack                                  0.259    

Slack (MET) :             0.263ns  (arrival time - required time)
  Source:                 myvgatimer/xy/x_reg[1]/C
                            (rising edge-triggered cell FDRE clocked by sys_clk_pin  {rise@0.000ns fall@5.000ns period=10.000ns})
  Destination:            myvgatimer/xy/x_reg[2]/D
                            (rising edge-triggered cell FDRE clocked by sys_clk_pin  {rise@0.000ns fall@5.000ns period=10.000ns})
  Path Group:             sys_clk_pin
  Path Type:              Hold (Min at Fast Process Corner)
  Requirement:            0.000ns  (sys_clk_pin rise@0.000ns - sys_clk_pin rise@0.000ns)
  Data Path Delay:        0.355ns  (logic 0.226ns (63.636%)  route 0.129ns (36.364%))
  Logic Levels:           1  (LUT3=1)
  Clock Path Skew:        0.000ns (DCD - SCD - CPR)
    Destination Clock Delay (DCD):    2.037ns
    Source Clock Delay      (SCD):    1.519ns
    Clock Pessimism Removal (CPR):    0.517ns

    Location             Delay type                Incr(ns)  Path(ns)    Netlist Resource(s)
  -------------------------------------------------------------------    -------------------
                         (clock sys_clk_pin rise edge)
                                                      0.000     0.000 r  
    E3                                                0.000     0.000 r  clk (IN)
                         net (fo=0)                   0.000     0.000    clk
    E3                   IBUF (Prop_ibuf_I_O)         0.250     0.250 r  clk_IBUF_inst/O
                         net (fo=1, routed)           0.644     0.894    clk_IBUF
    BUFGCTRL_X0Y16       BUFG (Prop_bufg_I_O)         0.026     0.920 r  clk_IBUF_BUFG_inst/O
                         net (fo=22, routed)          0.600     1.519    myvgatimer/xy/CLK
    SLICE_X89Y141        FDRE                                         r  myvgatimer/xy/x_reg[1]/C
  -------------------------------------------------------------------    -------------------
    SLICE_X89Y141        FDRE (Prop_fdre_C_Q)         0.128     1.647 r  myvgatimer/xy/x_reg[1]/Q
                         net (fo=6, routed)           0.129     1.777    myvgatimer/xy/x_reg_n_0_[1]
    SLICE_X89Y141        LUT3 (Prop_lut3_I0_O)        0.098     1.875 r  myvgatimer/xy/x[2]_i_1/O
                         net (fo=1, routed)           0.000     1.875    myvgatimer/xy/p_0_in__0[2]
    SLICE_X89Y141        FDRE                                         r  myvgatimer/xy/x_reg[2]/D
  -------------------------------------------------------------------    -------------------

                         (clock sys_clk_pin rise edge)
                                                      0.000     0.000 r  
    E3                                                0.000     0.000 r  clk (IN)
                         net (fo=0)                   0.000     0.000    clk
    E3                   IBUF (Prop_ibuf_I_O)         0.438     0.438 r  clk_IBUF_inst/O
                         net (fo=1, routed)           0.699     1.136    clk_IBUF
    BUFGCTRL_X0Y16       BUFG (Prop_bufg_I_O)         0.029     1.165 r  clk_IBUF_BUFG_inst/O
                         net (fo=22, routed)          0.871     2.037    myvgatimer/xy/CLK
    SLICE_X89Y141        FDRE                                         r  myvgatimer/xy/x_reg[2]/C
                         clock pessimism             -0.517     1.519    
    SLICE_X89Y141        FDRE (Hold_fdre_C_D)         0.092     1.611    myvgatimer/xy/x_reg[2]
  -------------------------------------------------------------------
                         required time                         -1.611    
                         arrival time                           1.875    
  -------------------------------------------------------------------
                         slack                                  0.263    

Slack (MET) :             0.263ns  (arrival time - required time)
  Source:                 myvgatimer/xy/y_reg[0]/C
                            (rising edge-triggered cell FDRE clocked by sys_clk_pin  {rise@0.000ns fall@5.000ns period=10.000ns})
  Destination:            myvgatimer/xy/y_reg[0]/D
                            (rising edge-triggered cell FDRE clocked by sys_clk_pin  {rise@0.000ns fall@5.000ns period=10.000ns})
  Path Group:             sys_clk_pin
  Path Type:              Hold (Min at Fast Process Corner)
  Requirement:            0.000ns  (sys_clk_pin rise@0.000ns - sys_clk_pin rise@0.000ns)
  Data Path Delay:        0.354ns  (logic 0.186ns (52.507%)  route 0.168ns (47.493%))
  Logic Levels:           1  (LUT2=1)
  Clock Path Skew:        0.000ns (DCD - SCD - CPR)
    Destination Clock Delay (DCD):    2.037ns
    Source Clock Delay      (SCD):    1.519ns
    Clock Pessimism Removal (CPR):    0.517ns

    Location             Delay type                Incr(ns)  Path(ns)    Netlist Resource(s)
  -------------------------------------------------------------------    -------------------
                         (clock sys_clk_pin rise edge)
                                                      0.000     0.000 r  
    E3                                                0.000     0.000 r  clk (IN)
                         net (fo=0)                   0.000     0.000    clk
    E3                   IBUF (Prop_ibuf_I_O)         0.250     0.250 r  clk_IBUF_inst/O
                         net (fo=1, routed)           0.644     0.894    clk_IBUF
    BUFGCTRL_X0Y16       BUFG (Prop_bufg_I_O)         0.026     0.920 r  clk_IBUF_BUFG_inst/O
                         net (fo=22, routed)          0.600     1.519    myvgatimer/xy/CLK
    SLICE_X89Y142        FDRE                                         r  myvgatimer/xy/y_reg[0]/C
  -------------------------------------------------------------------    -------------------
    SLICE_X89Y142        FDRE (Prop_fdre_C_Q)         0.141     1.660 f  myvgatimer/xy/y_reg[0]/Q
                         net (fo=6, routed)           0.168     1.829    myvgatimer/xy/y_reg_n_0_[0]
    SLICE_X89Y142        LUT2 (Prop_lut2_I1_O)        0.045     1.874 r  myvgatimer/xy/y[0]_i_1/O
                         net (fo=1, routed)           0.000     1.874    myvgatimer/xy/p_0_in[0]
    SLICE_X89Y142        FDRE                                         r  myvgatimer/xy/y_reg[0]/D
  -------------------------------------------------------------------    -------------------

                         (clock sys_clk_pin rise edge)
                                                      0.000     0.000 r  
    E3                                                0.000     0.000 r  clk (IN)
                         net (fo=0)                   0.000     0.000    clk
    E3                   IBUF (Prop_ibuf_I_O)         0.438     0.438 r  clk_IBUF_inst/O
                         net (fo=1, routed)           0.699     1.136    clk_IBUF
    BUFGCTRL_X0Y16       BUFG (Prop_bufg_I_O)         0.029     1.165 r  clk_IBUF_BUFG_inst/O
                         net (fo=22, routed)          0.871     2.037    myvgatimer/xy/CLK
    SLICE_X89Y142        FDRE                                         r  myvgatimer/xy/y_reg[0]/C
                         clock pessimism             -0.517     1.519    
    SLICE_X89Y142        FDRE (Hold_fdre_C_D)         0.091     1.610    myvgatimer/xy/y_reg[0]
  -------------------------------------------------------------------
                         required time                         -1.610    
                         arrival time                           1.874    
  -------------------------------------------------------------------
                         slack                                  0.263    





Pulse Width Checks
--------------------------------------------------------------------------------------
Clock Name:         sys_clk_pin
Waveform(ns):       { 0.000 5.000 }
Period(ns):         10.000
Sources:            { clk }

Check Type        Corner  Lib Pin  Reference Pin  Required(ns)  Actual(ns)  Slack(ns)  Location        Pin
Min Period        n/a     BUFG/I   n/a            2.155         10.000      7.845      BUFGCTRL_X0Y16  clk_IBUF_BUFG_inst/I
Min Period        n/a     FDRE/C   n/a            1.000         10.000      9.000      SLICE_X86Y142   myvgatimer/clk_count_reg[0]/C
Min Period        n/a     FDRE/C   n/a            1.000         10.000      9.000      SLICE_X86Y142   myvgatimer/clk_count_reg[1]/C
Min Period        n/a     FDRE/C   n/a            1.000         10.000      9.000      SLICE_X89Y141   myvgatimer/xy/x_reg[0]/C
Min Period        n/a     FDRE/C   n/a            1.000         10.000      9.000      SLICE_X89Y141   myvgatimer/xy/x_reg[1]/C
Min Period        n/a     FDRE/C   n/a            1.000         10.000      9.000      SLICE_X89Y141   myvgatimer/xy/x_reg[2]/C
Min Period        n/a     FDRE/C   n/a            1.000         10.000      9.000      SLICE_X89Y141   myvgatimer/xy/x_reg[3]/C
Min Period        n/a     FDRE/C   n/a            1.000         10.000      9.000      SLICE_X88Y141   myvgatimer/xy/x_reg[4]/C
Min Period        n/a     FDRE/C   n/a            1.000         10.000      9.000      SLICE_X88Y141   myvgatimer/xy/x_reg[5]/C
Min Period        n/a     FDRE/C   n/a            1.000         10.000      9.000      SLICE_X88Y141   myvgatimer/xy/x_reg[6]/C
Low Pulse Width   Fast    FDRE/C   n/a            0.500         5.000       4.500      SLICE_X86Y142   myvgatimer/clk_count_reg[0]/C
Low Pulse Width   Fast    FDRE/C   n/a            0.500         5.000       4.500      SLICE_X86Y142   myvgatimer/clk_count_reg[1]/C
Low Pulse Width   Fast    FDRE/C   n/a            0.500         5.000       4.500      SLICE_X89Y141   myvgatimer/xy/x_reg[0]/C
Low Pulse Width   Fast    FDRE/C   n/a            0.500         5.000       4.500      SLICE_X89Y141   myvgatimer/xy/x_reg[1]/C
Low Pulse Width   Fast    FDRE/C   n/a            0.500         5.000       4.500      SLICE_X89Y141   myvgatimer/xy/x_reg[2]/C
Low Pulse Width   Fast    FDRE/C   n/a            0.500         5.000       4.500      SLICE_X89Y141   myvgatimer/xy/x_reg[3]/C
Low Pulse Width   Fast    FDRE/C   n/a            0.500         5.000       4.500      SLICE_X88Y141   myvgatimer/xy/x_reg[4]/C
Low Pulse Width   Fast    FDRE/C   n/a            0.500         5.000       4.500      SLICE_X88Y141   myvgatimer/xy/x_reg[5]/C
Low Pulse Width   Fast    FDRE/C   n/a            0.500         5.000       4.500      SLICE_X88Y141   myvgatimer/xy/x_reg[6]/C
Low Pulse Width   Fast    FDRE/C   n/a            0.500         5.000       4.500      SLICE_X88Y142   myvgatimer/xy/x_reg[7]/C
High Pulse Width  Slow    FDRE/C   n/a            0.500         5.000       4.500      SLICE_X86Y142   myvgatimer/clk_count_reg[0]/C
High Pulse Width  Slow    FDRE/C   n/a            0.500         5.000       4.500      SLICE_X86Y142   myvgatimer/clk_count_reg[1]/C
High Pulse Width  Slow    FDRE/C   n/a            0.500         5.000       4.500      SLICE_X89Y141   myvgatimer/xy/x_reg[0]/C
High Pulse Width  Slow    FDRE/C   n/a            0.500         5.000       4.500      SLICE_X89Y141   myvgatimer/xy/x_reg[1]/C
High Pulse Width  Slow    FDRE/C   n/a            0.500         5.000       4.500      SLICE_X89Y141   myvgatimer/xy/x_reg[2]/C
High Pulse Width  Slow    FDRE/C   n/a            0.500         5.000       4.500      SLICE_X89Y141   myvgatimer/xy/x_reg[3]/C
High Pulse Width  Slow    FDRE/C   n/a            0.500         5.000       4.500      SLICE_X88Y141   myvgatimer/xy/x_reg[4]/C
High Pulse Width  Slow    FDRE/C   n/a            0.500         5.000       4.500      SLICE_X88Y141   myvgatimer/xy/x_reg[5]/C
High Pulse Width  Slow    FDRE/C   n/a            0.500         5.000       4.500      SLICE_X88Y141   myvgatimer/xy/x_reg[6]/C
High Pulse Width  Slow    FDRE/C   n/a            0.500         5.000       4.500      SLICE_X88Y142   myvgatimer/xy/x_reg[7]/C



