Copyright 1986-2018 Xilinx, Inc. All Rights Reserved.
---------------------------------------------------------------------------------------------
| Tool Version : Vivado v.2018.3 (win64) Build 2405991 Thu Dec  6 23:38:27 MST 2018
| Date         : Fri Feb  7 14:57:28 2020
| Host         : lkeilly-pc running 64-bit major release  (build 9200)
| Command      : report_control_sets -verbose -file vgadisplaydriver_control_sets_placed.rpt
| Design       : vgadisplaydriver
| Device       : xc7a100t
---------------------------------------------------------------------------------------------

Control Set Information

Table of Contents
-----------------
1. Summary
2. Histogram
3. Flip-Flop Distribution
4. Detailed Control Set Information

1. Summary
----------

+----------------------------------------------------------+-------+
|                          Status                          | Count |
+----------------------------------------------------------+-------+
| Number of unique control sets                            |     3 |
| Unused register locations in slices containing registers |    18 |
+----------------------------------------------------------+-------+


2. Histogram
------------

+--------+--------------+
| Fanout | Control Sets |
+--------+--------------+
|      2 |            1 |
|     10 |            2 |
+--------+--------------+


3. Flip-Flop Distribution
-------------------------

+--------------+-----------------------+------------------------+-----------------+--------------+
| Clock Enable | Synchronous Set/Reset | Asynchronous Set/Reset | Total Registers | Total Slices |
+--------------+-----------------------+------------------------+-----------------+--------------+
| No           | No                    | No                     |               2 |            1 |
| No           | No                    | Yes                    |               0 |            0 |
| No           | Yes                   | No                     |               0 |            0 |
| Yes          | No                    | No                     |              10 |            3 |
| Yes          | No                    | Yes                    |               0 |            0 |
| Yes          | Yes                   | No                     |              10 |            3 |
+--------------+-----------------------+------------------------+-----------------+--------------+


4. Detailed Control Set Information
-----------------------------------

+----------------+----------------------------+----------------------------+------------------+----------------+
|  Clock Signal  |        Enable Signal       |      Set/Reset Signal      | Slice Load Count | Bel Load Count |
+----------------+----------------------------+----------------------------+------------------+----------------+
|  clk_IBUF_BUFG |                            |                            |                1 |              2 |
|  clk_IBUF_BUFG | myvgatimer/xy/x[9]_i_1_n_0 | myvgatimer/xy/y[9]_i_1_n_0 |                3 |             10 |
|  clk_IBUF_BUFG | myvgatimer/xy/y[9]_i_1_n_0 |                            |                3 |             10 |
+----------------+----------------------------+----------------------------+------------------+----------------+


