
*** Running vivado
    with args -log hexcounterdisplay.vds -m64 -product Vivado -mode batch -messageDb vivado.pb -notrace -source hexcounterdisplay.tcl


****** Vivado v2018.3 (64-bit)
  **** SW Build 2405991 on Thu Dec  6 23:38:27 MST 2018
  **** IP Build 2404404 on Fri Dec  7 01:43:56 MST 2018
    ** Copyright 1986-2018 Xilinx, Inc. All Rights Reserved.

source hexcounterdisplay.tcl -notrace
Command: synth_design -top hexcounterdisplay -part xc7a100tcsg324-1
Starting synth_design
Attempting to get a license for feature 'Synthesis' and/or device 'xc7a100t'
INFO: [Common 17-349] Got license for feature 'Synthesis' and/or device 'xc7a100t'
INFO: Launching helper process for spawning children vivado processes
INFO: Helper process launched with PID 9288 
---------------------------------------------------------------------------------
Starting RTL Elaboration : Time (s): cpu = 00:00:03 ; elapsed = 00:00:03 . Memory (MB): peak = 341.934 ; gain = 80.129
---------------------------------------------------------------------------------
INFO: [Synth 8-6157] synthesizing module 'hexcounterdisplay' [C:/Users/lkeilly/Desktop/UNC stuff/Spring2020/COMP541/Labs/projects/lab3B/lab3B.srcs/sources_1/new/hexcounterdisplay.sv:23]
INFO: [Synth 8-6157] synthesizing module 'counter1second' [C:/Users/lkeilly/Desktop/UNC stuff/Spring2020/COMP541/Labs/projects/lab3B/lab3B.srcs/sources_1/new/counter1second.sv:25]
INFO: [Synth 8-6155] done synthesizing module 'counter1second' (1#1) [C:/Users/lkeilly/Desktop/UNC stuff/Spring2020/COMP541/Labs/projects/lab3B/lab3B.srcs/sources_1/new/counter1second.sv:25]
INFO: [Synth 8-6157] synthesizing module 'hexto7seg' [C:/Users/lkeilly/Desktop/UNC stuff/Spring2020/COMP541/Labs/projects/lab3B/lab3B.srcs/sources_1/new/hexto7seg.sv:9]
INFO: [Synth 8-6155] done synthesizing module 'hexto7seg' (2#1) [C:/Users/lkeilly/Desktop/UNC stuff/Spring2020/COMP541/Labs/projects/lab3B/lab3B.srcs/sources_1/new/hexto7seg.sv:9]
INFO: [Synth 8-6155] done synthesizing module 'hexcounterdisplay' (3#1) [C:/Users/lkeilly/Desktop/UNC stuff/Spring2020/COMP541/Labs/projects/lab3B/lab3B.srcs/sources_1/new/hexcounterdisplay.sv:23]
WARNING: [Synth 8-3917] design hexcounterdisplay has port digitselect[7] driven by constant 1
WARNING: [Synth 8-3917] design hexcounterdisplay has port digitselect[6] driven by constant 1
WARNING: [Synth 8-3917] design hexcounterdisplay has port digitselect[5] driven by constant 1
WARNING: [Synth 8-3917] design hexcounterdisplay has port digitselect[4] driven by constant 1
WARNING: [Synth 8-3917] design hexcounterdisplay has port digitselect[3] driven by constant 1
WARNING: [Synth 8-3917] design hexcounterdisplay has port digitselect[2] driven by constant 1
WARNING: [Synth 8-3917] design hexcounterdisplay has port digitselect[1] driven by constant 1
WARNING: [Synth 8-3917] design hexcounterdisplay has port digitselect[0] driven by constant 0
---------------------------------------------------------------------------------
Finished RTL Elaboration : Time (s): cpu = 00:00:03 ; elapsed = 00:00:03 . Memory (MB): peak = 397.754 ; gain = 135.949
---------------------------------------------------------------------------------

Report Check Netlist: 
+------+------------------+-------+---------+-------+------------------+
|      |Item              |Errors |Warnings |Status |Description       |
+------+------------------+-------+---------+-------+------------------+
|1     |multi_driven_nets |      0|        0|Passed |Multi driven nets |
+------+------------------+-------+---------+-------+------------------+
---------------------------------------------------------------------------------
Start Handling Custom Attributes
---------------------------------------------------------------------------------
---------------------------------------------------------------------------------
Finished Handling Custom Attributes : Time (s): cpu = 00:00:03 ; elapsed = 00:00:04 . Memory (MB): peak = 397.754 ; gain = 135.949
---------------------------------------------------------------------------------
---------------------------------------------------------------------------------
Finished RTL Optimization Phase 1 : Time (s): cpu = 00:00:03 ; elapsed = 00:00:04 . Memory (MB): peak = 397.754 ; gain = 135.949
---------------------------------------------------------------------------------
INFO: [Device 21-403] Loading part xc7a100tcsg324-1
INFO: [Project 1-570] Preparing netlist for logic optimization

Processing XDC Constraints
Initializing timing engine
Parsing XDC File [C:/Users/lkeilly/Desktop/UNC stuff/Spring2020/COMP541/Labs/projects/lab3B/lab3B.srcs/constrs_1/new/segdisplay.xdc]
Finished Parsing XDC File [C:/Users/lkeilly/Desktop/UNC stuff/Spring2020/COMP541/Labs/projects/lab3B/lab3B.srcs/constrs_1/new/segdisplay.xdc]
INFO: [Project 1-236] Implementation specific constraints were found while reading constraint file [C:/Users/lkeilly/Desktop/UNC stuff/Spring2020/COMP541/Labs/projects/lab3B/lab3B.srcs/constrs_1/new/segdisplay.xdc]. These constraints will be ignored for synthesis but will be used in implementation. Impacted constraints are listed in the file [.Xil/hexcounterdisplay_propImpl.xdc].
Resolution: To avoid this warning, move constraints listed in [.Xil/hexcounterdisplay_propImpl.xdc] to another XDC file and exclude this new file from synthesis with the used_in_synthesis property (File Properties dialog in GUI) and re-run elaboration/synthesis.
Parsing XDC File [C:/Users/lkeilly/Desktop/UNC stuff/Spring2020/COMP541/Labs/projects/lab3B/lab3B.srcs/constrs_1/new/clock.xdc]
Finished Parsing XDC File [C:/Users/lkeilly/Desktop/UNC stuff/Spring2020/COMP541/Labs/projects/lab3B/lab3B.srcs/constrs_1/new/clock.xdc]
INFO: [Project 1-236] Implementation specific constraints were found while reading constraint file [C:/Users/lkeilly/Desktop/UNC stuff/Spring2020/COMP541/Labs/projects/lab3B/lab3B.srcs/constrs_1/new/clock.xdc]. These constraints will be ignored for synthesis but will be used in implementation. Impacted constraints are listed in the file [.Xil/hexcounterdisplay_propImpl.xdc].
Resolution: To avoid this warning, move constraints listed in [.Xil/hexcounterdisplay_propImpl.xdc] to another XDC file and exclude this new file from synthesis with the used_in_synthesis property (File Properties dialog in GUI) and re-run elaboration/synthesis.
Netlist sorting complete. Time (s): cpu = 00:00:00 ; elapsed = 00:00:00 . Memory (MB): peak = 727.375 ; gain = 0.000
Completed Processing XDC Constraints

Netlist sorting complete. Time (s): cpu = 00:00:00 ; elapsed = 00:00:00 . Memory (MB): peak = 727.375 ; gain = 0.000
INFO: [Project 1-111] Unisim Transformation Summary:
No Unisim elements were transformed.

Netlist sorting complete. Time (s): cpu = 00:00:00 ; elapsed = 00:00:00 . Memory (MB): peak = 727.375 ; gain = 0.000
Constraint Validation Runtime : Time (s): cpu = 00:00:00 ; elapsed = 00:00:00.002 . Memory (MB): peak = 727.375 ; gain = 0.000
---------------------------------------------------------------------------------
Finished Constraint Validation : Time (s): cpu = 00:00:11 ; elapsed = 00:00:13 . Memory (MB): peak = 727.375 ; gain = 465.570
---------------------------------------------------------------------------------
---------------------------------------------------------------------------------
Start Loading Part and Timing Information
---------------------------------------------------------------------------------
Loading part: xc7a100tcsg324-1
---------------------------------------------------------------------------------
Finished Loading Part and Timing Information : Time (s): cpu = 00:00:11 ; elapsed = 00:00:13 . Memory (MB): peak = 727.375 ; gain = 465.570
---------------------------------------------------------------------------------
---------------------------------------------------------------------------------
Start Applying 'set_property' XDC Constraints
---------------------------------------------------------------------------------
---------------------------------------------------------------------------------
Finished applying 'set_property' XDC Constraints : Time (s): cpu = 00:00:11 ; elapsed = 00:00:13 . Memory (MB): peak = 727.375 ; gain = 465.570
---------------------------------------------------------------------------------
---------------------------------------------------------------------------------
Finished RTL Optimization Phase 2 : Time (s): cpu = 00:00:12 ; elapsed = 00:00:13 . Memory (MB): peak = 727.375 ; gain = 465.570
---------------------------------------------------------------------------------

Report RTL Partitions: 
+-+--------------+------------+----------+
| |RTL Partition |Replication |Instances |
+-+--------------+------------+----------+
+-+--------------+------------+----------+
---------------------------------------------------------------------------------
Start RTL Component Statistics 
---------------------------------------------------------------------------------
Detailed RTL Component Info : 
---------------------------------------------------------------------------------
Finished RTL Component Statistics 
---------------------------------------------------------------------------------
---------------------------------------------------------------------------------
Start RTL Hierarchical Component Statistics 
---------------------------------------------------------------------------------
Hierarchical RTL Component report 
---------------------------------------------------------------------------------
Finished RTL Hierarchical Component Statistics
---------------------------------------------------------------------------------
---------------------------------------------------------------------------------
Start Part Resource Summary
---------------------------------------------------------------------------------
Part Resources:
DSPs: 240 (col length:80)
BRAMs: 270 (col length: RAMB18 80 RAMB36 40)
---------------------------------------------------------------------------------
Finished Part Resource Summary
---------------------------------------------------------------------------------
---------------------------------------------------------------------------------
Start Cross Boundary and Area Optimization
---------------------------------------------------------------------------------
Warning: Parallel synthesis criteria is not met 
INFO: [Synth 8-5544] ROM "p_0_out" won't be mapped to Block RAM because address size (4) smaller than threshold (5)
WARNING: [Synth 8-3917] design hexcounterdisplay has port digitselect[7] driven by constant 1
WARNING: [Synth 8-3917] design hexcounterdisplay has port digitselect[6] driven by constant 1
WARNING: [Synth 8-3917] design hexcounterdisplay has port digitselect[5] driven by constant 1
WARNING: [Synth 8-3917] design hexcounterdisplay has port digitselect[4] driven by constant 1
WARNING: [Synth 8-3917] design hexcounterdisplay has port digitselect[3] driven by constant 1
WARNING: [Synth 8-3917] design hexcounterdisplay has port digitselect[2] driven by constant 1
WARNING: [Synth 8-3917] design hexcounterdisplay has port digitselect[1] driven by constant 1
WARNING: [Synth 8-3917] design hexcounterdisplay has port digitselect[0] driven by constant 0
---------------------------------------------------------------------------------
Finished Cross Boundary and Area Optimization : Time (s): cpu = 00:00:12 ; elapsed = 00:00:13 . Memory (MB): peak = 727.375 ; gain = 465.570
---------------------------------------------------------------------------------

Report RTL Partitions: 
+-+--------------+------------+----------+
| |RTL Partition |Replication |Instances |
+-+--------------+------------+----------+
+-+--------------+------------+----------+
---------------------------------------------------------------------------------
Start Applying XDC Timing Constraints
---------------------------------------------------------------------------------
---------------------------------------------------------------------------------
Finished Applying XDC Timing Constraints : Time (s): cpu = 00:00:20 ; elapsed = 00:00:22 . Memory (MB): peak = 731.750 ; gain = 469.945
---------------------------------------------------------------------------------
---------------------------------------------------------------------------------
Start Timing Optimization
---------------------------------------------------------------------------------
---------------------------------------------------------------------------------
Finished Timing Optimization : Time (s): cpu = 00:00:20 ; elapsed = 00:00:22 . Memory (MB): peak = 741.426 ; gain = 479.621
---------------------------------------------------------------------------------

Report RTL Partitions: 
+-+--------------+------------+----------+
| |RTL Partition |Replication |Instances |
+-+--------------+------------+----------+
+-+--------------+------------+----------+
---------------------------------------------------------------------------------
Start Technology Mapping
---------------------------------------------------------------------------------
---------------------------------------------------------------------------------
Finished Technology Mapping : Time (s): cpu = 00:00:20 ; elapsed = 00:00:22 . Memory (MB): peak = 741.930 ; gain = 480.125
---------------------------------------------------------------------------------

Report RTL Partitions: 
+-+--------------+------------+----------+
| |RTL Partition |Replication |Instances |
+-+--------------+------------+----------+
+-+--------------+------------+----------+
---------------------------------------------------------------------------------
Start IO Insertion
---------------------------------------------------------------------------------
---------------------------------------------------------------------------------
Start Flattening Before IO Insertion
---------------------------------------------------------------------------------
---------------------------------------------------------------------------------
Finished Flattening Before IO Insertion
---------------------------------------------------------------------------------
---------------------------------------------------------------------------------
Start Final Netlist Cleanup
---------------------------------------------------------------------------------
---------------------------------------------------------------------------------
Finished Final Netlist Cleanup
---------------------------------------------------------------------------------
---------------------------------------------------------------------------------
Finished IO Insertion : Time (s): cpu = 00:00:21 ; elapsed = 00:00:23 . Memory (MB): peak = 741.930 ; gain = 480.125
---------------------------------------------------------------------------------

Report Check Netlist: 
+------+------------------+-------+---------+-------+------------------+
|      |Item              |Errors |Warnings |Status |Description       |
+------+------------------+-------+---------+-------+------------------+
|1     |multi_driven_nets |      0|        0|Passed |Multi driven nets |
+------+------------------+-------+---------+-------+------------------+
---------------------------------------------------------------------------------
Start Renaming Generated Instances
---------------------------------------------------------------------------------
---------------------------------------------------------------------------------
Finished Renaming Generated Instances : Time (s): cpu = 00:00:21 ; elapsed = 00:00:23 . Memory (MB): peak = 741.930 ; gain = 480.125
---------------------------------------------------------------------------------

Report RTL Partitions: 
+-+--------------+------------+----------+
| |RTL Partition |Replication |Instances |
+-+--------------+------------+----------+
+-+--------------+------------+----------+
---------------------------------------------------------------------------------
Start Rebuilding User Hierarchy
---------------------------------------------------------------------------------
---------------------------------------------------------------------------------
Finished Rebuilding User Hierarchy : Time (s): cpu = 00:00:21 ; elapsed = 00:00:23 . Memory (MB): peak = 741.930 ; gain = 480.125
---------------------------------------------------------------------------------
---------------------------------------------------------------------------------
Start Renaming Generated Ports
---------------------------------------------------------------------------------
---------------------------------------------------------------------------------
Finished Renaming Generated Ports : Time (s): cpu = 00:00:21 ; elapsed = 00:00:23 . Memory (MB): peak = 741.930 ; gain = 480.125
---------------------------------------------------------------------------------
---------------------------------------------------------------------------------
Start Handling Custom Attributes
---------------------------------------------------------------------------------
---------------------------------------------------------------------------------
Finished Handling Custom Attributes : Time (s): cpu = 00:00:21 ; elapsed = 00:00:23 . Memory (MB): peak = 741.930 ; gain = 480.125
---------------------------------------------------------------------------------
---------------------------------------------------------------------------------
Start Renaming Generated Nets
---------------------------------------------------------------------------------
---------------------------------------------------------------------------------
Finished Renaming Generated Nets : Time (s): cpu = 00:00:21 ; elapsed = 00:00:23 . Memory (MB): peak = 741.930 ; gain = 480.125
---------------------------------------------------------------------------------
---------------------------------------------------------------------------------
Start Writing Synthesis Report
---------------------------------------------------------------------------------

Report BlackBoxes: 
+-+--------------+----------+
| |BlackBox name |Instances |
+-+--------------+----------+
+-+--------------+----------+

Report Cell Usage: 
+------+-------+------+
|      |Cell   |Count |
+------+-------+------+
|1     |BUFG   |     1|
|2     |CARRY4 |     8|
|3     |LUT1   |     1|
|4     |LUT4   |     7|
|5     |FDRE   |    30|
|6     |IBUF   |     1|
|7     |OBUF   |    16|
+------+-------+------+

Report Instance Areas: 
+------+---------+---------------+------+
|      |Instance |Module         |Cells |
+------+---------+---------------+------+
|1     |top      |               |    64|
|2     |  c1c    |counter1second |    39|
|3     |  hx     |hexto7seg      |     7|
+------+---------+---------------+------+
---------------------------------------------------------------------------------
Finished Writing Synthesis Report : Time (s): cpu = 00:00:21 ; elapsed = 00:00:23 . Memory (MB): peak = 741.930 ; gain = 480.125
---------------------------------------------------------------------------------
Synthesis finished with 0 errors, 0 critical warnings and 8 warnings.
Synthesis Optimization Runtime : Time (s): cpu = 00:00:13 ; elapsed = 00:00:17 . Memory (MB): peak = 741.930 ; gain = 150.504
Synthesis Optimization Complete : Time (s): cpu = 00:00:22 ; elapsed = 00:00:23 . Memory (MB): peak = 741.930 ; gain = 480.125
INFO: [Project 1-571] Translating synthesized netlist
INFO: [Netlist 29-17] Analyzing 8 Unisim elements for replacement
INFO: [Netlist 29-28] Unisim Transformation completed in 0 CPU seconds
INFO: [Project 1-570] Preparing netlist for logic optimization
INFO: [Opt 31-138] Pushed 0 inverter(s) to 0 load pin(s).
Netlist sorting complete. Time (s): cpu = 00:00:00 ; elapsed = 00:00:00 . Memory (MB): peak = 752.797 ; gain = 0.000
INFO: [Project 1-111] Unisim Transformation Summary:
No Unisim elements were transformed.

INFO: [Common 17-83] Releasing license: Synthesis
20 Infos, 16 Warnings, 0 Critical Warnings and 0 Errors encountered.
synth_design completed successfully
synth_design: Time (s): cpu = 00:00:24 ; elapsed = 00:00:25 . Memory (MB): peak = 752.797 ; gain = 490.992
Netlist sorting complete. Time (s): cpu = 00:00:00 ; elapsed = 00:00:00 . Memory (MB): peak = 752.797 ; gain = 0.000
WARNING: [Constraints 18-5210] No constraints selected for write.
Resolution: This message can indicate that there are no constraints for the design, or it can indicate that the used_in flags are set such that the constraints are ignored. This later case is used when running synth_design to not write synthesis constraints to the resulting checkpoint. Instead, project constraints are read when the synthesized design is opened.
INFO: [Common 17-1381] The checkpoint 'C:/Users/lkeilly/Desktop/UNC stuff/Spring2020/COMP541/Labs/projects/lab3B/lab3B.runs/synth_1/hexcounterdisplay.dcp' has been generated.
INFO: [runtcl-4] Executing : report_utilization -file hexcounterdisplay_utilization_synth.rpt -pb hexcounterdisplay_utilization_synth.pb
INFO: [Common 17-206] Exiting Vivado at Mon Feb  3 17:43:03 2020...
